Entering interactive generation of plots ...
GBW-file   : mo.gbw

 ... the gbw file was succesfully read
 ... the orbital plot files will be in binary format
 ... the output filenames are Ph-N2+-B3LYPG-aug-cc-pVDZ-scan-d09-49-n400.moxy.plt
     (x=no of the MO y='a' for op=0 and b` for op=1
 ... an XYZ-file has been saved for gOpenMol

       !!!!!!!!!!!!!!!!!!!!!!!!!!!!!!!!!!!!!!!!!!!!!!!!!!!!!!!!!!
       ===>>> Number of available orbitals : 229
       ===>>> Number of operators          : 1
       !!!!!!!!!!!!!!!!!!!!!!!!!!!!!!!!!!!!!!!!!!!!!!!!!!!!!!!!!!
Current-settings:

PlotType       ... MO-PLOT
MO/Operator    ... 0 0
Format         ... Grid3D/Binary
Resolution     ... 40 40 40
Boundaries     ...   -14.040407    11.571760 (x direction)
                      -8.206416    11.538823 (y direction)
                     -10.451375    10.032707 (z direction)

       1 - Enter type of plot
       2 - Enter no of orbital to plot
       3 - Enter operator of orbital (0=alpha,1=beta)
       4 - Enter number of grid intervals
       5 - Select output file format
       6 - Plot CIS/TD-DFT difference densities
       7 - Plot CIS/TD-DFT transition densities
       8 - Set AO(=1) vs MO(=1) to plot

      10 - Generate the plot
      11 - exit this program
Enter a number: Enter MO: Current-settings:

PlotType       ... MO-PLOT
MO/Operator    ... 50 0
Format         ... Grid3D/Binary
Resolution     ... 40 40 40
Boundaries     ...   -14.040407    11.571760 (x direction)
                      -8.206416    11.538823 (y direction)
                     -10.451375    10.032707 (z direction)

       1 - Enter type of plot
       2 - Enter no of orbital to plot
       3 - Enter operator of orbital (0=alpha,1=beta)
       4 - Enter number of grid intervals
       5 - Select output file format
       6 - Plot CIS/TD-DFT difference densities
       7 - Plot CIS/TD-DFT transition densities
       8 - Set AO(=1) vs MO(=1) to plot

      10 - Generate the plot
      11 - exit this program
Enter a number: File-Format is presently: 5
     1 -  2D   Origin format
     2 -  2D   HPGL format
     3 -  2D   Gnuplot binary format
     4 -  2D   Gnuplot ascii format
     5 -  3D   gOpenMol binary
     6 -  3D   gOpenMol ASCII
     7 -  3D   Gaussian cube
     8 -  3D   simple format
Enter Format: Current-settings:

PlotType       ... MO-PLOT
MO/Operator    ... 50 0
Format         ... Grid3d/Cube
Resolution     ... 40 40 40
Boundaries     ...   -14.040407    11.571760 (x direction)
                      -8.206416    11.538823 (y direction)
                     -10.451375    10.032707 (z direction)

       1 - Enter type of plot
       2 - Enter no of orbital to plot
       3 - Enter operator of orbital (0=alpha,1=beta)
       4 - Enter number of grid intervals
       5 - Select output file format
       6 - Plot CIS/TD-DFT difference densities
       7 - Plot CIS/TD-DFT transition densities
       8 - Set AO(=1) vs MO(=1) to plot

      10 - Generate the plot
      11 - exit this program
Enter a number: Enter NGRID: Current-settings:

PlotType       ... MO-PLOT
MO/Operator    ... 50 0
Format         ... Grid3d/Cube
Resolution     ... 80 80 80
Boundaries     ...   -14.040407    11.571760 (x direction)
                      -8.206416    11.538823 (y direction)
                     -10.451375    10.032707 (z direction)

       1 - Enter type of plot
       2 - Enter no of orbital to plot
       3 - Enter operator of orbital (0=alpha,1=beta)
       4 - Enter number of grid intervals
       5 - Select output file format
       6 - Plot CIS/TD-DFT difference densities
       7 - Plot CIS/TD-DFT transition densities
       8 - Set AO(=1) vs MO(=1) to plot

      10 - Generate the plot
      11 - exit this program
Enter a number: Enter OP: Current-settings:

PlotType       ... MO-PLOT
MO/Operator    ... 50 0
Format         ... Grid3d/Cube
Resolution     ... 80 80 80
Boundaries     ...   -14.040407    11.571760 (x direction)
                      -8.206416    11.538823 (y direction)
                     -10.451375    10.032707 (z direction)

       1 - Enter type of plot
       2 - Enter no of orbital to plot
       3 - Enter operator of orbital (0=alpha,1=beta)
       4 - Enter number of grid intervals
       5 - Select output file format
       6 - Plot CIS/TD-DFT difference densities
       7 - Plot CIS/TD-DFT transition densities
       8 - Set AO(=1) vs MO(=1) to plot

      10 - Generate the plot
      11 - exit this program
Enter a number:                  *** PLOTTING FINISHED ***
 Output file: Ph-N2+-B3LYPG-aug-cc-pVDZ-scan-d09-49-n400.mo50a.cube
--------------------------------------------------------------------------
Current-settings:

PlotType       ... MO-PLOT
MO/Operator    ... 50 0
Format         ... Grid3d/Cube
Resolution     ... 80 80 80
Boundaries     ...   -14.040407    11.571760 (x direction)
                      -8.206416    11.538823 (y direction)
                     -10.451375    10.032707 (z direction)

       1 - Enter type of plot
       2 - Enter no of orbital to plot
       3 - Enter operator of orbital (0=alpha,1=beta)
       4 - Enter number of grid intervals
       5 - Select output file format
       6 - Plot CIS/TD-DFT difference densities
       7 - Plot CIS/TD-DFT transition densities
       8 - Set AO(=1) vs MO(=1) to plot

      10 - Generate the plot
      11 - exit this program
Enter a number: Enter OP: Current-settings:

PlotType       ... MO-PLOT
MO/Operator    ... 50 1
Format         ... Grid3d/Cube
Resolution     ... 80 80 80
Boundaries     ...   -14.040407    11.571760 (x direction)
                      -8.206416    11.538823 (y direction)
                     -10.451375    10.032707 (z direction)

       1 - Enter type of plot
       2 - Enter no of orbital to plot
       3 - Enter operator of orbital (0=alpha,1=beta)
       4 - Enter number of grid intervals
       5 - Select output file format
       6 - Plot CIS/TD-DFT difference densities
       7 - Plot CIS/TD-DFT transition densities
       8 - Set AO(=1) vs MO(=1) to plot

      10 - Generate the plot
      11 - exit this program
Enter a number: Error : NOP>=NUMOP requested for plot
