Entering interactive generation of plots ...
GBW-file   : NH2-N2+/gbw/NH2-N2+-scan-d09-169-n800.002.gbw

 ... the gbw file was succesfully read
 ... the orbital plot files will be in binary format
 ... the output filenames are NH2-N2+-scan-d09-169-n800.moxy.plt
     (x=no of the MO y='a' for op=0 and b` for op=1
 ... an XYZ-file has been saved for gOpenMol

       !!!!!!!!!!!!!!!!!!!!!!!!!!!!!!!!!!!!!!!!!!!!!!!!!!!!!!!!!!
       ===>>> Number of available orbitals : 87
       ===>>> Number of operators          : 1
       !!!!!!!!!!!!!!!!!!!!!!!!!!!!!!!!!!!!!!!!!!!!!!!!!!!!!!!!!!
Current-settings:

PlotType       ... MO-PLOT
MO/Operator    ... 0 0
Format         ... Grid3D/Binary
Resolution     ... 40 40 40
Boundaries     ...    -6.711125     8.197254 (x direction)
                     -11.673084     7.318696 (y direction)
                      -8.507174     8.718726 (z direction)

       1 - Enter type of plot
       2 - Enter no of orbital to plot
       3 - Enter operator of orbital (0=alpha,1=beta)
       4 - Enter number of grid intervals
       5 - Select output file format
       6 - Plot CIS/TD-DFT difference densities
       7 - Plot CIS/TD-DFT transition densities
       8 - Set AO(=1) vs MO(=1) to plot

      10 - Generate the plot
      11 - exit this program
Enter a number: Enter MO: Current-settings:

PlotType       ... MO-PLOT
MO/Operator    ... 40 0
Format         ... Grid3D/Binary
Resolution     ... 40 40 40
Boundaries     ...    -6.711125     8.197254 (x direction)
                     -11.673084     7.318696 (y direction)
                      -8.507174     8.718726 (z direction)

       1 - Enter type of plot
       2 - Enter no of orbital to plot
       3 - Enter operator of orbital (0=alpha,1=beta)
       4 - Enter number of grid intervals
       5 - Select output file format
       6 - Plot CIS/TD-DFT difference densities
       7 - Plot CIS/TD-DFT transition densities
       8 - Set AO(=1) vs MO(=1) to plot

      10 - Generate the plot
      11 - exit this program
Enter a number: File-Format is presently: 5
     1 -  2D   Origin format
     2 -  2D   HPGL format
     3 -  2D   Gnuplot binary format
     4 -  2D   Gnuplot ascii format
     5 -  3D   gOpenMol binary
     6 -  3D   gOpenMol ASCII
     7 -  3D   Gaussian cube
     8 -  3D   simple format
Enter Format: Current-settings:

PlotType       ... MO-PLOT
MO/Operator    ... 40 0
Format         ... Grid3d/Cube
Resolution     ... 40 40 40
Boundaries     ...    -6.711125     8.197254 (x direction)
                     -11.673084     7.318696 (y direction)
                      -8.507174     8.718726 (z direction)

       1 - Enter type of plot
       2 - Enter no of orbital to plot
       3 - Enter operator of orbital (0=alpha,1=beta)
       4 - Enter number of grid intervals
       5 - Select output file format
       6 - Plot CIS/TD-DFT difference densities
       7 - Plot CIS/TD-DFT transition densities
       8 - Set AO(=1) vs MO(=1) to plot

      10 - Generate the plot
      11 - exit this program
Enter a number: Enter NGRID: Current-settings:

PlotType       ... MO-PLOT
MO/Operator    ... 40 0
Format         ... Grid3d/Cube
Resolution     ... 80 80 80
Boundaries     ...    -6.711125     8.197254 (x direction)
                     -11.673084     7.318696 (y direction)
                      -8.507174     8.718726 (z direction)

       1 - Enter type of plot
       2 - Enter no of orbital to plot
       3 - Enter operator of orbital (0=alpha,1=beta)
       4 - Enter number of grid intervals
       5 - Select output file format
       6 - Plot CIS/TD-DFT difference densities
       7 - Plot CIS/TD-DFT transition densities
       8 - Set AO(=1) vs MO(=1) to plot

      10 - Generate the plot
      11 - exit this program
Enter a number: Enter OP: Current-settings:

PlotType       ... MO-PLOT
MO/Operator    ... 40 0
Format         ... Grid3d/Cube
Resolution     ... 80 80 80
Boundaries     ...    -6.711125     8.197254 (x direction)
                     -11.673084     7.318696 (y direction)
                      -8.507174     8.718726 (z direction)

       1 - Enter type of plot
       2 - Enter no of orbital to plot
       3 - Enter operator of orbital (0=alpha,1=beta)
       4 - Enter number of grid intervals
       5 - Select output file format
       6 - Plot CIS/TD-DFT difference densities
       7 - Plot CIS/TD-DFT transition densities
       8 - Set AO(=1) vs MO(=1) to plot

      10 - Generate the plot
      11 - exit this program
Enter a number:                  *** PLOTTING FINISHED ***
 Output file: NH2-N2+-scan-d09-169-n800.mo40a.cube
--------------------------------------------------------------------------
Current-settings:

PlotType       ... MO-PLOT
MO/Operator    ... 40 0
Format         ... Grid3d/Cube
Resolution     ... 80 80 80
Boundaries     ...    -6.711125     8.197254 (x direction)
                     -11.673084     7.318696 (y direction)
                      -8.507174     8.718726 (z direction)

       1 - Enter type of plot
       2 - Enter no of orbital to plot
       3 - Enter operator of orbital (0=alpha,1=beta)
       4 - Enter number of grid intervals
       5 - Select output file format
       6 - Plot CIS/TD-DFT difference densities
       7 - Plot CIS/TD-DFT transition densities
       8 - Set AO(=1) vs MO(=1) to plot

      10 - Generate the plot
      11 - exit this program
Enter a number: Enter OP: Current-settings:

PlotType       ... MO-PLOT
MO/Operator    ... 40 1
Format         ... Grid3d/Cube
Resolution     ... 80 80 80
Boundaries     ...    -6.711125     8.197254 (x direction)
                     -11.673084     7.318696 (y direction)
                      -8.507174     8.718726 (z direction)

       1 - Enter type of plot
       2 - Enter no of orbital to plot
       3 - Enter operator of orbital (0=alpha,1=beta)
       4 - Enter number of grid intervals
       5 - Select output file format
       6 - Plot CIS/TD-DFT difference densities
       7 - Plot CIS/TD-DFT transition densities
       8 - Set AO(=1) vs MO(=1) to plot

      10 - Generate the plot
      11 - exit this program
Enter a number: Error : NOP>=NUMOP requested for plot
