$ 0 [17 18 19 20 21 22] 
@; 0.900000; -0.725149; -0.653684; -0.650589; -0.641475; -0.617136; -0.592045; 
$ 1 [17 18 19 20 21 22] 
@; 0.910025; -0.724759; -0.653486; -0.650129; -0.642895; -0.617552; -0.591443; 
$ 2 [17 18 19 20 21 22] 
@; 0.920050; -0.724268; -0.653284; -0.649627; -0.644134; -0.617820; -0.590870; 
$ 3 [17 18 19 20 21 22] 
@; 0.930075; -0.723632; -0.653276; -0.649086; -0.645462; -0.618164; -0.589974; 
 Test 4 [18 19] (-0.653312 - -0.648557)=0.004755
 Test 4 [19 20] (-0.648557 - -0.646538)=0.002019
$ 4 [17 18 19 20 21 22] 
@; 0.940100; -0.723067; -0.653312; -0.648557; -0.646538; -0.618454; -0.589299; 
 Test 5 [19 20] (-0.648037 - -0.647419)=0.000618
  *** 5 Swap 19 <=> 20 [19 <=> 20]       (0.003624 0.000618 0.001606) [-0.649086 -0.645462] [-0.648037 -0.647419] [-0.648563 -0.646957]       ang 16.001878 93.501691 26.327889 103.827702 
     ### [17 18 20 19 21 22]            cmap 5 =[ 0 1 2 3 4 5 6 7 8 9 10 11 12 13 15 14 16 17 18 20 19 21 22 23 24 25 26 27 28 29 30 31 32 33 34 35 36 37 38 39 40 41 42 43 44 45 46 47 48 49 50 51 52 53 54 55 56 57 58 59 60 61 62 63 64 65 66 67 69 68 70 71 72 73 74 75 76 77 78 79 80 81 82 83 84 85 86 87 88 90 89 91 92 93 94 96 95 97 98 99 100 101 102 103 104 105 106 107 108 109 110 111 112 113 114 115 116 117 118 119 120 121 123 122 124 125 126 127 128 129 130 131 133 132 134 135 136 137 138 139 140 141 142 144 143 145 146 147 148 149 150 151 152 153 154 155 157 156 158 159 160 161 162 163 164 165 166 167 168 170 169 171 172 173 174 175 176 177 178 179 181 180 182 183 184 185 186 187 188 189 190 191 192 193 194 195 196 197 198 199 200 201 202 203 204 205 206 207 208 209 210 211 212 213 214 215 216 217 218 219 220 222 221 223 224 225 226 227 228 ]
$ 5 [17 18 20 19 21 22] 
@; 0.950125; -0.722548; -0.653492; -0.647419; -0.648037; -0.618856; -0.588714; 
 Test 6 [19 20] (-0.648162 - -0.647489)=0.000673
$ 6 [17 18 20 19 21 22] 
@; 0.960150; -0.721902; -0.654033; -0.647489; -0.648162; -0.619321; -0.587866; 
 Test 7 [19 20] (-0.648563 - -0.646957)=0.001606
$ 7 [17 18 20 19 21 22] 
@; 0.970175; -0.721284; -0.654804; -0.646957; -0.648563; -0.619874; -0.587096; 
 Test 8 [19 20] (-0.648658 - -0.646455)=0.002203
$ 8 [17 18 20 19 21 22] 
@; 0.980201; -0.720774; -0.655749; -0.646455; -0.648658; -0.620383; -0.586532; 
 Test 9 [19 20] (-0.648677 - -0.645929)=0.002748
$ 9 [17 18 20 19 21 22] 
@; 0.990226; -0.720137; -0.656960; -0.645929; -0.648677; -0.621091; -0.585710; 
 Test 10 [19 20] (-0.648506 - -0.645434)=0.003072
$ 10 [17 18 20 19 21 22] 
@; 1.000251; -0.719619; -0.658161; -0.645434; -0.648506; -0.621692; -0.585129; 
 Test 11 [19 20] (-0.648354 - -0.644930)=0.003424
$ 11 [17 18 20 19 21 22] 
@; 1.010276; -0.718963; -0.659541; -0.644930; -0.648354; -0.622510; -0.584269; 
 Test 12 [19 20] (-0.648071 - -0.644441)=0.003630
$ 12 [17 18 20 19 21 22] 
@; 1.020301; -0.718455; -0.660831; -0.644441; -0.648071; -0.623199; -0.583702; 
 Test 13 [19 20] (-0.647814 - -0.643953)=0.003861
$ 13 [17 18 20 19 21 22] 
@; 1.030326; -0.717848; -0.662233; -0.643953; -0.647814; -0.624097; -0.582934; 
 Test 14 [19 20] (-0.647496 - -0.643479)=0.004017
$ 14 [17 18 20 19 21 22] 
@; 1.040351; -0.717334; -0.663557; -0.643479; -0.647496; -0.624887; -0.582346; 
 Test 15 [19 20] (-0.647171 - -0.643006)=0.004165
$ 15 [17 18 20 19 21 22] 
@; 1.050376; -0.716801; -0.664913; -0.643006; -0.647171; -0.625780; -0.581713; 
 Test 16 [19 20] (-0.646844 - -0.642542)=0.004302
$ 16 [17 18 20 19 21 22] 
@; 1.060401; -0.716263; -0.666277; -0.642542; -0.646844; -0.626713; -0.581060; 
 Test 17 [19 20] (-0.646568 - -0.642110)=0.004458
$ 17 [17 18 20 19 21 22] 
@; 1.070426; -0.715626; -0.667706; -0.642110; -0.646568; -0.627735; -0.580188; 
 Test 18 [19 20] (-0.646209 - -0.641652)=0.004557
$ 18 [17 18 20 19 21 22] 
@; 1.080451; -0.715131; -0.669005; -0.641652; -0.646209; -0.628663; -0.579614; 
 Test 19 [19 20] (-0.645857 - -0.641204)=0.004653
$ 19 [17 18 20 19 21 22] 
@; 1.090476; -0.714626; -0.670324; -0.641204; -0.645857; -0.629656; -0.579003; 
 Test 20 [19 20] (-0.645511 - -0.640768)=0.004743
$ 20 [17 18 20 19 21 22] 
@; 1.100501; -0.714122; -0.671636; -0.640768; -0.645511; -0.630670; -0.578376; 
 Test 21 [19 20] (-0.645211 - -0.640383)=0.004828
$ 21 [17 18 20 19 21 22] 
@; 1.110526; -0.713533; -0.672988; -0.640383; -0.645211; -0.631776; -0.577541; 
 Test 22 [19 20] (-0.644852 - -0.639957)=0.004895
$ 22 [17 18 20 19 21 22] 
@; 1.120551; -0.713076; -0.674222; -0.639957; -0.644852; -0.632743; -0.576988; 
 Test 23 [19 20] (-0.644496 - -0.639533)=0.004963
$ 23 [17 18 20 19 21 22] 
@; 1.130576; -0.712617; -0.675457; -0.639533; -0.644496; -0.633764; -0.576404; 
 Test 24 [20 21] (-0.639128 - -0.634792)=0.004336
  *** 24 Swap 22 <=> 23 [22 <=> 23]       (0.002117 0.000578 0.001238) [-0.576988 -0.574871] [-0.575804 -0.575226] [-0.575649 -0.574411]       ang 7.998723 63.464786 25.151218 80.617281 
     ### [17 18 20 19 21 23]            cmap 24 =[ 0 1 2 3 4 5 6 7 8 9 10 11 12 13 15 14 16 17 18 20 19 21 23 22 24 26 25 27 28 29 31 30 32 33 34 35 36 37 39 38 43 40 41 42 44 45 46 47 48 49 51 50 52 54 53 55 56 57 59 58 60 61 62 63 64 65 66 67 68 70 69 71 73 72 74 75 76 78 79 77 80 81 82 85 84 83 90 86 87 88 91 93 89 92 94 96 95 99 97 98 103 100 102 101 104 105 106 107 109 108 110 111 112 113 114 115 116 117 119 118 120 123 121 122 124 127 125 126 128 129 130 131 133 132 134 137 136 135 138 139 140 141 142 144 145 146 143 147 148 151 149 150 152 154 153 155 157 158 159 160 161 156 163 162 166 165 164 168 167 170 169 172 171 173 174 176 175 177 178 179 181 180 183 182 184 185 186 188 187 189 190 192 191 193 195 194 196 198 197 200 199 202 201 203 204 205 206 207 210 209 208 212 211 213 214 215 216 217 218 219 222 220 221 223 224 225 226 227 228 ]
$ 24 [17 18 20 19 21 23] 
@; 1.140602; -0.712161; -0.676675; -0.639128; -0.644151; -0.634792; -0.575226; 
 Test 25 [20 21] (-0.638734 - -0.635817)=0.002917
$ 25 [17 18 20 19 21 23] 
@; 1.150627; -0.711715; -0.677870; -0.638734; -0.643808; -0.635817; -0.575195; 
 Test 26 [20 21] (-0.638440 - -0.636886)=0.001554
$ 26 [17 18 20 19 21 23] 
@; 1.160652; -0.711214; -0.679068; -0.638440; -0.643511; -0.636886; -0.574411; 
 Test 27 [20 21] (-0.638108 - -0.637768)=0.000340
  *** 27 Swap 20 <=> 21 [19 <=> 21]       (0.002917 0.000340 0.002556) [-0.638734 -0.635817] [-0.638108 -0.637768] [-0.639812 -0.637256]       ang 4.226113 100.442007 2.842651 99.058545 
     ### [17 18 20 21 19 23]            cmap 27 =[ 0 1 2 3 4 5 6 7 8 9 10 11 12 13 15 14 16 17 18 20 21 19 23 22 24 26 25 27 28 29 31 30 32 33 34 35 36 37 39 38 43 40 41 42 44 45 46 47 48 51 49 50 52 54 53 55 56 57 59 58 60 61 62 63 64 65 66 68 67 70 69 71 72 73 74 75 76 78 79 80 77 82 81 85 84 83 90 86 87 88 91 93 89 92 94 96 95 99 97 98 103 100 102 101 104 105 106 107 109 108 110 111 112 113 114 115 117 116 119 118 120 123 121 122 127 124 125 126 128 129 130 131 133 132 134 137 136 135 138 139 140 141 142 144 145 146 143 147 148 151 149 150 152 154 153 155 158 157 159 160 161 156 163 166 162 165 164 168 167 170 169 172 171 173 174 176 175 177 178 179 180 181 183 182 184 185 186 188 189 187 190 192 191 193 195 194 196 198 197 200 199 202 201 203 204 205 206 207 210 209 208 212 211 213 214 215 216 217 218 219 222 220 221 223 224 225 226 227 228 ]
$ 27 [17 18 20 21 19 23] 
@; 1.170677; -0.710828; -0.680160; -0.638108; -0.637768; -0.643164; -0.573889; 
 Test 28 [19 20] (-0.642825 - -0.638849)=0.003976
 Test 28 [20 21] (-0.638849 - -0.637623)=0.001226
$ 28 [17 18 20 21 19 23] 
@; 1.180702; -0.710451; -0.681244; -0.638849; -0.637623; -0.642825; -0.573339; 
 Test 29 [19 20] (-0.642489 - -0.639812)=0.002677
 Test 29 [20 21] (-0.639812 - -0.637256)=0.002556
$ 29 [17 18 20 21 19 23] 
@; 1.190727; -0.710090; -0.682300; -0.639812; -0.637256; -0.642489; -0.572778; 
 Test 30 [19 20] (-0.642168 - -0.640762)=0.001406
 Test 30 [20 21] (-0.640762 - -0.636913)=0.003849
$ 30 [17 18 20 21 19 23] 
@; 1.200752; -0.709748; -0.683307; -0.640762; -0.636913; -0.642168; -0.572212; 
 Test 31 [19 20] (-0.641851 - -0.641693)=0.000158
  *** 31 Swap 19 <=> 20 [20 <=> 21]       (0.002677 0.000158 0.002259) [-0.642489 -0.639812] [-0.641851 -0.641693] [-0.643489 -0.641230]       ang 7.183360 95.430552 3.186375 91.433567 
     ### [17 18 21 20 19 23]            cmap 31 =[ 0 1 2 3 4 5 6 7 8 9 10 11 12 13 15 14 16 17 18 21 20 19 23 22 24 26 25 27 28 29 31 30 32 33 34 35 36 37 39 38 43 40 41 42 44 45 46 47 48 51 49 50 52 54 53 55 56 57 59 58 61 60 62 63 64 65 66 68 67 70 71 69 72 73 74 75 76 78 79 80 77 82 81 85 84 83 90 86 87 88 91 93 89 92 94 96 95 99 97 103 98 100 102 101 104 105 107 106 109 108 110 111 112 113 114 115 116 117 119 118 120 123 121 122 127 124 125 126 128 129 130 131 134 133 132 137 136 135 139 138 140 142 141 144 145 146 147 143 148 149 151 150 152 153 154 155 158 157 159 161 160 156 166 162 163 165 164 168 167 170 169 172 171 173 174 176 175 178 177 179 180 181 183 182 184 185 186 188 189 187 190 192 191 193 194 195 196 198 197 200 199 202 201 203 205 204 206 207 210 209 208 212 211 213 214 215 216 217 218 219 222 220 221 223 224 225 226 227 228 ]
$ 31 [17 18 21 20 19 23] 
@; 1.210777; -0.709434; -0.684269; -0.636575; -0.641693; -0.641851; -0.571653; 
 Test 32 [19 20] (-0.642604 - -0.641535)=0.001069
$ 32 [17 18 21 20 19 23] 
@; 1.220802; -0.709144; -0.685188; -0.636241; -0.641535; -0.642604; -0.571092; 
 Test 33 [19 20] (-0.643489 - -0.641230)=0.002259
$ 33 [17 18 21 20 19 23] 
@; 1.230827; -0.708892; -0.686049; -0.635922; -0.641230; -0.643489; -0.570549; 
 Test 34 [19 20] (-0.644349 - -0.640929)=0.003420
$ 34 [17 18 21 20 19 23] 
@; 1.240852; -0.708674; -0.686855; -0.635610; -0.640929; -0.644349; -0.570013; 
 Test 35 [19 20] (-0.645183 - -0.640645)=0.004538
$ 35 [17 18 21 20 19 23] 
@; 1.250877; -0.708505; -0.687587; -0.635303; -0.640645; -0.645183; -0.569513; 
$ 36 [17 18 21 20 19 23] 
@; 1.260902; -0.708356; -0.688286; -0.635018; -0.640347; -0.645989; -0.568969; 
$ 37 [17 18 21 20 19 23] 
@; 1.270927; -0.708261; -0.688910; -0.634731; -0.640063; -0.646769; -0.568462; 
$ 38 [17 18 21 20 19 23] 
@; 1.280952; -0.708212; -0.689459; -0.634464; -0.639791; -0.647519; -0.567969; 
$ 39 [17 18 21 20 19 23] 
@; 1.290977; -0.708209; -0.689947; -0.634196; -0.639521; -0.648242; -0.567484; 
$ 40 [17 18 21 20 19 23] 
@; 1.301003; -0.708253; -0.690364; -0.633942; -0.639260; -0.648937; -0.567014; 
$ 41 [17 18 21 20 19 23] 
@; 1.311028; -0.708341; -0.690716; -0.633695; -0.639005; -0.649605; -0.566552; 
$ 42 [17 18 21 20 19 23] 
@; 1.321053; -0.708472; -0.690993; -0.633468; -0.638762; -0.650244; -0.566106; 
$ 43 [17 18 21 20 19 23] 
@; 1.331078; -0.708644; -0.691212; -0.633245; -0.638524; -0.650857; -0.565672; 
$ 44 [17 18 21 20 19 23] 
@; 1.341103; -0.708850; -0.691371; -0.633032; -0.638295; -0.651443; -0.565250; 
$ 45 [17 18 21 20 19 23] 
@; 1.351128; -0.709089; -0.691478; -0.632826; -0.638073; -0.652006; -0.564839; 
$ 46 [17 18 21 20 19 23] 
@; 1.361153; -0.709350; -0.691531; -0.632639; -0.637862; -0.652543; -0.564445; 
$ 47 [17 18 21 20 19 23] 
@; 1.371178; -0.709632; -0.691541; -0.632459; -0.637659; -0.653057; -0.564063; 
$ 48 [17 18 21 20 19 23] 
@; 1.381203; -0.709931; -0.691514; -0.632285; -0.637464; -0.653550; -0.563693; 
$ 49 [17 18 21 20 19 23] 
@; 1.391228; -0.710236; -0.691450; -0.632126; -0.637280; -0.654021; -0.563339; 
$ 50 [17 18 21 20 19 23] 
@; 1.401253; -0.710545; -0.691354; -0.631981; -0.637106; -0.654472; -0.563001; 
$ 51 [17 18 21 20 19 23] 
@; 1.411278; -0.710854; -0.691234; -0.631845; -0.636942; -0.654906; -0.562675; 
$ 52 [17 18 21 20 19 23] 
@; 1.421303; -0.711159; -0.691091; -0.631721; -0.636788; -0.655323; -0.562365; 
$ 53 [17 18 21 20 19 23] 
@; 1.431328; -0.711457; -0.690930; -0.631606; -0.636643; -0.655724; -0.562066; 
$ 54 [17 18 21 20 19 23] 
@; 1.441353; -0.711744; -0.690752; -0.631505; -0.636510; -0.656112; -0.561786; 
 Test 55 [20 21] (-0.636389 - -0.631416)=0.004973
$ 55 [17 18 21 20 19 23] 
@; 1.451378; -0.712017; -0.690560; -0.631416; -0.636389; -0.656487; -0.561521; 
 Test 56 [20 21] (-0.636278 - -0.631338)=0.004940
$ 56 [17 18 21 20 19 23] 
@; 1.461404; -0.712275; -0.690356; -0.631338; -0.636278; -0.656850; -0.561272; 
 Test 57 [20 21] (-0.636178 - -0.631271)=0.004907
$ 57 [17 18 21 20 19 23] 
@; 1.471429; -0.712517; -0.690142; -0.631271; -0.636178; -0.657205; -0.561039; 
 Test 58 [20 21] (-0.636090 - -0.631216)=0.004874
$ 58 [17 18 21 20 19 23] 
@; 1.481454; -0.712741; -0.689919; -0.631216; -0.636090; -0.657550; -0.560822; 
 Test 59 [20 21] (-0.636013 - -0.631172)=0.004841
$ 59 [17 18 21 20 19 23] 
@; 1.491479; -0.712944; -0.689688; -0.631172; -0.636013; -0.657889; -0.560621; 
 Test 60 [20 21] (-0.635950 - -0.631141)=0.004809
$ 60 [17 18 21 20 19 23] 
@; 1.501504; -0.713128; -0.689451; -0.631141; -0.635950; -0.658223; -0.560438; 
 Test 61 [20 21] (-0.635897 - -0.631121)=0.004776
$ 61 [17 18 21 20 19 23] 
@; 1.511529; -0.713290; -0.689206; -0.631121; -0.635897; -0.658552; -0.560271; 
 Test 62 [20 21] (-0.635857 - -0.631111)=0.004746
$ 62 [17 18 21 20 19 23] 
@; 1.521554; -0.713436; -0.688956; -0.631111; -0.635857; -0.658875; -0.560122; 
 Test 63 [20 21] (-0.635828 - -0.631113)=0.004715
$ 63 [17 18 21 20 19 23] 
@; 1.531579; -0.713554; -0.688698; -0.631113; -0.635828; -0.659201; -0.559989; 
 Test 64 [20 21] (-0.635810 - -0.631123)=0.004687
$ 64 [17 18 21 20 19 23] 
@; 1.541604; -0.713655; -0.688434; -0.631123; -0.635810; -0.659521; -0.559871; 
 Test 65 [20 21] (-0.635806 - -0.631147)=0.004659
$ 65 [17 18 21 20 19 23] 
@; 1.551629; -0.713735; -0.688164; -0.631147; -0.635806; -0.659844; -0.559773; 
 Test 66 [20 21] (-0.635814 - -0.631183)=0.004631
$ 66 [17 18 21 20 19 23] 
@; 1.561654; -0.713796; -0.687886; -0.631183; -0.635814; -0.660168; -0.559691; 
 Test 67 [20 21] (-0.635834 - -0.631229)=0.004605
$ 67 [17 18 21 20 19 23] 
@; 1.571679; -0.713836; -0.687601; -0.631229; -0.635834; -0.660494; -0.559628; 
 Test 68 [20 21] (-0.635867 - -0.631285)=0.004582
$ 68 [17 18 21 20 19 23] 
@; 1.581704; -0.713860; -0.687307; -0.631285; -0.635867; -0.660822; -0.559581; 
 Test 69 [20 21] (-0.635912 - -0.631351)=0.004561
$ 69 [17 18 21 20 19 23] 
@; 1.591729; -0.713866; -0.687004; -0.631351; -0.635912; -0.661154; -0.559553; 
 Test 70 [20 21] (-0.635969 - -0.631428)=0.004541
$ 70 [17 18 21 20 19 23] 
@; 1.601754; -0.713857; -0.686690; -0.631428; -0.635969; -0.661491; -0.559541; 
 Test 71 [20 21] (-0.636039 - -0.631514)=0.004525
$ 71 [17 18 21 20 19 23] 
@; 1.611779; -0.713834; -0.686366; -0.631514; -0.636039; -0.661832; -0.559547; 
 Test 72 [20 21] (-0.636106 - -0.631628)=0.004478
$ 72 [17 18 21 20 19 23] 
@; 1.621805; -0.713771; -0.686010; -0.631628; -0.636106; -0.662172; -0.559527; 
 Test 73 [20 21] (-0.636213 - -0.631716)=0.004497
$ 73 [17 18 21 20 19 23] 
@; 1.631830; -0.713751; -0.685678; -0.631716; -0.636213; -0.662531; -0.559611; 
 Test 74 [20 21] (-0.636317 - -0.631830)=0.004487
$ 74 [17 18 21 20 19 23] 
@; 1.641855; -0.713694; -0.685313; -0.631830; -0.636317; -0.662890; -0.559668; 
 Test 75 [20 21] (-0.636433 - -0.631954)=0.004479
$ 75 [17 18 21 20 19 23] 
@; 1.651880; -0.713630; -0.684931; -0.631954; -0.636433; -0.663256; -0.559743; 
 Test 76 [20 21] (-0.636559 - -0.632085)=0.004474
$ 76 [17 18 21 20 19 23] 
@; 1.661905; -0.713560; -0.684532; -0.632085; -0.636559; -0.663628; -0.559833; 
 Test 77 [20 21] (-0.636696 - -0.632225)=0.004471
$ 77 [17 18 21 20 19 23] 
@; 1.671930; -0.713487; -0.684115; -0.632225; -0.636696; -0.664008; -0.559941; 
 Test 78 [20 21] (-0.636843 - -0.632373)=0.004470
$ 78 [17 18 21 20 19 23] 
@; 1.681955; -0.713412; -0.683677; -0.632373; -0.636843; -0.664394; -0.560064; 
 Test 79 [20 21] (-0.637000 - -0.632529)=0.004471
$ 79 [17 18 21 20 19 23] 
@; 1.691980; -0.713337; -0.683219; -0.632529; -0.637000; -0.664789; -0.560202; 
 Test 80 [20 21] (-0.637166 - -0.632692)=0.004474
$ 80 [16 18 21 20 19 23] 
@; 1.702005; -0.713653; -0.682739; -0.632692; -0.637166; -0.665190; -0.560355; 
 Test 81 [20 21] (-0.637342 - -0.632862)=0.004480
$ 81 [16 18 21 20 19 23] 
@; 1.712030; -0.713194; -0.682236; -0.632862; -0.637342; -0.665599; -0.560526; 
 Test 82 [20 21] (-0.637524 - -0.633039)=0.004485
$ 82 [16 18 21 20 19 23] 
@; 1.722055; -0.712780; -0.681710; -0.633039; -0.637524; -0.666014; -0.560706; 
 Test 83 [20 21] (-0.637715 - -0.633222)=0.004493
$ 83 [16 18 21 20 19 23] 
@; 1.732080; -0.711696; -0.681160; -0.633222; -0.637715; -0.666437; -0.560902; 
 Test 84 [20 21] (-0.637911 - -0.633411)=0.004500
$ 84 [16 18 21 20 19 23] 
@; 1.742105; -0.710586; -0.680584; -0.633411; -0.637911; -0.666866; -0.561114; 
 Test 85 [20 21] (-0.638115 - -0.633605)=0.004510
$ 85 [16 18 21 20 19 23] 
@; 1.752130; -0.709463; -0.679985; -0.633605; -0.638115; -0.667302; -0.561334; 
 Test 86 [20 21] (-0.638324 - -0.633805)=0.004519
$ 86 [16 18 21 20 19 23] 
@; 1.762155; -0.708315; -0.679362; -0.633805; -0.638324; -0.667742; -0.561569; 
 Test 87 [20 21] (-0.638538 - -0.634009)=0.004529
$ 87 [16 18 21 20 19 23] 
@; 1.772180; -0.707149; -0.678714; -0.634009; -0.638538; -0.668189; -0.561815; 
 Test 88 [20 21] (-0.638755 - -0.634218)=0.004537
$ 88 [14 18 21 20 19 23] 
@; 1.782206; -0.777958; -0.678042; -0.634218; -0.638755; -0.668640; -0.562073; 
 Test 89 [20 21] (-0.638976 - -0.634431)=0.004545
$ 89 [14 18 21 20 19 23] 
@; 1.792231; -0.778127; -0.677348; -0.634431; -0.638976; -0.669096; -0.562341; 
 Test 90 [20 21] (-0.639198 - -0.634647)=0.004551
$ 90 [14 18 21 20 19 23] 
@; 1.802256; -0.778293; -0.676632; -0.634647; -0.639198; -0.669555; -0.562619; 
 Test 91 [20 21] (-0.639421 - -0.634867)=0.004554
$ 91 [14 18 21 20 19 23] 
@; 1.812281; -0.778456; -0.675895; -0.634867; -0.639421; -0.670017; -0.562907; 
 Test 92 [18 19] (-0.675139 - -0.670481)=0.004658
 Test 92 [20 21] (-0.639644 - -0.635090)=0.004554
$ 92 [14 18 21 20 19 23] 
@; 1.822306; -0.778614; -0.675139; -0.635090; -0.639644; -0.670481; -0.563204; 
 Test 93 [18 19] (-0.674365 - -0.670947)=0.003418
 Test 93 [20 21] (-0.639867 - -0.635317)=0.004550
$ 93 [14 18 21 20 19 23] 
@; 1.832331; -0.778767; -0.674365; -0.635317; -0.639867; -0.670947; -0.563509; 
 Test 94 [16 17] (-0.699316 - -0.698570)=0.000746
 Test 94 [18 19] (-0.673575 - -0.671413)=0.002162
 Test 94 [20 21] (-0.640086 - -0.635545)=0.004541
$ 94 [14 18 21 20 19 23] 
@; 1.842356; -0.778914; -0.673575; -0.635545; -0.640086; -0.671413; -0.563822; 
 Test 95 [16 17] (-0.698174 - -0.697300)=0.000874
 Test 95 [18 19] (-0.672772 - -0.671879)=0.000893
  *** 95 Swap 18 <=> 19 [18 <=> 21]       (0.003418 0.000893 0.001668) [-0.674365 -0.670947] [-0.672772 -0.671879] [-0.672802 -0.671134]       ang 13.887563 89.364918 28.566190 104.043545 
     ### [14 21 18 20 19 23]            cmap 95 =[ 0 1 2 3 4 5 6 7 8 9 11 10 12 13 15 17 16 14 21 18 20 19 23 22 24 26 25 30 27 28 29 31 33 32 34 36 35 37 43 39 40 42 38 41 45 44 46 47 54 51 48 49 50 52 53 56 55 58 59 57 61 60 62 63 66 64 65 68 67 71 70 72 69 73 76 74 77 78 79 75 80 82 81 85 83 84 86 90 87 88 91 89 93 94 92 95 103 98 97 96 99 100 102 101 104 109 105 107 112 108 106 115 110 111 113 118 116 119 120 114 121 122 123 117 124 127 128 129 125 126 131 134 133 132 137 130 136 135 138 139 142 140 141 144 147 145 146 148 153 149 143 151 152 150 157 154 158 155 159 161 156 162 163 166 160 167 165 168 164 169 172 170 171 173 174 176 175 177 178 181 179 180 183 182 184 188 185 187 189 186 193 194 190 192 191 196 195 197 200 198 199 203 202 205 201 204 210 206 207 209 208 212 213 211 214 216 218 215 217 222 219 220 223 221 224 225 226 227 228 ]
 Test 95 [20 21] (-0.640302 - -0.635776)=0.004526
$ 95 [14 21 18 20 19 23] 
@; 1.852381; -0.779054; -0.635776; -0.672772; -0.640302; -0.671879; -0.564142; 
 Test 96 [16 17] (-0.697027 - -0.696022)=0.001005
 Test 96 [18 19] (-0.672343 - -0.671957)=0.000386
 Test 96 [20 21] (-0.640512 - -0.636007)=0.004505
$ 96 [14 21 18 20 19 23] 
@; 1.862406; -0.779185; -0.636007; -0.672343; -0.640512; -0.671957; -0.564469; 
 Test 97 [16 17] (-0.695877 - -0.694738)=0.001139
 Test 97 [18 19] (-0.672802 - -0.671134)=0.001668
 Test 97 [20 21] (-0.640716 - -0.636241)=0.004475
$ 97 [14 21 18 20 19 23] 
@; 1.872431; -0.779307; -0.636241; -0.672802; -0.640716; -0.671134; -0.564801; 
 Test 98 [16 17] (-0.694727 - -0.693449)=0.001278
 Test 98 [18 19] (-0.673257 - -0.670303)=0.002954
 Test 98 [20 21] (-0.640911 - -0.636476)=0.004435
$ 98 [14 21 18 20 19 23] 
@; 1.882456; -0.779418; -0.636476; -0.673257; -0.640911; -0.670303; -0.565139; 
 Test 99 [16 17] (-0.693580 - -0.692156)=0.001424
 Test 99 [18 19] (-0.673704 - -0.669470)=0.004234
 Test 99 [20 21] (-0.641095 - -0.636711)=0.004384
$ 99 [14 21 18 20 19 23] 
@; 1.892481; -0.779517; -0.636711; -0.673704; -0.641095; -0.669470; -0.565482; 
 Test 100 [16 17] (-0.692440 - -0.690861)=0.001579
 Test 100 [20 21] (-0.641266 - -0.636947)=0.004319
$ 100 [14 21 18 20 19 23] 
@; 1.902506; -0.779603; -0.636947; -0.674140; -0.641266; -0.668636; -0.565830; 
 Test 101 [16 17] (-0.691312 - -0.689563)=0.001749
 Test 101 [20 21] (-0.641422 - -0.637183)=0.004239
$ 101 [14 21 18 20 19 23] 
@; 1.912531; -0.779673; -0.637183; -0.674561; -0.641422; -0.667804; -0.566181; 
 Test 102 [16 17] (-0.690201 - -0.688265)=0.001936
 Test 102 [20 21] (-0.641560 - -0.637418)=0.004142
$ 102 [14 21 18 20 19 23] 
@; 1.922556; -0.779727; -0.637418; -0.674963; -0.641560; -0.666980; -0.566536; 
 Test 103 [16 17] (-0.689116 - -0.686968)=0.002148
 Test 103 [20 21] (-0.641678 - -0.637654)=0.004024
$ 103 [14 21 18 20 19 23] 
@; 1.932581; -0.779763; -0.637654; -0.675338; -0.641678; -0.666166; -0.566893; 
 Test 104 [16 17] (-0.688067 - -0.685672)=0.002395
 Test 104 [20 21] (-0.641772 - -0.637888)=0.003884
$ 104 [14 21 18 20 19 23] 
@; 1.942607; -0.779779; -0.637888; -0.675676; -0.641772; -0.665366; -0.567253; 
 Test 105 [16 17] (-0.687069 - -0.684378)=0.002691
 Test 105 [20 21] (-0.641838 - -0.638122)=0.003716
$ 105 [14 21 18 20 19 23] 
@; 1.952632; -0.779773; -0.638122; -0.675964; -0.641838; -0.664585; -0.567616; 
 Test 106 [16 17] (-0.686141 - -0.683086)=0.003055
 Test 106 [20 21] (-0.641874 - -0.638354)=0.003520
$ 106 [14 21 18 20 19 23] 
@; 1.962657; -0.779744; -0.638354; -0.676182; -0.641874; -0.663828; -0.567979; 
 Test 107 [16 17] (-0.685312 - -0.681799)=0.003513
 Test 107 [20 21] (-0.641875 - -0.638585)=0.003290
$ 107 [14 21 18 20 19 23] 
@; 1.972682; -0.779689; -0.638585; -0.676303; -0.641875; -0.663099; -0.568344; 
 Test 108 [16 17] (-0.684612 - -0.680517)=0.004095
 Test 108 [17 18] (-0.680517 - -0.676297)=0.004220
 Test 108 [20 21] (-0.641836 - -0.638814)=0.003022
$ 108 [14 21 18 20 19 23] 
@; 1.982707; -0.779608; -0.638814; -0.676297; -0.641836; -0.662404; -0.568709; 
 Test 109 [16 17] (-0.684076 - -0.679239)=0.004837
 Test 109 [17 18] (-0.679239 - -0.676129)=0.003110
 Test 109 [20 21] (-0.641755 - -0.639041)=0.002714
$ 109 [14 21 18 20 19 23] 
@; 1.992732; -0.779497; -0.639041; -0.676129; -0.641755; -0.661747; -0.569075; 
 Test 110 [17 18] (-0.677968 - -0.675783)=0.002185
 Test 110 [20 21] (-0.641627 - -0.639265)=0.002362
$ 110 [14 21 18 20 19 23] 
@; 2.002757; -0.779355; -0.639265; -0.675783; -0.641627; -0.661132; -0.569441; 
 Test 111 [17 18] (-0.676703 - -0.675257)=0.001446
 Test 111 [20 21] (-0.641448 - -0.639486)=0.001962
$ 111 [14 21 18 20 19 23] 
@; 2.012782; -0.779180; -0.639486; -0.675257; -0.641448; -0.660566; -0.569806; 
 Test 112 [17 18] (-0.675446 - -0.674579)=0.000867
 Test 112 [20 21] (-0.641216 - -0.639704)=0.001512
$ 112 [14 21 18 20 19 23] 
@; 2.022807; -0.778971; -0.639704; -0.674579; -0.641216; -0.660050; -0.570170; 
 Test 113 [17 18] (-0.674197 - -0.673783)=0.000414
 Test 113 [20 21] (-0.640928 - -0.639918)=0.001010
$ 113 [14 21 18 20 19 23] 
@; 2.032832; -0.778725; -0.639918; -0.673783; -0.640928; -0.659589; -0.570533; 
 Test 114 [17 18] (-0.672955 - -0.672900)=0.000055
  *** 114 Swap 17 <=> 18 [14 <=> 21]       (0.000867 0.000055 0.000479) [-0.675446 -0.674579] [-0.672955 -0.672900] [-0.670980 -0.670501]       ang 0.741274 5.523811 4.016088 8.798625 
     ### [21 14 18 20 19 23]            cmap 114 =[ 0 1 2 3 4 5 6 7 8 9 11 10 13 12 15 17 16 21 14 18 20 19 23 22 24 26 25 30 27 28 29 31 33 32 34 36 35 37 43 39 40 42 38 41 45 44 46 47 54 51 48 49 50 52 53 56 55 58 57 59 61 60 62 63 66 64 65 67 68 71 70 69 72 76 73 74 77 78 79 75 80 81 82 85 83 84 86 87 88 90 91 89 93 94 95 92 103 98 97 96 99 100 101 102 104 109 105 112 107 108 115 106 110 111 113 116 118 120 119 114 122 121 117 124 123 128 129 127 125 126 131 134 133 132 137 136 138 130 139 135 142 141 140 144 147 146 145 153 149 148 151 150 152 143 157 154 158 155 159 161 156 162 163 160 166 167 165 168 164 169 172 170 171 173 174 176 175 177 178 181 179 180 183 182 184 188 185 187 189 186 193 190 192 194 191 196 195 200 197 199 198 203 202 205 201 204 210 206 207 209 208 212 213 211 214 216 218 215 222 217 219 220 223 221 224 226 225 227 228 ]
 Test 114 [20 21] (-0.640583 - -0.640129)=0.000454
  *** 114 Swap 20 <=> 21 [20 <=> 19]       (0.001512 0.000454 0.000812) [-0.641216 -0.639704] [-0.640583 -0.640129] [-0.640537 -0.639725]       ang 8.444227 50.958746 22.846572 65.361090 
     ### [21 14 18 19 20 23]            cmap 114 =[ 0 1 2 3 4 5 6 7 8 9 11 10 13 12 15 17 16 21 14 18 19 20 23 22 24 26 25 30 27 28 29 31 33 32 34 36 35 37 43 39 40 42 38 41 45 44 46 47 54 51 48 49 50 52 53 56 55 58 57 59 61 60 62 63 66 64 65 67 68 71 70 69 72 76 73 74 77 78 79 75 80 81 82 85 83 84 86 87 88 90 91 89 93 94 95 92 103 98 97 96 99 100 101 102 104 109 105 112 107 108 115 106 110 111 113 116 118 120 119 114 122 121 117 124 123 128 129 127 125 126 131 134 133 132 137 136 138 130 139 135 142 141 140 144 147 146 145 153 149 148 151 150 152 143 157 154 158 155 159 161 156 162 163 160 166 167 165 168 164 169 172 170 171 173 174 176 175 177 178 181 179 180 183 182 184 188 185 187 189 186 193 190 192 194 191 196 195 200 197 199 198 203 202 205 201 204 210 206 207 209 208 212 213 211 214 216 218 215 222 217 219 220 223 221 224 226 225 227 228 ]
$ 114 [21 14 18 19 20 23] 
@; 2.042857; -0.640129; -0.778441; -0.672900; -0.659183; -0.640583; -0.570895; 
 Test 115 [17 18] (-0.671959 - -0.671723)=0.000236
 Test 115 [20 21] (-0.640335 - -0.640182)=0.000153
$ 115 [21 14 18 19 20 23] 
@; 2.052882; -0.640182; -0.778118; -0.671723; -0.658834; -0.640335; -0.571255; 
 Test 116 [17 18] (-0.670980 - -0.670501)=0.000479
 Test 116 [20 21] (-0.640537 - -0.639725)=0.000812
$ 116 [21 14 18 19 20 23] 
@; 2.062907; -0.639725; -0.777755; -0.670501; -0.658541; -0.640537; -0.571613; 
 Test 117 [17 18] (-0.669976 - -0.669287)=0.000689
 Test 117 [20 21] (-0.640734 - -0.639215)=0.001519
$ 117 [21 14 18 19 20 23] 
@; 2.072932; -0.639215; -0.777350; -0.669287; -0.658302; -0.640734; -0.571968; 
 Test 118 [17 18] (-0.668958 - -0.668084)=0.000874
 Test 118 [20 21] (-0.640925 - -0.638655)=0.002270
$ 118 [21 14 18 19 20 23] 
@; 2.082957; -0.638655; -0.776905; -0.668084; -0.658115; -0.640925; -0.572321; 
 Test 119 [17 18] (-0.667933 - -0.666891)=0.001042
 Test 119 [20 21] (-0.641109 - -0.638048)=0.003061
$ 119 [21 14 18 19 20 23] 
@; 2.092982; -0.638048; -0.776418; -0.666891; -0.657976; -0.641109; -0.572671; 
 Test 120 [17 18] (-0.666907 - -0.665709)=0.001198
 Test 120 [20 21] (-0.641286 - -0.637400)=0.003886
$ 120 [21 14 18 19 20 23] 
@; 2.103008; -0.637400; -0.775891; -0.665709; -0.657881; -0.641286; -0.573018; 
 Test 121 [17 18] (-0.665885 - -0.664538)=0.001347
 Test 121 [20 21] (-0.641456 - -0.636715)=0.004741
$ 121 [21 14 18 19 20 23] 
@; 2.113033; -0.636715; -0.775324; -0.664538; -0.657827; -0.641456; -0.573361; 
 Test 122 [17 18] (-0.664869 - -0.663378)=0.001491
$ 122 [21 14 18 19 20 23] 
@; 2.123058; -0.635996; -0.774718; -0.663378; -0.657808; -0.641617; -0.573701; 
 Test 123 [17 18] (-0.663864 - -0.662230)=0.001634
 Test 123 [18 19] (-0.662230 - -0.657822)=0.004408
$ 123 [21 14 18 19 20 23] 
@; 2.133083; -0.635250; -0.774077; -0.662230; -0.657822; -0.641769; -0.574036; 
 Test 124 [17 18] (-0.662866 - -0.661088)=0.001778
 Test 124 [18 19] (-0.661088 - -0.657864)=0.003224
$ 124 [21 14 18 19 20 23] 
@; 2.143108; -0.634481; -0.773402; -0.661088; -0.657864; -0.641907; -0.574372; 
 Test 125 [17 18] (-0.661891 - -0.659967)=0.001924
 Test 125 [18 19] (-0.659967 - -0.657930)=0.002037
$ 125 [21 14 18 19 20 23] 
@; 2.153133; -0.633692; -0.772694; -0.659967; -0.657930; -0.642036; -0.574701; 
 Test 126 [17 18] (-0.660932 - -0.658854)=0.002078
 Test 126 [18 19] (-0.658854 - -0.658018)=0.000836
  *** 126 Swap 18 <=> 19 [14 <=> 18]       (0.003224 0.000836 0.001583) [-0.661088 -0.657864] [-0.658854 -0.658018] [-0.658247 -0.656664]       ang 8.778015 58.641511 40.475195 90.338692 
     ### [21 18 14 19 20 23]            cmap 126 =[ 0 1 2 3 4 5 6 7 8 9 11 10 13 12 15 17 16 21 18 14 19 20 23 22 24 26 25 30 27 29 28 31 33 32 34 36 35 37 43 39 40 42 38 41 45 44 46 47 48 54 51 49 50 52 53 56 55 58 57 59 61 60 62 63 66 64 65 67 68 71 70 69 72 76 73 74 77 78 79 75 80 81 85 82 83 84 87 86 88 90 91 89 93 94 95 92 103 98 97 96 99 100 101 102 104 109 105 112 107 108 115 106 110 111 113 116 118 120 119 114 122 121 117 124 123 128 127 129 125 126 131 134 133 132 137 138 136 130 139 142 135 141 140 144 147 146 145 149 153 148 151 150 152 143 157 154 158 155 159 161 156 162 163 160 166 167 165 168 164 169 172 170 171 174 173 176 175 177 178 181 179 180 183 182 184 188 185 187 189 186 190 193 192 194 191 196 200 195 199 197 198 203 202 205 201 204 210 206 207 209 208 212 213 211 214 216 218 215 217 222 219 220 223 221 224 226 225 227 228 ]
$ 126 [21 18 14 19 20 23] 
@; 2.163158; -0.632885; -0.658854; -0.771957; -0.658018; -0.642152; -0.575024; 
 Test 127 [17 18] (-0.659996 - -0.658125)=0.001871
 Test 127 [18 19] (-0.658125 - -0.657757)=0.000368
$ 127 [21 18 14 19 20 23] 
@; 2.173183; -0.632064; -0.658125; -0.771195; -0.657757; -0.642252; -0.575349; 
 Test 128 [17 18] (-0.659077 - -0.658247)=0.000830
  *** 128 Swap 17 <=> 18 [21 <=> 18]       (0.002078 0.000830 0.001201) [-0.660932 -0.658854] [-0.659077 -0.658247] [-0.658534 -0.657333]       ang 13.185571 58.935279 3.574592 42.175116 
     ### [18 21 14 19 20 23]            cmap 128 =[ 0 1 2 3 4 5 6 7 8 9 11 10 13 12 15 17 16 18 21 14 19 20 23 22 24 26 25 30 27 29 28 31 33 32 34 36 35 37 43 39 40 42 38 41 45 44 46 47 48 54 51 49 50 52 53 56 55 58 57 59 61 60 62 63 66 64 65 67 68 71 70 69 72 76 73 74 77 78 79 75 80 81 85 82 83 84 87 86 88 90 91 89 93 94 95 92 103 98 97 96 99 100 101 102 104 105 109 112 107 108 115 106 110 111 113 116 118 120 119 114 122 121 117 124 123 128 127 129 125 126 131 134 133 132 137 138 136 130 139 142 135 141 140 144 147 146 145 149 153 148 151 150 152 143 157 154 158 155 159 161 156 163 162 160 166 167 165 168 164 169 170 172 171 174 173 176 175 177 178 181 179 180 183 182 184 188 185 187 189 186 190 193 192 194 191 196 200 195 199 197 198 203 202 205 201 204 210 206 207 209 208 212 213 211 214 216 218 215 217 222 219 220 223 221 224 226 225 227 228 ]
 Test 128 [18 19] (-0.658247 - -0.656664)=0.001583
$ 128 [18 21 14 19 20 23] 
@; 2.183208; -0.658247; -0.631235; -0.770410; -0.656664; -0.642332; -0.575659; 
 Test 129 [17 18] (-0.658385 - -0.658190)=0.000195
 Test 129 [18 19] (-0.658190 - -0.655589)=0.002601
$ 129 [18 21 14 19 20 23] 
@; 2.193233; -0.658190; -0.630397; -0.769604; -0.655589; -0.642394; -0.575967; 
 Test 130 [17 18] (-0.658534 - -0.657333)=0.001201
 Test 130 [18 19] (-0.657333 - -0.654526)=0.002807
$ 130 [18 21 14 19 20 23] 
@; 2.203258; -0.657333; -0.629553; -0.768782; -0.654526; -0.642432; -0.576270; 
 Test 131 [17 18] (-0.658693 - -0.656510)=0.002183
 Test 131 [18 19] (-0.656510 - -0.653475)=0.003035
$ 131 [18 21 14 19 20 23] 
@; 2.213283; -0.656510; -0.628705; -0.767946; -0.653475; -0.642442; -0.576567; 
 Test 132 [17 18] (-0.658861 - -0.655725)=0.003136
 Test 132 [18 19] (-0.655725 - -0.652436)=0.003289
$ 132 [18 21 14 19 20 23] 
@; 2.223308; -0.655725; -0.627856; -0.767099; -0.652436; -0.642421; -0.576859; 
 Test 133 [17 18] (-0.659036 - -0.654983)=0.004053
 Test 133 [18 19] (-0.654983 - -0.651410)=0.003573
$ 133 [18 21 14 19 20 23] 
@; 2.233333; -0.654983; -0.627007; -0.766246; -0.651410; -0.642365; -0.577145; 
 Test 134 [17 18] (-0.659217 - -0.654291)=0.004926
 Test 134 [18 19] (-0.654291 - -0.650397)=0.003894
$ 134 [18 21 14 19 20 23] 
@; 2.243358; -0.654291; -0.626159; -0.765387; -0.650397; -0.642269; -0.577425; 
 Test 135 [18 19] (-0.653652 - -0.649395)=0.004257
$ 135 [18 21 14 19 20 23] 
@; 2.253383; -0.653652; -0.625313; -0.764526; -0.649395; -0.642127; -0.577699; 
 Test 136 [18 19] (-0.653071 - -0.648407)=0.004664
$ 136 [18 21 14 19 20 23] 
@; 2.263409; -0.653071; -0.624471; -0.763665; -0.648407; -0.641935; -0.577967; 
$ 137 [18 21 14 19 20 23] 
@; 2.273434; -0.652552; -0.623634; -0.762808; -0.647431; -0.641689; -0.578228; 
$ 138 [18 21 14 19 20 23] 
@; 2.283459; -0.652096; -0.622803; -0.761955; -0.646467; -0.641388; -0.578483; 
 Test 139 [19 20] (-0.645516 - -0.641030)=0.004486
$ 139 [18 21 14 19 20 23] 
@; 2.293484; -0.651706; -0.621979; -0.761110; -0.645516; -0.641030; -0.578731; 
 Test 140 [19 20] (-0.644576 - -0.640618)=0.003958
$ 140 [18 21 14 19 20 23] 
@; 2.303509; -0.651379; -0.621161; -0.760275; -0.644576; -0.640618; -0.578972; 
 Test 141 [19 20] (-0.643649 - -0.640155)=0.003494
$ 141 [18 21 14 19 20 23] 
@; 2.313534; -0.651111; -0.620352; -0.759450; -0.643649; -0.640155; -0.579206; 
 Test 142 [19 20] (-0.642734 - -0.639645)=0.003089
$ 142 [18 21 14 19 20 23] 
@; 2.323559; -0.650898; -0.619551; -0.758639; -0.642734; -0.639645; -0.579433; 
 Test 143 [19 20] (-0.641832 - -0.639094)=0.002738
$ 143 [18 21 14 19 20 23] 
@; 2.333584; -0.650735; -0.618760; -0.757842; -0.641832; -0.639094; -0.579652; 
 Test 144 [19 20] (-0.640941 - -0.638509)=0.002432
$ 144 [18 21 14 19 20 23] 
@; 2.343609; -0.650614; -0.617978; -0.757061; -0.640941; -0.638509; -0.579864; 
 Test 145 [19 20] (-0.640062 - -0.637895)=0.002167
$ 145 [18 21 14 19 20 23] 
@; 2.353634; -0.650530; -0.617207; -0.756298; -0.640062; -0.637895; -0.580067; 
 Test 146 [19 20] (-0.639073 - -0.637130)=0.001943
$ 146 [18 21 14 19 20 23] 
@; 2.363659; -0.650474; -0.616338; -0.755594; -0.639073; -0.637130; -0.580254; 
 Test 147 [19 20] (-0.638138 - -0.636387)=0.001751
$ 147 [18 21 14 19 20 23] 
@; 2.373684; -0.650433; -0.615516; -0.754889; -0.638138; -0.636387; -0.580416; 
 Test 148 [19 20] (-0.637240 - -0.635659)=0.001581
$ 148 [18 21 14 19 20 23] 
@; 2.383709; -0.650420; -0.614733; -0.754202; -0.637240; -0.635659; -0.580578; 
 Test 149 [19 20] (-0.636373 - -0.634940)=0.001433
$ 149 [18 21 14 19 20 23] 
@; 2.393734; -0.650423; -0.613979; -0.753536; -0.636373; -0.634940; -0.580733; 
 Test 150 [19 20] (-0.635528 - -0.634226)=0.001302
$ 150 [18 21 14 19 20 23] 
@; 2.403759; -0.650443; -0.613251; -0.752893; -0.635528; -0.634226; -0.580881; 
 Test 151 [19 20] (-0.634704 - -0.633517)=0.001187
$ 151 [18 21 14 19 20 23] 
@; 2.413784; -0.650475; -0.612543; -0.752273; -0.634704; -0.633517; -0.581023; 
 Test 152 [19 20] (-0.633897 - -0.632812)=0.001085
 Test 152 [21 22] (-0.611855 - -0.607209)=0.004646
$ 152 [18 21 14 19 20 23] 
@; 2.423810; -0.650519; -0.611855; -0.751678; -0.633897; -0.632812; -0.581156; 
 Test 153 [19 20] (-0.633110 - -0.632117)=0.000993
 Test 153 [21 22] (-0.611186 - -0.607462)=0.003724
$ 153 [18 21 14 19 20 23] 
@; 2.433835; -0.650608; -0.611186; -0.751129; -0.633110; -0.632117; -0.581288; 
 Test 154 [19 20] (-0.632337 - -0.631424)=0.000913
 Test 154 [21 22] (-0.610531 - -0.607695)=0.002836
$ 154 [18 21 14 19 20 23] 
@; 2.443860; -0.650699; -0.610531; -0.750598; -0.632337; -0.631424; -0.581404; 
 Test 155 [19 20] (-0.631576 - -0.630735)=0.000841
 Test 155 [21 22] (-0.609895 - -0.607920)=0.001975
$ 155 [18 21 14 19 20 23] 
@; 2.453885; -0.650792; -0.609895; -0.750091; -0.631576; -0.630735; -0.581511; 
 Test 156 [19 20] (-0.631016 - -0.630266)=0.000750
 Test 156 [21 22] (-0.609442 - -0.607675)=0.001767
$ 156 [18 21 14 19 20 23] 
@; 2.463910; -0.650837; -0.609442; -0.749379; -0.631016; -0.630266; -0.581647; 
 Test 157 [19 20] (-0.630218 - -0.629512)=0.000706
 Test 157 [21 22] (-0.608789 - -0.608127)=0.000662
  *** 157 Swap 21 <=> 22 [20 <=> 23]       (0.001975 0.000662 0.001114) [-0.609895 -0.607920] [-0.608789 -0.608127] [-0.608680 -0.607566]       ang 13.434194 67.687826 15.764739 70.018371 
     ### [18 21 14 19 23 20]            cmap 157 =[ 0 1 2 3 4 5 6 7 8 9 11 10 13 12 15 17 16 18 21 14 19 23 20 22 24 26 25 30 29 27 28 31 33 32 34 36 35 37 43 39 40 38 42 41 45 44 46 47 48 49 51 54 50 52 53 56 55 57 58 59 61 60 62 63 64 66 65 67 68 71 70 69 72 76 73 74 77 79 78 75 80 81 85 82 83 84 87 86 88 90 91 89 93 94 95 92 98 96 97 103 99 100 101 102 104 105 109 107 112 108 115 106 110 113 111 118 116 120 119 122 114 117 121 124 128 123 127 125 126 129 131 133 134 137 138 136 130 132 139 142 141 135 140 144 147 146 145 149 148 153 151 143 152 150 157 154 158 161 159 155 156 163 162 160 166 167 165 168 170 164 169 172 174 171 173 175 176 177 178 181 180 179 183 182 184 188 185 187 189 190 186 193 192 194 191 199 196 200 195 198 197 202 203 205 204 201 210 206 207 209 212 208 213 214 211 216 218 215 217 220 222 219 223 221 224 226 225 227 228 ]
$ 157 [18 21 14 19 23 20] 
@; 2.473935; -0.650955; -0.608789; -0.749021; -0.630218; -0.581742; -0.629512; 
 Test 158 [19 20] (-0.629449 - -0.628787)=0.000662
 Test 158 [21 22] (-0.608429 - -0.608164)=0.000265
$ 158 [18 21 14 19 23 20] 
@; 2.483960; -0.651055; -0.608429; -0.748632; -0.629449; -0.581802; -0.628787; 
 Test 159 [19 20] (-0.628703 - -0.628082)=0.000621
 Test 159 [21 22] (-0.608680 - -0.607566)=0.001114
$ 159 [18 21 14 19 23 20] 
@; 2.493985; -0.651156; -0.608680; -0.748248; -0.628703; -0.581849; -0.628082; 
 Test 160 [19 20] (-0.627978 - -0.627392)=0.000586
 Test 160 [21 22] (-0.608905 - -0.606994)=0.001911
$ 160 [18 21 14 19 23 20] 
@; 2.504010; -0.651258; -0.608905; -0.747879; -0.627978; -0.581886; -0.627392; 
 Test 161 [19 20] (-0.627377 - -0.626849)=0.000528
 Test 161 [21 22] (-0.608693 - -0.606525)=0.002168
$ 161 [18 21 14 19 23 20] 
@; 2.514035; -0.651312; -0.608693; -0.747284; -0.627377; -0.581926; -0.626849; 
 Test 162 [19 20] (-0.626650 - -0.626137)=0.000513
 Test 162 [21 22] (-0.609138 - -0.605985)=0.003153
$ 162 [18 21 14 19 23 20] 
@; 2.524060; -0.651443; -0.609138; -0.747075; -0.626650; -0.581966; -0.626137; 
 Test 163 [19 20] (-0.625944 - -0.625449)=0.000495
 Test 163 [21 22] (-0.609413 - -0.605459)=0.003954
$ 163 [18 21 14 19 23 20] 
@; 2.534085; -0.651544; -0.609413; -0.746812; -0.625944; -0.581962; -0.625449; 
 Test 164 [19 20] (-0.625258 - -0.624778)=0.000480
 Test 164 [21 22] (-0.609636 - -0.604958)=0.004678
$ 164 [18 21 14 19 23 20] 
@; 2.544110; -0.651646; -0.609636; -0.746549; -0.625258; -0.581943; -0.624778; 
 Test 165 [19 20] (-0.624678 - -0.624241)=0.000437
 Test 165 [21 22] (-0.609421 - -0.604539)=0.004882
$ 165 [18 21 14 19 23 20] 
@; 2.554135; -0.651704; -0.609421; -0.746031; -0.624678; -0.581935; -0.624241; 
 Test 166 [19 20] (-0.624000 - -0.623557)=0.000443
$ 166 [18 21 14 19 23 20] 
@; 2.564160; -0.651835; -0.609846; -0.745923; -0.624000; -0.581908; -0.623557; 
 Test 167 [19 20] (-0.623338 - -0.622895)=0.000443
$ 167 [18 21 14 19 23 20] 
@; 2.574185; -0.651935; -0.610100; -0.745753; -0.623338; -0.581843; -0.622895; 
 Test 168 [19 20] (-0.622696 - -0.622250)=0.000446
$ 168 [18 21 14 19 23 20] 
@; 2.584211; -0.652036; -0.610301; -0.745575; -0.622696; -0.581761; -0.622250; 
 Test 169 [19 20] (-0.622144 - -0.621732)=0.000412
$ 169 [18 21 14 19 23 20] 
@; 2.594236; -0.652100; -0.610066; -0.745116; -0.622144; -0.581705; -0.621732; 
 Test 170 [19 20] (-0.621517 - -0.621076)=0.000441
$ 170 [18 21 14 19 23 20] 
@; 2.604261; -0.652228; -0.610467; -0.745094; -0.621517; -0.581609; -0.621076; 
 Test 171 [19 20] (-0.620905 - -0.620441)=0.000464
$ 171 [18 21 14 19 23 20] 
@; 2.614286; -0.652324; -0.610695; -0.745000; -0.620905; -0.581478; -0.620441; 
 Test 172 [19 20] (-0.620313 - -0.619822)=0.000491
$ 172 [18 21 14 19 23 20] 
@; 2.624311; -0.652422; -0.610868; -0.744893; -0.620313; -0.581475; -0.619822; 
 Test 173 [19 20] (-0.619786 - -0.619321)=0.000465
$ 173 [18 21 14 19 23 20] 
@; 2.634336; -0.652492; -0.610618; -0.744484; -0.619786; -0.581488; -0.619321; 
 Test 174 [19 20] (-0.619225 - -0.618694)=0.000531
$ 174 [18 21 14 19 23 20] 
@; 2.644361; -0.652614; -0.610977; -0.744531; -0.619225; -0.581709; -0.618694; 
 Test 175 [19 20] (-0.618678 - -0.618086)=0.000592
$ 175 [18 21 14 19 23 20] 
@; 2.654386; -0.652706; -0.611163; -0.744497; -0.618678; -0.581898; -0.618086; 
 Test 176 [19 20] (-0.618155 - -0.617494)=0.000661
$ 176 [18 21 14 19 23 20] 
@; 2.664411; -0.652800; -0.611286; -0.744445; -0.618155; -0.582066; -0.617494; 
 Test 177 [19 20] (-0.617655 - -0.617010)=0.000645
$ 177 [18 21 14 19 23 20] 
@; 2.674436; -0.652876; -0.611019; -0.744077; -0.617655; -0.582070; -0.617010; 
 Test 178 [19 20] (-0.617197 - -0.616411)=0.000786
$ 178 [18 21 14 19 23 20] 
@; 2.684461; -0.652990; -0.611296; -0.744174; -0.617197; -0.582279; -0.616411; 
 Test 179 [19 20] (-0.616759 - -0.615830)=0.000929
 Test 179 [20 21] (-0.615830 - -0.611394)=0.004436
$ 179 [18 21 14 19 23 20] 
@; 2.694486; -0.653077; -0.611394; -0.744187; -0.616759; -0.582457; -0.615830; 
 Test 180 [19 20] (-0.616286 - -0.615343)=0.000943
 Test 180 [20 21] (-0.615343 - -0.611142)=0.004201
$ 180 [18 21 14 19 23 20] 
@; 2.704511; -0.653150; -0.611142; -0.743884; -0.616286; -0.582484; -0.615343; 
 Test 181 [19 20] (-0.615967 - -0.614764)=0.001203
 Test 181 [20 21] (-0.614764 - -0.611291)=0.003473
$ 181 [18 21 14 19 23 20] 
@; 2.714536; -0.653260; -0.611291; -0.744010; -0.615967; -0.582683; -0.614764; 
 Test 182 [19 20] (-0.615670 - -0.614202)=0.001468
 Test 182 [20 21] (-0.614202 - -0.611259)=0.002943
$ 182 [18 21 14 19 23 20] 
@; 2.724561; -0.653343; -0.611259; -0.744049; -0.615670; -0.582852; -0.614202; 
 Test 183 [19 20] (-0.615247 - -0.613725)=0.001522
 Test 183 [20 21] (-0.613725 - -0.610965)=0.002760
$ 183 [18 21 14 19 23 20] 
@; 2.734586; -0.653419; -0.610965; -0.743772; -0.615247; -0.582871; -0.613725; 
 Test 184 [19 20] (-0.615143 - -0.613167)=0.001976
 Test 184 [20 21] (-0.613167 - -0.610914)=0.002253
$ 184 [18 21 14 19 23 20] 
@; 2.744612; -0.653524; -0.610914; -0.743921; -0.615143; -0.583063; -0.613167; 
 Test 185 [19 20] (-0.615036 - -0.612623)=0.002413
 Test 185 [20 21] (-0.612623 - -0.610705)=0.001918
$ 185 [18 21 14 19 23 20] 
@; 2.754637; -0.653603; -0.610705; -0.743980; -0.615036; -0.583224; -0.612623; 
 Test 186 [19 20] (-0.614671 - -0.612158)=0.002513
 Test 186 [20 21] (-0.612158 - -0.610355)=0.001803
$ 186 [18 21 14 19 23 20] 
@; 2.764662; -0.653676; -0.610355; -0.743716; -0.614671; -0.583236; -0.612158; 
 Test 187 [19 20] (-0.614786 - -0.611619)=0.003167
 Test 187 [20 21] (-0.611619 - -0.610102)=0.001517
$ 187 [18 21 14 19 23 20] 
@; 2.774687; -0.653778; -0.610102; -0.743885; -0.614786; -0.583421; -0.611619; 
 Test 188 [19 20] (-0.614832 - -0.611093)=0.003739
 Test 188 [20 21] (-0.611093 - -0.609756)=0.001337
$ 188 [18 21 14 19 23 20] 
@; 2.784712; -0.653855; -0.609756; -0.743963; -0.614832; -0.583577; -0.611093; 
 Test 189 [19 20] (-0.614507 - -0.610639)=0.003868
 Test 189 [20 21] (-0.610639 - -0.609368)=0.001271
$ 189 [18 21 14 19 23 20] 
@; 2.794737; -0.653928; -0.609368; -0.743711; -0.614507; -0.583583; -0.610639; 
 Test 190 [19 20] (-0.614756 - -0.610119)=0.004637
 Test 190 [20 21] (-0.610119 - -0.608996)=0.001123
$ 190 [18 21 14 19 23 20] 
@; 2.804762; -0.654026; -0.608996; -0.743895; -0.614756; -0.583761; -0.610119; 
 Test 191 [20 21] (-0.609610 - -0.608582)=0.001028
$ 191 [18 21 14 19 23 20] 
@; 2.814787; -0.654098; -0.608582; -0.743985; -0.614880; -0.583910; -0.609610; 
 Test 192 [20 21] (-0.609166 - -0.608179)=0.000987
$ 192 [18 21 14 19 23 20] 
@; 2.824812; -0.654174; -0.608179; -0.743747; -0.614579; -0.583913; -0.609166; 
 Test 193 [20 21] (-0.608663 - -0.607757)=0.000906
$ 193 [18 21 14 19 23 20] 
@; 2.834837; -0.654264; -0.607757; -0.743938; -0.614887; -0.584084; -0.608663; 
 Test 194 [20 21] (-0.608171 - -0.607320)=0.000851
$ 194 [18 21 14 19 23 20] 
@; 2.844862; -0.654331; -0.607320; -0.744038; -0.615046; -0.584226; -0.608171; 
 Test 195 [20 21] (-0.607737 - -0.606913)=0.000824
$ 195 [18 21 14 19 23 20] 
@; 2.854887; -0.654406; -0.606913; -0.743808; -0.614751; -0.584224; -0.607737; 
 Test 196 [20 21] (-0.607251 - -0.606476)=0.000775
$ 196 [18 21 14 19 23 20] 
@; 2.864912; -0.654493; -0.606476; -0.744010; -0.615090; -0.584389; -0.607251; 
 Test 197 [20 21] (-0.606774 - -0.606033)=0.000741
$ 197 [18 21 14 19 23 20] 
@; 2.874937; -0.654557; -0.606033; -0.744118; -0.615264; -0.584525; -0.606774; 
 Test 198 [20 21] (-0.606349 - -0.605628)=0.000721
$ 198 [18 21 14 19 23 20] 
@; 2.884962; -0.654632; -0.605628; -0.743893; -0.614971; -0.584519; -0.606349; 
 Test 199 [20 21] (-0.605880 - -0.605190)=0.000690
$ 199 [18 21 14 19 23 20] 
@; 2.894987; -0.654715; -0.605190; -0.744102; -0.615323; -0.584678; -0.605880; 
 Test 200 [20 21] (-0.605417 - -0.604751)=0.000666
$ 200 [18 21 14 19 23 20] 
@; 2.905013; -0.654775; -0.604751; -0.744216; -0.615506; -0.584810; -0.605417; 
 Test 201 [20 21] (-0.605001 - -0.604350)=0.000651
$ 201 [18 21 14 19 23 20] 
@; 2.915038; -0.654850; -0.604350; -0.743996; -0.615211; -0.584800; -0.605001; 
 Test 202 [20 21] (-0.604548 - -0.603918)=0.000630
$ 202 [18 21 14 19 23 20] 
@; 2.925063; -0.654928; -0.603918; -0.744209; -0.615568; -0.584953; -0.604548; 
 Test 203 [20 21] (-0.604099 - -0.603486)=0.000613
$ 203 [18 21 14 19 23 20] 
@; 2.935088; -0.654983; -0.603486; -0.744326; -0.615751; -0.585079; -0.604099; 
 Test 204 [20 21] (-0.603691 - -0.603092)=0.000599
$ 204 [18 21 14 19 23 20] 
@; 2.945113; -0.655062; -0.603092; -0.744114; -0.615460; -0.585068; -0.603691; 
 Test 205 [20 21] (-0.603253 - -0.602668)=0.000585
$ 205 [18 21 14 19 23 20] 
@; 2.955138; -0.655132; -0.602668; -0.744328; -0.615814; -0.585214; -0.603253; 
 Test 206 [20 21] (-0.602819 - -0.602247)=0.000572
$ 206 [18 21 14 19 23 20] 
@; 2.965163; -0.655184; -0.602247; -0.744448; -0.615997; -0.585334; -0.602819; 
 Test 207 [20 21] (-0.602419 - -0.601858)=0.000561
$ 207 [18 21 14 19 23 20] 
@; 2.975188; -0.655259; -0.601858; -0.744236; -0.615699; -0.585318; -0.602419; 
 Test 208 [20 21] (-0.601995 - -0.601445)=0.000550
$ 208 [18 21 14 19 23 20] 
@; 2.985213; -0.655328; -0.601445; -0.744454; -0.616056; -0.585461; -0.601995; 
 Test 209 [20 21] (-0.601574 - -0.601034)=0.000540
$ 209 [18 21 14 19 23 20] 
@; 2.995238; -0.655376; -0.601034; -0.744576; -0.616237; -0.585576; -0.601574; 
 Test 210 [20 21] (-0.601182 - -0.600652)=0.000530
$ 210 [18 21 14 19 23 20] 
@; 3.005263; -0.655454; -0.600652; -0.744368; -0.615939; -0.585557; -0.601182; 
 Test 211 [20 21] (-0.600772 - -0.600251)=0.000521
$ 211 [18 21 14 19 23 20] 
@; 3.015288; -0.655516; -0.600251; -0.744585; -0.616292; -0.585694; -0.600772; 
$ 212 [18 21 14 19 23 20] 
@; 3.025313; -0.655561; -0.599850; -0.744709; -0.616471; -0.585805; -0.600363; 
$ 213 [18 21 14 19 23 20] 
@; 3.035338; -0.655639; -0.599474; -0.744502; -0.616170; -0.585784; -0.599978; 
  *** 214 Swap 21 <=> 22 [23 <=> 20]       (0.001178 0.000353 0.000436) [-0.599850 -0.598672] [-0.599084 -0.598731] [-0.598761 -0.598325]       ang 13.084645 34.972514 21.587830 43.475699 
     ### [18 21 14 19 20 23]            cmap 214 =[ 0 1 2 3 4 5 6 7 8 9 11 10 13 12 15 16 17 18 21 14 19 20 23 24 22 26 25 30 29 27 28 31 33 32 34 36 35 37 43 39 38 42 40 41 45 44 46 47 49 48 51 54 50 52 56 53 55 57 58 59 61 62 60 63 66 64 65 67 68 71 69 70 72 76 73 74 77 75 78 79 80 85 81 82 83 84 87 86 88 90 91 93 94 89 95 98 92 103 96 97 99 100 101 102 104 105 109 107 108 112 106 115 110 113 111 116 120 118 119 121 114 122 124 117 128 127 123 125 129 126 131 134 133 138 137 132 136 130 139 142 135 141 147 140 144 145 146 149 148 153 143 151 150 154 152 157 158 159 161 155 156 166 163 162 160 164 167 170 165 168 169 172 174 173 171 175 176 178 177 180 179 181 183 182 184 188 185 187 189 190 192 186 193 191 194 199 196 200 198 195 197 203 202 205 201 204 206 210 207 209 212 208 213 211 214 216 218 215 217 220 222 219 221 223 224 226 225 227 228 ]
$ 214 [18 21 14 19 20 23] 
@; 3.045363; -0.655697; -0.599084; -0.744720; -0.616521; -0.599581; -0.585916; 
$ 215 [18 21 14 19 20 23] 
@; 3.055388; -0.655740; -0.598767; -0.744846; -0.616699; -0.599186; -0.586023; 
  *** 216 Swap 20 <=> 21 [19 <=> 20]       (0.000497 0.000046 0.000830) [-0.599581 -0.599084] [-0.598807 -0.598761] [-0.598868 -0.598038]       ang 1.832042 43.359612 21.502401 20.025169 
     ### [18 21 14 20 19 23]            cmap 216 =[ 0 1 2 3 4 5 6 7 8 9 11 10 13 12 15 16 17 18 21 14 20 19 23 24 22 26 25 30 29 27 28 31 33 32 34 36 35 37 43 39 38 42 40 41 45 44 46 47 49 48 51 54 50 52 56 53 55 57 58 59 61 62 60 63 66 64 65 67 68 71 69 70 72 76 73 74 77 75 78 79 80 85 81 82 83 84 87 86 88 90 91 93 94 89 95 98 92 96 103 97 99 100 101 102 104 105 109 107 108 112 106 115 110 113 111 116 120 118 119 121 114 122 124 117 128 127 123 125 129 126 131 134 133 137 138 132 136 130 139 142 135 141 147 140 144 145 146 149 148 153 143 151 150 154 152 157 158 159 161 155 156 166 163 162 160 164 167 170 165 168 169 172 174 173 171 175 176 178 177 180 179 181 183 182 184 188 185 187 189 190 192 186 193 191 199 194 196 200 198 195 197 203 202 205 201 204 210 206 207 209 212 208 213 211 214 216 218 215 217 220 222 219 221 223 224 226 225 227 228 ]
$ 216 [18 21 14 20 19 23] 
@; 3.065414; -0.655816; -0.598761; -0.744639; -0.598807; -0.616393; -0.585999; 
$ 217 [18 21 14 20 19 23] 
@; 3.075439; -0.655871; -0.598422; -0.744857; -0.598832; -0.616741; -0.586126; 
$ 218 [18 21 14 20 19 23] 
@; 3.085464; -0.655909; -0.598038; -0.744982; -0.598868; -0.616915; -0.586228; 
$ 219 [18 21 14 20 19 23] 
@; 3.095489; -0.655986; -0.597666; -0.744777; -0.598867; -0.616608; -0.586203; 
$ 220 [18 21 14 20 19 23] 
@; 3.105514; -0.656037; -0.597293; -0.744994; -0.598938; -0.616953; -0.586326; 
$ 221 [18 21 14 20 19 23] 
@; 3.115539; -0.656073; -0.596919; -0.745119; -0.598976; -0.617124; -0.586424; 
$ 222 [18 21 14 20 19 23] 
@; 3.125564; -0.656147; -0.596553; -0.744913; -0.598976; -0.616811; -0.586395; 
$ 223 [18 21 14 20 19 23] 
@; 3.135589; -0.656197; -0.596192; -0.745131; -0.599049; -0.617156; -0.586516; 
$ 224 [18 21 14 20 19 23] 
@; 3.145614; -0.656230; -0.595828; -0.745255; -0.599087; -0.617324; -0.586611; 
$ 225 [18 21 14 20 19 23] 
@; 3.155639; -0.656306; -0.595467; -0.745052; -0.599091; -0.617011; -0.586581; 
$ 226 [18 21 14 20 19 23] 
@; 3.165664; -0.656350; -0.595117; -0.745267; -0.599163; -0.617350; -0.586697; 
$ 227 [18 21 14 20 19 23] 
@; 3.175689; -0.656380; -0.594763; -0.745390; -0.599201; -0.617515; -0.586789; 
$ 228 [18 21 14 20 19 23] 
@; 3.185714; -0.656456; -0.594408; -0.745186; -0.599205; -0.617199; -0.586757; 
$ 229 [18 21 14 20 19 23] 
@; 3.195739; -0.656500; -0.594067; -0.745404; -0.599281; -0.617539; -0.586872; 
$ 230 [18 21 14 20 19 23] 
@; 3.205764; -0.656525; -0.593722; -0.745523; -0.599315; -0.617698; -0.586958; 
$ 231 [18 21 14 20 19 23] 
@; 3.215789; -0.656597; -0.593373; -0.745316; -0.599319; -0.617377; -0.586923; 
$ 232 [18 21 14 20 19 23] 
@; 3.225815; -0.656638; -0.593042; -0.745533; -0.599392; -0.617714; -0.587035; 
$ 233 [18 21 14 20 19 23] 
@; 3.235840; -0.656663; -0.592706; -0.745654; -0.599429; -0.617874; -0.587120; 
$ 234 [18 21 14 20 19 23] 
@; 3.245865; -0.656739; -0.592362; -0.745449; -0.599436; -0.617554; -0.587085; 
$ 235 [18 21 14 20 19 23] 
@; 3.255890; -0.656776; -0.592040; -0.745665; -0.599509; -0.617888; -0.587193; 
$ 236 [18 21 14 20 19 23] 
@; 3.265915; -0.656796; -0.591714; -0.745782; -0.599542; -0.618041; -0.587274; 
$ 237 [18 21 14 20 19 23] 
@; 3.275940; -0.656871; -0.591374; -0.745576; -0.599550; -0.617719; -0.587237; 
$ 238 [18 21 14 20 19 23] 
@; 3.285965; -0.656903; -0.591062; -0.745787; -0.599618; -0.618047; -0.587340; 
$ 239 [18 21 14 20 19 23] 
@; 3.295990; -0.656924; -0.590744; -0.745906; -0.599653; -0.618201; -0.587420; 
$ 240 [18 21 14 20 19 23] 
@; 3.306015; -0.656998; -0.590409; -0.745700; -0.599662; -0.617877; -0.587381; 
$ 241 [18 21 14 20 19 23] 
@; 3.316040; -0.657027; -0.590106; -0.745909; -0.599728; -0.618202; -0.587481; 
$ 242 [18 21 14 20 19 23] 
@; 3.326065; -0.657045; -0.589795; -0.746026; -0.599762; -0.618353; -0.587558; 
$ 243 [18 21 14 20 19 23] 
@; 3.336090; -0.657119; -0.589467; -0.745819; -0.599769; -0.618026; -0.587519; 
$ 244 [18 21 14 20 19 23] 
@; 3.346115; -0.657146; -0.589171; -0.746027; -0.599835; -0.618349; -0.587616; 
$ 245 [18 21 14 20 19 23] 
@; 3.356140; -0.657163; -0.588870; -0.746143; -0.599867; -0.618499; -0.587691; 
$ 246 [18 21 14 20 19 23] 
@; 3.366165; -0.657236; -0.588546; -0.745936; -0.599875; -0.618171; -0.587649; 
  *** 247 Swap 22 <=> 23 [23 <=> 24]       (0.000829 0.000172 0.000329) [-0.588520 -0.587691] [-0.587916 -0.587744] [-0.587636 -0.587307]       ang 6.996624 23.628414 18.893802 35.525592 
     ### [18 21 14 20 19 24]            cmap 247 =[ 0 1 2 3 4 5 6 7 8 9 11 10 13 12 15 16 17 18 21 14 20 19 24 23 22 26 25 30 29 27 28 31 33 32 34 36 35 37 43 39 38 42 40 41 45 44 46 47 49 48 51 54 50 52 56 53 55 57 58 59 61 63 62 60 66 64 65 67 68 71 69 70 72 76 73 74 75 77 78 79 80 85 81 82 83 84 87 86 88 90 91 93 94 95 89 98 92 97 99 96 103 100 101 102 104 105 109 107 108 112 106 110 113 115 116 111 120 118 119 121 114 124 122 117 128 123 127 129 125 126 131 134 133 137 138 132 136 130 135 142 139 141 147 140 144 145 146 149 148 153 150 143 151 154 152 157 158 159 161 155 156 162 166 163 164 160 167 170 165 168 169 172 173 174 175 171 176 178 177 180 179 181 183 182 184 188 185 187 189 190 192 186 193 199 191 196 194 198 200 195 202 197 203 205 201 204 210 206 207 209 212 208 213 211 214 216 218 215 217 220 222 221 219 223 224 226 225 227 228 ]
$ 247 [18 21 14 20 19 24] 
@; 3.376190; -0.657260; -0.588259; -0.746142; -0.599939; -0.618491; -0.556790; 
  *** 248 Swap 21 <=> 22 [19 <=> 24]       (0.000345 0.000155 0.000509) [-0.588546 -0.588201] [-0.587968 -0.587813] [-0.587870 -0.587361]       ang 5.344015 32.072805 16.076354 10.652436 
     ### [18 21 14 20 24 19]            cmap 248 =[ 0 1 2 3 4 5 6 7 8 9 11 10 13 12 15 16 17 18 21 14 20 24 19 23 22 26 25 30 29 27 28 31 33 32 34 36 35 37 43 39 38 42 40 41 45 44 46 47 49 48 51 54 50 52 56 53 55 57 58 59 61 63 62 60 66 64 65 67 68 71 69 70 72 76 73 74 75 77 78 79 80 85 81 82 83 84 87 86 88 90 91 93 94 95 89 98 92 97 99 96 103 100 101 102 104 105 109 107 108 112 106 110 113 115 116 111 120 118 119 121 114 124 122 117 128 123 127 129 125 126 131 134 133 137 138 132 136 130 135 142 139 141 147 140 144 145 146 149 148 153 150 143 151 154 152 157 158 159 161 155 156 162 166 163 164 160 167 170 165 168 169 172 173 174 175 171 176 178 177 180 179 181 183 182 184 188 185 187 189 190 192 186 193 199 191 196 194 198 200 195 202 197 203 205 201 204 210 206 207 209 212 208 213 211 214 216 218 215 217 220 222 221 219 223 224 226 225 227 228 ]
$ 248 [18 21 14 20 24 19] 
@; 3.386216; -0.657274; -0.587968; -0.746256; -0.599970; -0.556486; -0.618638; 
$ 249 [18 21 14 20 24 19] 
@; 3.396241; -0.657348; -0.587779; -0.746046; -0.599978; -0.556166; -0.618305; 
$ 250 [18 21 14 20 24 19] 
@; 3.406266; -0.657373; -0.587870; -0.746255; -0.600044; -0.555877; -0.618628; 
$ 251 [18 21 14 20 24 19] 
@; 3.416291; -0.657383; -0.587938; -0.746365; -0.600071; -0.555580; -0.618770; 
$ 252 [18 21 14 20 24 19] 
@; 3.426316; -0.657455; -0.587894; -0.746157; -0.600078; -0.555264; -0.618438; 
$ 253 [18 21 14 20 24 19] 
@; 3.436341; -0.657478; -0.587987; -0.746363; -0.600143; -0.554981; -0.618758; 
$ 254 [18 21 14 20 24 19] 
@; 3.446366; -0.657521; -0.587978; -0.746225; -0.600148; -0.554673; -0.618531; 
$ 255 [18 21 14 20 24 19] 
@; 3.456391; -0.657541; -0.588066; -0.746426; -0.600203; -0.554393; -0.618838; 
$ 256 [18 21 14 20 24 19] 
@; 3.466416; -0.657585; -0.588053; -0.746293; -0.600209; -0.554087; -0.618613; 
$ 257 [18 21 14 20 24 19] 
@; 3.476441; -0.657607; -0.588141; -0.746495; -0.600265; -0.553811; -0.618919; 
$ 258 [18 21 14 20 24 19] 
@; 3.486466; -0.657653; -0.588127; -0.746363; -0.600273; -0.553508; -0.618694; 
$ 259 [18 21 14 20 24 19] 
@; 3.496491; -0.657671; -0.588212; -0.746562; -0.600328; -0.553236; -0.618997; 
$ 260 [18 21 14 20 24 19] 
@; 3.506516; -0.657715; -0.588196; -0.746428; -0.600334; -0.552935; -0.618770; 
$ 261 [18 21 14 20 24 19] 
@; 3.516541; -0.657734; -0.588281; -0.746628; -0.600389; -0.552668; -0.619073; 
 Test 262 [16 17] (-0.677928 - -0.672933)=0.004995
$ 262 [18 21 14 20 24 19] 
@; 3.526566; -0.657778; -0.588265; -0.746494; -0.600394; -0.552369; -0.618846; 
 Test 263 [16 17] (-0.677654 - -0.672963)=0.004691
$ 263 [18 21 14 20 24 19] 
@; 3.536591; -0.657795; -0.588349; -0.746693; -0.600448; -0.552105; -0.619148; 
 Test 264 [16 17] (-0.677349 - -0.672995)=0.004354
$ 264 [18 21 14 20 24 19] 
@; 3.546617; -0.657838; -0.588331; -0.746558; -0.600453; -0.551809; -0.618919; 
 Test 265 [16 17] (-0.677080 - -0.673023)=0.004057
$ 265 [18 21 14 20 24 19] 
@; 3.556642; -0.657855; -0.588414; -0.746756; -0.600506; -0.551550; -0.619220; 
 Test 266 [16 17] (-0.676778 - -0.673056)=0.003722
$ 266 [18 21 14 20 24 19] 
@; 3.566667; -0.657900; -0.588397; -0.746622; -0.600513; -0.551256; -0.618992; 
 Test 267 [16 17] (-0.676515 - -0.673080)=0.003435
$ 267 [18 21 14 20 24 19] 
@; 3.576692; -0.657914; -0.588478; -0.746818; -0.600563; -0.551000; -0.619290; 
 Test 268 [16 17] (-0.676219 - -0.673110)=0.003109
$ 268 [18 21 14 20 24 19] 
@; 3.586717; -0.657958; -0.588461; -0.746683; -0.600569; -0.550710; -0.619062; 
 Test 269 [16 17] (-0.675962 - -0.673132)=0.002830
$ 269 [18 21 14 20 24 19] 
@; 3.596742; -0.657970; -0.588540; -0.746879; -0.600619; -0.550458; -0.619359; 
 Test 270 [16 17] (-0.675671 - -0.673158)=0.002513
$ 270 [18 21 14 20 24 19] 
@; 3.606767; -0.658012; -0.588521; -0.746742; -0.600624; -0.550170; -0.619127; 
 Test 271 [16 17] (-0.675421 - -0.673177)=0.002244
$ 271 [18 21 14 20 24 19] 
@; 3.616792; -0.658026; -0.588600; -0.746937; -0.600674; -0.549922; -0.619425; 
 Test 272 [16 17] (-0.675139 - -0.673197)=0.001942
$ 272 [18 21 14 20 24 19] 
@; 3.626817; -0.658067; -0.588580; -0.746800; -0.600678; -0.549636; -0.619192; 
 Test 273 [16 17] (-0.674899 - -0.673209)=0.001690
$ 273 [18 21 14 20 24 19] 
@; 3.636842; -0.658079; -0.588658; -0.746995; -0.600727; -0.549392; -0.619489; 
 Test 274 [16 17] (-0.674631 - -0.673216)=0.001415
$ 274 [18 21 14 20 24 19] 
@; 3.646867; -0.658120; -0.588637; -0.746857; -0.600731; -0.549110; -0.619255; 
 Test 275 [16 17] (-0.674409 - -0.673213)=0.001196
$ 275 [18 21 14 20 24 19] 
@; 3.656892; -0.658132; -0.588715; -0.747051; -0.600779; -0.548869; -0.619551; 
 Test 276 [16 17] (-0.674175 - -0.673190)=0.000985
$ 276 [18 21 14 20 24 19] 
@; 3.666917; -0.658172; -0.588693; -0.746911; -0.600782; -0.548589; -0.619316; 
 Test 277 [16 17] (-0.673999 - -0.673144)=0.000855
$ 277 [18 21 14 20 24 19] 
@; 3.676942; -0.658183; -0.588770; -0.747105; -0.600829; -0.548352; -0.619612; 
 Test 278 [16 17] (-0.673846 - -0.673042)=0.000804
$ 278 [17 21 14 20 24 19] 
@; 3.686967; -0.673042; -0.588747; -0.746966; -0.600832; -0.548076; -0.619376; 
 Test 279 [16 17] (-0.673759 - -0.672910)=0.000849
$ 279 [17 21 14 20 24 19] 
@; 3.696992; -0.672910; -0.588823; -0.747158; -0.600878; -0.547842; -0.619671; 
 Test 280 [16 17] (-0.673708 - -0.672707)=0.001001
$ 280 [17 21 14 20 24 19] 
@; 3.707018; -0.672707; -0.588800; -0.747018; -0.600881; -0.547568; -0.619434; 
 Test 281 [16 17] (-0.673686 - -0.672514)=0.001172
$ 281 [17 21 14 20 24 19] 
@; 3.717043; -0.672514; -0.588875; -0.747210; -0.600926; -0.547337; -0.619728; 
 Test 282 [16 17] (-0.673683 - -0.672267)=0.001416
$ 282 [17 21 14 20 24 19] 
@; 3.727068; -0.672267; -0.588851; -0.747069; -0.600929; -0.547065; -0.619490; 
 Test 283 [16 17] (-0.673684 - -0.672052)=0.001632
$ 283 [17 21 14 20 24 19] 
@; 3.737093; -0.672052; -0.588925; -0.747260; -0.600973; -0.546838; -0.619782; 
 Test 284 [16 17] (-0.673697 - -0.671791)=0.001906
$ 284 [17 21 14 20 24 19] 
@; 3.747118; -0.671791; -0.588901; -0.747119; -0.600976; -0.546569; -0.619546; 
 Test 285 [16 17] (-0.673706 - -0.671571)=0.002135
$ 285 [17 21 14 20 24 19] 
@; 3.757143; -0.671571; -0.588974; -0.747310; -0.601019; -0.546345; -0.619837; 
 Test 286 [16 17] (-0.673726 - -0.671305)=0.002421
$ 286 [17 21 14 20 24 19] 
@; 3.767168; -0.671305; -0.588949; -0.747168; -0.601021; -0.546078; -0.619599; 
 Test 287 [16 17] (-0.673738 - -0.671084)=0.002654
$ 287 [17 21 14 20 24 19] 
@; 3.777193; -0.671084; -0.589022; -0.747358; -0.601064; -0.545856; -0.619890; 
 Test 288 [16 17] (-0.673761 - -0.670817)=0.002944
$ 288 [17 21 14 20 24 19] 
@; 3.787218; -0.670817; -0.588997; -0.747216; -0.601066; -0.545592; -0.619651; 
 Test 289 [16 17] (-0.673774 - -0.670598)=0.003176
$ 289 [17 21 14 20 24 19] 
@; 3.797243; -0.670598; -0.589068; -0.747405; -0.601108; -0.545373; -0.619941; 
 Test 290 [16 17] (-0.673799 - -0.670332)=0.003467
$ 290 [17 21 14 20 24 19] 
@; 3.807268; -0.670332; -0.589043; -0.747263; -0.601109; -0.545111; -0.619702; 
 Test 291 [16 17] (-0.673813 - -0.670114)=0.003699
$ 291 [17 21 14 20 24 19] 
@; 3.817293; -0.670114; -0.589114; -0.747452; -0.601151; -0.544895; -0.619991; 
 Test 292 [16 17] (-0.673839 - -0.669849)=0.003990
$ 292 [17 21 14 20 24 19] 
@; 3.827318; -0.669849; -0.589089; -0.747311; -0.601154; -0.544635; -0.619754; 
 Test 293 [16 17] (-0.673852 - -0.669633)=0.004219
$ 293 [17 21 14 20 24 19] 
@; 3.837343; -0.669633; -0.589159; -0.747498; -0.601193; -0.544422; -0.620040; 
 Test 294 [16 17] (-0.673878 - -0.669370)=0.004508
$ 294 [17 21 14 20 24 19] 
@; 3.847368; -0.669370; -0.589132; -0.747354; -0.601194; -0.544164; -0.619800; 
 Test 295 [16 17] (-0.673892 - -0.669157)=0.004735
$ 295 [17 21 14 20 24 19] 
@; 3.857393; -0.669157; -0.589202; -0.747542; -0.601235; -0.543953; -0.620088; 
$ 296 [17 21 14 20 24 19] 
@; 3.867419; -0.668896; -0.589177; -0.747401; -0.601237; -0.543697; -0.619850; 
$ 297 [17 21 14 20 24 19] 
@; 3.877444; -0.668685; -0.589245; -0.747586; -0.601275; -0.543489; -0.620135; 
$ 298 [17 21 14 20 24 19] 
@; 3.887469; -0.668425; -0.589219; -0.747443; -0.601278; -0.543235; -0.619895; 
$ 299 [17 21 14 20 24 19] 
@; 3.897494; -0.668216; -0.589287; -0.747628; -0.601315; -0.543030; -0.620179; 
$ 300 [17 21 14 20 24 19] 
@; 3.907519; -0.667959; -0.589261; -0.747486; -0.601317; -0.542778; -0.619941; 
$ 301 [17 21 14 20 24 19] 
@; 3.917544; -0.667753; -0.589328; -0.747670; -0.601354; -0.542575; -0.620224; 
$ 302 [17 21 14 20 24 19] 
@; 3.927569; -0.667499; -0.589301; -0.747525; -0.601354; -0.542325; -0.619982; 
$ 303 [17 21 14 20 24 19] 
@; 3.937594; -0.667295; -0.589369; -0.747711; -0.601392; -0.542125; -0.620268; 
$ 304 [17 21 14 20 24 19] 
@; 3.947619; -0.667042; -0.589341; -0.747569; -0.601394; -0.541877; -0.620028; 
$ 305 [17 21 14 20 24 19] 
@; 3.957644; -0.666841; -0.589408; -0.747752; -0.601430; -0.541680; -0.620310; 
$ 306 [17 21 14 20 24 19] 
@; 3.967669; -0.666590; -0.589380; -0.747609; -0.601431; -0.541434; -0.620071; 
$ 307 [17 21 14 20 24 19] 
@; 3.977694; -0.666392; -0.589446; -0.747792; -0.601466; -0.541239; -0.620352; 
$ 308 [17 21 14 20 24 19] 
@; 3.987719; -0.666144; -0.589417; -0.747648; -0.601468; -0.540996; -0.620112; 
$ 309 [17 21 14 20 24 19] 
@; 3.997744; -0.665948; -0.589482; -0.747830; -0.601502; -0.540804; -0.620393; 
$ 310 [17 21 14 20 24 19] 
@; 4.007769; -0.665702; -0.589453; -0.747686; -0.601503; -0.540563; -0.620152; 
$ 311 [17 21 14 20 24 19] 
@; 4.017794; -0.665509; -0.589518; -0.747868; -0.601536; -0.540373; -0.620432; 
$ 312 [17 21 14 20 24 19] 
@; 4.027820; -0.665266; -0.589489; -0.747723; -0.601537; -0.540134; -0.620191; 
$ 313 [17 21 14 20 24 19] 
@; 4.037845; -0.665075; -0.589553; -0.747904; -0.601570; -0.539947; -0.620471; 
$ 314 [17 21 14 20 24 19] 
@; 4.047870; -0.664834; -0.589522; -0.747757; -0.601568; -0.539710; -0.620226; 
$ 315 [17 21 14 20 24 19] 
@; 4.057895; -0.664645; -0.589587; -0.747940; -0.601602; -0.539525; -0.620508; 
$ 316 [17 21 14 20 24 19] 
@; 4.067920; -0.664406; -0.589557; -0.747795; -0.601603; -0.539290; -0.620266; 
$ 317 [17 21 14 20 24 19] 
@; 4.077945; -0.664220; -0.589620; -0.747975; -0.601634; -0.539107; -0.620545; 
 Test 318 [17 18] (-0.663983 - -0.659022)=0.004961
$ 318 [17 21 14 20 24 19] 
@; 4.087970; -0.663983; -0.589589; -0.747827; -0.601633; -0.538874; -0.620299; 
 Test 319 [17 18] (-0.663799 - -0.659021)=0.004778
$ 319 [17 21 14 20 24 19] 
@; 4.097995; -0.663799; -0.589653; -0.748009; -0.601666; -0.538693; -0.620581; 
 Test 320 [17 18] (-0.663563 - -0.659056)=0.004507
$ 320 [17 21 14 20 24 19] 
@; 4.108020; -0.663563; -0.589622; -0.747863; -0.601666; -0.538462; -0.620338; 
 Test 321 [17 18] (-0.663381 - -0.659051)=0.004330
$ 321 [17 21 14 20 24 19] 
@; 4.118045; -0.663381; -0.589685; -0.748043; -0.601697; -0.538283; -0.620616; 
 Test 322 [17 18] (-0.663148 - -0.659086)=0.004062
$ 322 [17 21 14 20 24 19] 
@; 4.128070; -0.663148; -0.589654; -0.747896; -0.601697; -0.538053; -0.620373; 
 Test 323 [17 18] (-0.662968 - -0.659082)=0.003886
$ 323 [17 21 14 20 24 19] 
@; 4.138095; -0.662968; -0.589716; -0.748076; -0.601727; -0.537876; -0.620650; 
 Test 324 [17 18] (-0.662736 - -0.659117)=0.003619
$ 324 [17 21 14 20 24 19] 
@; 4.148120; -0.662736; -0.589684; -0.747929; -0.601727; -0.537649; -0.620406; 
 Test 325 [17 18] (-0.662559 - -0.659113)=0.003446
$ 325 [17 21 14 20 24 19] 
@; 4.158145; -0.662559; -0.589747; -0.748109; -0.601758; -0.537474; -0.620685; 
 Test 326 [17 18] (-0.662329 - -0.659146)=0.003183
$ 326 [17 21 14 20 24 19] 
@; 4.168170; -0.662329; -0.589715; -0.747961; -0.601757; -0.537248; -0.620440; 
 Test 327 [17 18] (-0.662153 - -0.659142)=0.003011
$ 327 [17 21 14 20 24 19] 
@; 4.178195; -0.662153; -0.589777; -0.748141; -0.601787; -0.537075; -0.620718; 
 Test 328 [17 18] (-0.661925 - -0.659175)=0.002750
$ 328 [17 21 14 20 24 19] 
@; 4.188221; -0.661925; -0.589745; -0.747992; -0.601786; -0.536850; -0.620473; 
 Test 329 [17 18] (-0.661751 - -0.659170)=0.002581
$ 329 [17 21 14 20 24 19] 
@; 4.198246; -0.661751; -0.589807; -0.748171; -0.601814; -0.536679; -0.620749; 
 Test 330 [17 18] (-0.661525 - -0.659204)=0.002321
$ 330 [17 21 14 20 24 19] 
@; 4.208271; -0.661525; -0.589774; -0.748023; -0.601814; -0.536457; -0.620505; 
 Test 331 [17 18] (-0.661353 - -0.659198)=0.002155
$ 331 [17 21 14 20 24 19] 
@; 4.218296; -0.661353; -0.589836; -0.748202; -0.601842; -0.536287; -0.620781; 
 Test 332 [17 18] (-0.661128 - -0.659232)=0.001896
$ 332 [17 21 14 20 24 19] 
@; 4.228321; -0.661128; -0.589803; -0.748054; -0.601842; -0.536066; -0.620536; 
 Test 333 [17 18] (-0.660958 - -0.659226)=0.001732
$ 333 [17 21 14 20 24 19] 
@; 4.238346; -0.660958; -0.589864; -0.748232; -0.601870; -0.535898; -0.620812; 
 Test 334 [17 18] (-0.660736 - -0.659259)=0.001477
$ 334 [17 21 14 20 24 19] 
@; 4.248371; -0.660736; -0.589831; -0.748083; -0.601869; -0.535679; -0.620567; 
 Test 335 [17 18] (-0.660567 - -0.659253)=0.001314
$ 335 [17 21 14 20 24 19] 
@; 4.258396; -0.660567; -0.589892; -0.748261; -0.601897; -0.535513; -0.620843; 
 Test 336 [17 18] (-0.660346 - -0.659286)=0.001060
$ 336 [17 21 14 20 24 19] 
@; 4.268421; -0.660346; -0.589859; -0.748113; -0.601896; -0.535296; -0.620597; 
 Test 337 [17 18] (-0.660179 - -0.659280)=0.000899
$ 337 [17 21 14 20 24 19] 
@; 4.278446; -0.660179; -0.589920; -0.748290; -0.601924; -0.535131; -0.620872; 
 Test 338 [17 18] (-0.659960 - -0.659313)=0.000647
$ 338 [17 21 14 20 24 19] 
@; 4.288471; -0.659960; -0.589887; -0.748141; -0.601923; -0.534915; -0.620627; 
 Test 339 [17 18] (-0.659795 - -0.659306)=0.000489
$ 339 [17 21 14 20 24 19] 
@; 4.298496; -0.659795; -0.589947; -0.748319; -0.601950; -0.534752; -0.620902; 
 Test 340 [17 18] (-0.659578 - -0.659337)=0.000241
$ 340 [17 21 14 20 24 19] 
@; 4.308521; -0.659578; -0.589912; -0.748167; -0.601946; -0.534539; -0.620653; 
 Test 341 [17 18] (-0.659415 - -0.659333)=0.000082
  *** 341 Swap 17 <=> 18 [17 <=> 21]       (0.000489 0.000082 0.000320) [-0.659795 -0.659306] [-0.659415 -0.659333] [-0.659358 -0.659038]       ang 4.259058 21.916053 4.807133 22.464128 
     ### [21 17 14 20 24 19]            cmap 341 =[ 0 1 2 3 4 5 6 7 8 9 11 10 13 12 15 16 18 21 17 14 20 24 19 23 22 26 25 30 29 27 33 28 31 32 34 36 35 37 43 39 38 42 40 41 45 44 46 47 49 48 51 54 52 50 56 53 55 57 58 59 61 63 62 60 66 64 65 68 69 67 71 72 70 76 73 74 75 77 78 80 79 85 81 82 84 83 86 87 88 91 90 93 94 95 92 89 98 97 99 96 103 100 101 102 104 105 109 107 108 113 112 106 110 116 111 120 115 118 121 119 124 117 114 123 122 127 129 125 126 128 131 134 133 137 138 132 136 130 135 139 142 141 147 140 144 146 145 149 148 150 143 151 153 154 152 157 159 158 161 155 162 156 166 163 167 164 160 168 170 165 169 173 172 175 174 171 176 178 177 179 180 181 183 182 185 184 188 187 190 189 192 199 186 193 191 196 198 194 203 200 195 202 197 205 201 204 207 210 206 209 212 208 213 211 214 216 218 215 217 220 222 219 221 223 224 226 227 225 228 ]
$ 341 [21 17 14 20 24 19] 
@; 4.318546; -0.589974; -0.659415; -0.748348; -0.601977; -0.534378; -0.620932; 
 Test 342 [17 18] (-0.659364 - -0.659199)=0.000165
$ 342 [21 17 14 20 24 19] 
@; 4.328571; -0.589940; -0.659364; -0.748197; -0.601974; -0.534165; -0.620685; 
 Test 343 [17 18] (-0.659358 - -0.659038)=0.000320
$ 343 [21 17 14 20 24 19] 
@; 4.338596; -0.590000; -0.659358; -0.748375; -0.602001; -0.534006; -0.620960; 
 Test 344 [17 18] (-0.659390 - -0.658824)=0.000566
$ 344 [21 17 14 20 24 19] 
@; 4.348622; -0.589966; -0.659390; -0.748225; -0.601999; -0.533795; -0.620713; 
 Test 345 [17 18] (-0.659382 - -0.658665)=0.000717
$ 345 [21 17 14 20 24 19] 
@; 4.358647; -0.590025; -0.659382; -0.748401; -0.602025; -0.533637; -0.620986; 
 Test 346 [17 18] (-0.659412 - -0.658453)=0.000959
$ 346 [21 17 14 20 24 19] 
@; 4.368672; -0.589990; -0.659412; -0.748249; -0.602020; -0.533429; -0.620736; 
 Test 347 [17 18] (-0.659406 - -0.658295)=0.001111
$ 347 [21 17 14 20 24 19] 
@; 4.378697; -0.590050; -0.659406; -0.748427; -0.602049; -0.533273; -0.621013; 
 Test 348 [17 18] (-0.659436 - -0.658086)=0.001350
$ 348 [21 17 14 20 24 19] 
@; 4.388722; -0.590014; -0.659436; -0.748274; -0.602044; -0.533066; -0.620763; 
 Test 349 [17 18] (-0.659431 - -0.657930)=0.001501
$ 349 [21 17 14 20 24 19] 
@; 4.398747; -0.590074; -0.659431; -0.748454; -0.602073; -0.532912; -0.621040; 
 Test 350 [17 18] (-0.659460 - -0.657721)=0.001739
$ 350 [21 17 14 20 24 19] 
@; 4.408772; -0.590038; -0.659460; -0.748299; -0.602067; -0.532707; -0.620787; 
 Test 351 [17 18] (-0.659454 - -0.657567)=0.001887
$ 351 [21 17 14 20 24 19] 
@; 4.418797; -0.590098; -0.659454; -0.748478; -0.602095; -0.532554; -0.621065; 
 Test 352 [17 18] (-0.659484 - -0.657360)=0.002124
$ 352 [21 17 14 20 24 19] 
@; 4.428822; -0.590062; -0.659484; -0.748327; -0.602091; -0.532350; -0.620818; 
 Test 353 [17 18] (-0.659476 - -0.657208)=0.002268
$ 353 [21 17 14 20 24 19] 
@; 4.438847; -0.590121; -0.659476; -0.748502; -0.602116; -0.532199; -0.621090; 
 Test 354 [17 18] (-0.659507 - -0.657002)=0.002505
$ 354 [21 17 14 20 24 19] 
@; 4.448872; -0.590085; -0.659507; -0.748351; -0.602113; -0.531997; -0.620842; 
 Test 355 [17 18] (-0.659498 - -0.656851)=0.002647
$ 355 [21 17 14 20 24 19] 
@; 4.458897; -0.590144; -0.659498; -0.748526; -0.602138; -0.531848; -0.621114; 
 Test 356 [17 18] (-0.659529 - -0.656648)=0.002881
$ 356 [21 17 14 20 24 19] 
@; 4.468922; -0.590107; -0.659529; -0.748375; -0.602135; -0.531647; -0.620866; 
 Test 357 [17 18] (-0.659520 - -0.656498)=0.003022
$ 357 [21 17 14 20 24 19] 
@; 4.478947; -0.590166; -0.659520; -0.748550; -0.602160; -0.531499; -0.621138; 
 Test 358 [17 18] (-0.659548 - -0.656296)=0.003252
$ 358 [21 17 14 20 24 19] 
@; 4.488972; -0.590128; -0.659548; -0.748396; -0.602154; -0.531300; -0.620887; 
 Test 359 [17 18] (-0.659542 - -0.656148)=0.003394
$ 359 [21 17 14 20 24 19] 
@; 4.498997; -0.590188; -0.659542; -0.748573; -0.602181; -0.531153; -0.621162; 
 Test 360 [17 18] (-0.659570 - -0.655947)=0.003623
$ 360 [21 17 14 20 24 19] 
@; 4.509023; -0.590150; -0.659570; -0.748418; -0.602175; -0.530955; -0.620910; 
 Test 361 [17 18] (-0.659564 - -0.655800)=0.003764
$ 361 [21 17 14 20 24 19] 
@; 4.519048; -0.590210; -0.659564; -0.748596; -0.602202; -0.530810; -0.621186; 
 Test 362 [17 18] (-0.659591 - -0.655601)=0.003990
$ 362 [21 17 14 20 24 19] 
@; 4.529073; -0.590171; -0.659591; -0.748441; -0.602196; -0.530613; -0.620933; 
 Test 363 [17 18] (-0.659583 - -0.655455)=0.004128
$ 363 [21 17 14 20 24 19] 
@; 4.539098; -0.590230; -0.659583; -0.748618; -0.602222; -0.530468; -0.621207; 
 Test 364 [17 18] (-0.659613 - -0.655257)=0.004356
$ 364 [21 17 14 20 24 19] 
@; 4.549123; -0.590193; -0.659613; -0.748466; -0.602219; -0.530273; -0.620959; 
 Test 365 [17 18] (-0.659604 - -0.655113)=0.004491
$ 365 [21 17 14 20 24 19] 
@; 4.559148; -0.590251; -0.659604; -0.748640; -0.602242; -0.530130; -0.621230; 
 Test 366 [17 18] (-0.659632 - -0.654917)=0.004715
$ 366 [21 17 14 20 24 19] 
@; 4.569173; -0.590213; -0.659632; -0.748485; -0.602236; -0.529937; -0.620978; 
 Test 367 [17 18] (-0.659624 - -0.654774)=0.004850
$ 367 [21 17 14 20 24 19] 
@; 4.579198; -0.590271; -0.659624; -0.748662; -0.602262; -0.529795; -0.621252; 
$ 368 [21 17 14 20 24 19] 
@; 4.589223; -0.590234; -0.659654; -0.748509; -0.602258; -0.529603; -0.621003; 
$ 369 [21 17 14 20 24 19] 
@; 4.599248; -0.590291; -0.659644; -0.748683; -0.602281; -0.529463; -0.621273; 
$ 370 [21 17 14 20 24 19] 
@; 4.609273; -0.590254; -0.659673; -0.748530; -0.602278; -0.529271; -0.621024; 
$ 371 [21 17 14 20 24 19] 
@; 4.619298; -0.590311; -0.659663; -0.748704; -0.602300; -0.529133; -0.621294; 
$ 372 [21 17 14 20 24 19] 
@; 4.629323; -0.590273; -0.659692; -0.748551; -0.602297; -0.528943; -0.621045; 
$ 373 [21 17 14 20 24 19] 
@; 4.639348; -0.590331; -0.659682; -0.748724; -0.602319; -0.528805; -0.621315; 
$ 374 [21 17 14 20 24 19] 
@; 4.649373; -0.590293; -0.659711; -0.748571; -0.602315; -0.528617; -0.621066; 
$ 375 [21 17 14 20 24 19] 
@; 4.659398; -0.590350; -0.659701; -0.748744; -0.602337; -0.528481; -0.621336; 
$ 376 [21 17 14 20 24 19] 
@; 4.669424; -0.590311; -0.659728; -0.748589; -0.602331; -0.528294; -0.621083; 
$ 377 [21 17 14 20 24 19] 
@; 4.679449; -0.590369; -0.659720; -0.748764; -0.602355; -0.528158; -0.621356; 
$ 378 [21 17 14 20 24 19] 
@; 4.689474; -0.590330; -0.659747; -0.748608; -0.602349; -0.527973; -0.621103; 
$ 379 [21 17 14 20 24 19] 
@; 4.699499; -0.590387; -0.659738; -0.748784; -0.602373; -0.527838; -0.621376; 
$ 380 [21 17 14 20 24 19] 
@; 4.709524; -0.590349; -0.659766; -0.748630; -0.602370; -0.527653; -0.621126; 
$ 381 [21 17 14 20 24 19] 
@; 4.719549; -0.590405; -0.659756; -0.748803; -0.602391; -0.527521; -0.621395; 
$ 382 [21 17 14 20 24 19] 
@; 4.729574; -0.590367; -0.659784; -0.748649; -0.602387; -0.527337; -0.621145; 
$ 383 [21 17 14 20 24 19] 
@; 4.739599; -0.590423; -0.659773; -0.748822; -0.602408; -0.527206; -0.621414; 
$ 384 [21 17 14 20 24 19] 
@; 4.749624; -0.590384; -0.659800; -0.748666; -0.602402; -0.527024; -0.621161; 
$ 385 [21 17 14 20 24 19] 
@; 4.759649; -0.590442; -0.659792; -0.748842; -0.602426; -0.526894; -0.621435; 
$ 386 [21 17 14 20 24 19] 
@; 4.769674; -0.590401; -0.659817; -0.748684; -0.602418; -0.526713; -0.621179; 
$ 387 [21 17 14 20 24 19] 
@; 4.779699; -0.590458; -0.659807; -0.748859; -0.602441; -0.526584; -0.621451; 
$ 388 [21 17 14 20 24 19] 
@; 4.789724; -0.590418; -0.659833; -0.748702; -0.602435; -0.526405; -0.621197; 
$ 389 [21 17 14 20 24 19] 
@; 4.799749; -0.590475; -0.659824; -0.748876; -0.602458; -0.526277; -0.621469; 
$ 390 [21 17 14 20 24 19] 
@; 4.809774; -0.590435; -0.659850; -0.748719; -0.602451; -0.526099; -0.621215; 
$ 391 [21 17 14 20 24 19] 
@; 4.819800; -0.590491; -0.659840; -0.748894; -0.602473; -0.525972; -0.621487; 
$ 392 [21 17 14 20 24 19] 
@; 4.829825; -0.590452; -0.659868; -0.748739; -0.602469; -0.525795; -0.621236; 
$ 393 [21 17 14 20 24 19] 
@; 4.839850; -0.590508; -0.659857; -0.748912; -0.602489; -0.525670; -0.621505; 
$ 394 [21 17 14 20 24 19] 
@; 4.849875; -0.590467; -0.659882; -0.748754; -0.602482; -0.525494; -0.621250; 
$ 395 [21 17 14 20 24 19] 
@; 4.859900; -0.590523; -0.659872; -0.748928; -0.602504; -0.525370; -0.621521; 
$ 396 [21 17 14 20 24 19] 
@; 4.869925; -0.590483; -0.659899; -0.748773; -0.602500; -0.525195; -0.621270; 
$ 397 [21 17 14 20 24 19] 
@; 4.879950; -0.590540; -0.659889; -0.748945; -0.602519; -0.525072; -0.621539; 
$ 398 [21 17 14 20 24 19] 
@; 4.889975; -0.590499; -0.659915; -0.748789; -0.602515; -0.524898; -0.621286; 
$ 399 [21 17 14 20 24 19] 
@; 4.900000; -0.590554; -0.659903; -0.748961; -0.602534; -0.524776; -0.621554; 
cmap 400 =[ 0 1 2 3 4 5 6 7 8 9 11 10 13 12 15 16 18 21 17 14 20 24 19 23 22 26 25 30 29 27 33 28 31 32 34 36 35 37 43 39 38 42 40 41 45 44 46 47 49 48 51 54 52 50 56 53 55 57 58 59 61 63 62 60 66 64 68 65 69 67 71 72 70 76 73 74 75 77 78 85 80 79 81 82 84 83 86 87 88 91 90 93 94 95 92 89 98 97 96 99 103 100 101 102 104 105 109 107 108 113 112 106 110 111 116 120 115 121 118 124 119 114 117 123 122 129 127 125 126 128 131 134 133 137 132 138 136 130 135 142 139 141 147 140 144 146 145 149 150 148 151 143 153 154 152 157 159 158 161 155 162 156 166 167 163 164 160 168 170 165 173 169 172 175 174 171 176 178 177 179 180 181 183 185 182 184 188 187 190 189 192 199 186 193 196 191 198 194 203 200 195 202 197 205 201 204 207 210 206 209 212 208 213 211 214 216 218 215 217 220 222 219 221 223 224 226 227 225 228 ]
