  *** 7 Swap 20 <=> 21 [20 <=> 21]       (0.000904 0.000531 0.000994) [-0.044966 -0.044062] [-0.045239 -0.044708] [-0.046402 -0.045408]   *** 13 Swap 18 <=> 19 [18 <=> 19]       (0.003958 0.001633 0.003830) [-0.072926 -0.068968] [-0.073955 -0.072322] [-0.078664 -0.074834]   *** 24 Swap 18 <=> 19 [19 <=> 18]       (0.002596 0.000579 0.001112) [-0.082072 -0.079476] [-0.081657 -0.081078] [-0.082423 -0.081311]   *** 28 Swap 21 <=> 22 [20 <=> 22]       (0.003350 0.000241 0.002074) [-0.046454 -0.043104] [-0.045673 -0.045432] [-0.047125 -0.045051]  Test 78 [7 8] (-0.699842 - -0.698311)=0.001531
 Test 79 [7 8] (-0.698416 - -0.696861)=0.001555
 Test 80 [7 8] (-0.697028 - -0.695428)=0.001600
 Test 81 [7 8] (-0.695683 - -0.694011)=0.001672
 Test 82 [7 8] (-0.694390 - -0.692611)=0.001779
 Test 83 [7 8] (-0.693158 - -0.691226)=0.001932
 Test 84 [7 8] (-0.692004 - -0.689858)=0.002146
 Test 85 [7 8] (-0.690954 - -0.688506)=0.002448
 Test 86 [7 8] (-0.690041 - -0.687170)=0.002871
 Test 87 [7 8] (-0.689304 - -0.685850)=0.003454
 Test 87 [8 9] (-0.685850 - -0.681367)=0.004483
 Test 88 [7 8] (-0.688777 - -0.684547)=0.004230
 Test 88 [8 9] (-0.684547 - -0.681069)=0.003478
 Test 89 [8 9] (-0.683262 - -0.680566)=0.002696
 Test 90 [8 9] (-0.681987 - -0.679878)=0.002109
 Test 91 [8 9] (-0.680731 - -0.679047)=0.001684
 Test 92 [8 9] (-0.679490 - -0.678116)=0.001374
 Test 93 [8 9] (-0.678267 - -0.677120)=0.001147
 Test 94 [8 9] (-0.677059 - -0.676083)=0.000976
 Test 95 [8 9] (-0.675868 - -0.675024)=0.000844
 Test 96 [8 9] (-0.674694 - -0.673952)=0.000742
 Test 97 [8 9] (-0.673536 - -0.672876)=0.000660
 Test 98 [8 9] (-0.672548 - -0.671953)=0.000595
 Test 99 [8 9] (-0.671277 - -0.670739)=0.000538
 Test 100 [8 9] (-0.670317 - -0.669824)=0.000493
 Test 101 [8 9] (-0.669062 - -0.668608)=0.000454
 Test 102 [8 9] (-0.668129 - -0.667707)=0.000422
 Test 103 [8 9] (-0.666924 - -0.666531)=0.000393
 Test 104 [8 9] (-0.666021 - -0.665652)=0.000369
 Test 105 [8 9] (-0.664840 - -0.664493)=0.000347
 Test 106 [8 9] (-0.663968 - -0.663639)=0.000329
 Test 107 [8 9] (-0.662813 - -0.662502)=0.000311
 Test 108 [8 9] (-0.661973 - -0.661676)=0.000297
 Test 109 [8 9] (-0.660845 - -0.660562)=0.000283
 Test 110 [8 9] (-0.660036 - -0.659765)=0.000271
 Test 111 [8 9] (-0.658930 - -0.658670)=0.000260
 Test 112 [8 9] (-0.658157 - -0.657907)=0.000250
 Test 113 [8 9] (-0.657077 - -0.656837)=0.000240
 Test 114 [8 9] (-0.656333 - -0.656101)=0.000232
 Test 115 [8 9] (-0.655266 - -0.655042)=0.000224
 Test 116 [8 9] (-0.654556 - -0.654339)=0.000217
 Test 117 [8 9] (-0.653532 - -0.653322)=0.000210
 Test 118 [8 9] (-0.652847 - -0.652643)=0.000204
 Test 119 [8 9] (-0.651837 - -0.651640)=0.000197
 Test 120 [8 9] (-0.651192 - -0.651000)=0.000192
 Test 121 [8 9] (-0.650202 - -0.650016)=0.000186
 Test 122 [8 9] (-0.649583 - -0.649403)=0.000180
 Test 123 [8 9] (-0.648630 - -0.648455)=0.000175
 Test 124 [8 9] (-0.648028 - -0.647857)=0.000171
 Test 125 [8 9] (-0.647102 - -0.646936)=0.000166
 Test 126 [8 9] (-0.646526 - -0.646364)=0.000162
 Test 127 [8 9] (-0.645629 - -0.645471)=0.000158
 Test 128 [8 9] (-0.645075 - -0.644921)=0.000154
 Test 129 [8 9] (-0.644192 - -0.644042)=0.000150
 Test 130 [8 9] (-0.643665 - -0.643518)=0.000147
 Test 131 [8 9] (-0.643137 - -0.642994)=0.000143
 Test 132 [8 9] (-0.642127 - -0.641988)=0.000139
 Test 133 [8 9] (-0.641634 - -0.641498)=0.000136
 Test 134 [8 9] (-0.641140 - -0.641007)=0.000133
 Test 135 [8 9] (-0.640151 - -0.640021)=0.000130
 Test 136 [8 9] (-0.639688 - -0.639561)=0.000127
 Test 137 [8 9] (-0.639226 - -0.639101)=0.000125
 Test 138 [8 9] (-0.638265 - -0.638144)=0.000121
 Test 139 [8 9] (-0.637831 - -0.637712)=0.000119
 Test 140 [8 9] (-0.637398 - -0.637281)=0.000117
 Test 141 [8 9] (-0.636461 - -0.636347)=0.000114
 Test 142 [8 9] (-0.636053 - -0.635941)=0.000112
 Test 143 [8 9] (-0.635647 - -0.635537)=0.000110
 Test 144 [8 9] (-0.634741 - -0.634634)=0.000107
 Test 145 [8 9] (-0.634365 - -0.634261)=0.000104
 Test 146 [8 9] (-0.633978 - -0.633875)=0.000103
 Test 147 [8 9] (-0.633103 - -0.633003)=0.000100
 Test 148 [8 9] (-0.632744 - -0.632645)=0.000099
 Test 149 [8 9] (-0.632388 - -0.632291)=0.000097
 Test 150 [8 9] (-0.631543 - -0.631449)=0.000094
 Test 151 [8 9] (-0.631208 - -0.631115)=0.000093
 Test 152 [8 9] (-0.630874 - -0.630782)=0.000092
 Test 153 [8 9] (-0.630045 - -0.629956)=0.000089
 Test 154 [8 9] (-0.629732 - -0.629644)=0.000088
 Test 155 [8 9] (-0.629417 - -0.629330)=0.000087
 Test 156 [8 9] (-0.628594 - -0.628511)=0.000083
  *** 156 Swap 21 <=> 22 [22 <=> 20]       (0.001249 0.000567 0.000671) [-0.040279 -0.039030] [-0.038964 -0.038397] [-0.038979 -0.038308]  Test 157 [8 9] (-0.628298 - -0.628215)=0.000083
 Test 158 [8 9] (-0.628001 - -0.627919)=0.000082
 Test 159 [8 9] (-0.627708 - -0.627627)=0.000081
 Test 160 [8 9] (-0.626738 - -0.626660)=0.000078
 Test 161 [8 9] (-0.626467 - -0.626390)=0.000077
  *** 161 Swap 21 <=> 22 [20 <=> 22]       (0.000716 0.000220 0.000936) [-0.038984 -0.038268] [-0.037436 -0.037216] [-0.036753 -0.035817]  Test 162 [8 9] (-0.626195 - -0.626119)=0.000076
 Test 163 [8 9] (-0.625386 - -0.625313)=0.000073
 Test 164 [8 9] (-0.625132 - -0.625059)=0.000073
 Test 165 [8 9] (-0.624875 - -0.624803)=0.000072
 Test 166 [8 9] (-0.624610 - -0.624540)=0.000070
 Test 167 [8 9] (-0.624351 - -0.624281)=0.000070
 Test 168 [8 9] (-0.623151 - -0.623085)=0.000066
  *** 168 Swap 22 <=> 23 [20 <=> 24]       (0.003797 0.000924 0.001184) [-0.035793 -0.031996] [-0.033350 -0.032426] [-0.033359 -0.032175]  Test 169 [8 9] (-0.622924 - -0.622858)=0.000066
 Test 170 [8 9] (-0.622694 - -0.622630)=0.000064
 Test 171 [8 9] (-0.622463 - -0.622399)=0.000064
 Test 172 [8 9] (-0.621109 - -0.621049)=0.000060
 Test 173 [8 9] (-0.620911 - -0.620852)=0.000059
 Test 174 [8 9] (-0.620700 - -0.620641)=0.000059
 Test 175 [8 9] (-0.620496 - -0.620438)=0.000058
 Test 176 [8 9] (-0.620288 - -0.620230)=0.000058
 Test 177 [8 9] (-0.620080 - -0.620023)=0.000057
 Test 178 [8 9] (-0.617484 - -0.617440)=0.000044
 Test 179 [8 9] (-0.617297 - -0.617254)=0.000043
 Test 180 [8 9] (-0.617113 - -0.617069)=0.000044
 Test 181 [8 9] (-0.616924 - -0.616881)=0.000043
 Test 182 [8 9] (-0.616739 - -0.616696)=0.000043
 Test 183 [8 9] (-0.616552 - -0.616509)=0.000043
 Test 184 [8 9] (-0.616363 - -0.616321)=0.000042
 Test 185 [8 9] (-0.616174 - -0.616132)=0.000042
 Test 186 [8 9] (-0.614775 - -0.614742)=0.000033
 Test 187 [8 9] (-0.614600 - -0.614567)=0.000033
 Test 188 [8 9] (-0.614426 - -0.614393)=0.000033
 Test 189 [8 9] (-0.614252 - -0.614219)=0.000033
 Test 190 [8 9] (-0.614078 - -0.614045)=0.000033
 Test 191 [8 9] (-0.613904 - -0.613872)=0.000032
 Test 192 [8 9] (-0.613730 - -0.613698)=0.000032
 Test 193 [8 9] (-0.613556 - -0.613524)=0.000032
 Test 194 [8 9] (-0.613382 - -0.613350)=0.000032
 Test 195 [8 9] (-0.611947 - -0.611927)=0.000020
 Test 196 [8 9] (-0.611779 - -0.611759)=0.000020
 Test 197 [8 9] (-0.611615 - -0.611594)=0.000021
 Test 198 [8 9] (-0.611450 - -0.611429)=0.000021
 Test 199 [8 9] (-0.611287 - -0.611266)=0.000021
 Test 200 [8 9] (-0.611124 - -0.611103)=0.000021
 Test 201 [8 9] (-0.610963 - -0.610942)=0.000021
 Test 202 [8 9] (-0.610802 - -0.610781)=0.000021
 Test 203 [8 9] (-0.610641 - -0.610620)=0.000021
 Test 204 [8 9] (-0.610482 - -0.610461)=0.000021
 Test 205 [8 9] (-0.610323 - -0.610302)=0.000021
 Test 206 [8 9] (-0.610165 - -0.610144)=0.000021
 Test 207 [8 9] (-0.610008 - -0.609986)=0.000022
 Test 208 [8 9] (-0.609851 - -0.609830)=0.000021
 Test 209 [8 9] (-0.609696 - -0.609674)=0.000022
 Test 210 [8 9] (-0.609541 - -0.609520)=0.000021
 Test 211 [8 9] (-0.609387 - -0.609366)=0.000021
 Test 212 [8 9] (-0.609234 - -0.609212)=0.000022
 Test 213 [8 9] (-0.609081 - -0.609060)=0.000021
 Test 214 [8 9] (-0.608930 - -0.608909)=0.000021
 Test 215 [8 9] (-0.608779 - -0.608758)=0.000021
 Test 216 [8 9] (-0.608629 - -0.608608)=0.000021
 Test 217 [8 9] (-0.608480 - -0.608459)=0.000021
 Test 218 [8 9] (-0.607728 - -0.607712)=0.000016
 Test 219 [8 9] (-0.607584 - -0.607567)=0.000017
 Test 220 [8 9] (-0.607443 - -0.607426)=0.000017
 Test 221 [8 9] (-0.607302 - -0.607285)=0.000017
 Test 222 [8 9] (-0.607162 - -0.607145)=0.000017
 Test 223 [8 9] (-0.607023 - -0.607005)=0.000018
 Test 224 [8 9] (-0.606882 - -0.606865)=0.000017
 Test 225 [8 9] (-0.606744 - -0.606727)=0.000017
 Test 226 [8 9] (-0.606607 - -0.606589)=0.000018
 Test 227 [8 9] (-0.606470 - -0.606453)=0.000017
 Test 228 [8 9] (-0.606334 - -0.606317)=0.000017
 Test 229 [8 9] (-0.606199 - -0.606182)=0.000017
 Test 230 [8 9] (-0.606065 - -0.606048)=0.000017
 Test 231 [8 9] (-0.605931 - -0.605914)=0.000017
 Test 232 [8 9] (-0.605799 - -0.605781)=0.000018
 Test 233 [8 9] (-0.605666 - -0.605648)=0.000018
 Test 234 [8 9] (-0.605534 - -0.605517)=0.000017
 Test 235 [8 9] (-0.605404 - -0.605386)=0.000018
 Test 236 [8 9] (-0.605274 - -0.605256)=0.000018
 Test 237 [8 9] (-0.605144 - -0.605127)=0.000017
 Test 238 [8 9] (-0.605016 - -0.604998)=0.000018
 Test 239 [8 9] (-0.604889 - -0.604872)=0.000017
 Test 240 [8 9] (-0.604762 - -0.604745)=0.000017
 Test 241 [8 9] (-0.604636 - -0.604618)=0.000018
 Test 242 [8 9] (-0.604510 - -0.604493)=0.000017
 Test 243 [8 9] (-0.604385 - -0.604368)=0.000017
 Test 244 [8 9] (-0.604261 - -0.604243)=0.000018
 Test 245 [8 9] (-0.604137 - -0.604120)=0.000017
 Test 246 [8 9] (-0.604014 - -0.603997)=0.000017
 Test 247 [8 9] (-0.603892 - -0.603874)=0.000018
 Test 248 [8 9] (-0.603770 - -0.603753)=0.000017
 Test 249 [8 9] (-0.603649 - -0.603632)=0.000017
 Test 250 [8 9] (-0.603529 - -0.603511)=0.000018
 Test 251 [8 9] (-0.603409 - -0.603392)=0.000017
 Test 252 [8 9] (-0.603290 - -0.603272)=0.000018
 Test 253 [8 9] (-0.603171 - -0.603154)=0.000017
 Test 254 [8 9] (-0.603054 - -0.603036)=0.000018
 Test 255 [8 9] (-0.602937 - -0.602919)=0.000018
 Test 256 [8 9] (-0.602820 - -0.602803)=0.000017
 Test 257 [8 9] (-0.602704 - -0.602687)=0.000017
 Test 258 [8 9] (-0.602589 - -0.602572)=0.000017
 Test 259 [8 9] (-0.602474 - -0.602457)=0.000017
 Test 260 [8 9] (-0.602360 - -0.602343)=0.000017
 Test 261 [8 9] (-0.602247 - -0.602230)=0.000017
 Test 262 [8 9] (-0.602134 - -0.602117)=0.000017
 Test 263 [8 9] (-0.602022 - -0.602005)=0.000017
 Test 264 [8 9] (-0.601910 - -0.601893)=0.000017
  *** 264 Swap 22 <=> 23 [24 <=> 27]       (0.000352 0.000144 0.000288) [-0.014741 -0.014389] [-0.014507 -0.014363] [-0.014488 -0.014200]  Test 265 [8 9] (-0.601799 - -0.601782)=0.000017
 Test 266 [8 9] (-0.601689 - -0.601672)=0.000017
 Test 267 [8 9] (-0.601579 - -0.601562)=0.000017
 Test 268 [8 9] (-0.601470 - -0.601453)=0.000017
 Test 269 [8 9] (-0.601361 - -0.601344)=0.000017
 Test 270 [8 9] (-0.601253 - -0.601236)=0.000017
 Test 271 [8 9] (-0.601145 - -0.601128)=0.000017
 Test 272 [8 9] (-0.601038 - -0.601021)=0.000017
 Test 273 [8 9] (-0.600932 - -0.600915)=0.000017
 Test 274 [8 9] (-0.600826 - -0.600809)=0.000017
 Test 275 [8 9] (-0.600722 - -0.600705)=0.000017
 Test 276 [8 9] (-0.600616 - -0.600599)=0.000017
 Test 277 [8 9] (-0.600512 - -0.600495)=0.000017
 Test 278 [8 9] (-0.600408 - -0.600391)=0.000017
 Test 279 [8 9] (-0.600304 - -0.600287)=0.000017
 Test 280 [8 9] (-0.600202 - -0.600185)=0.000017
 Test 281 [8 9] (-0.600100 - -0.600083)=0.000017
  *** 655 Swap 21 <=> 22 [22 <=> 27]       (0.000015 0.000006 0.000029) [-0.005992 -0.005977] [-0.005946 -0.005940] [-0.005914 -0.005885] cmap 800 =[ 1 0 2 3 4 6 5 7 9 8 10 13 12 14 11 15 17 16 18 19 21 27 22 20 23 24 25 30 26 31 32 29 28 33 37 35 36 34 38 41 40 42 43 39 44 49 45 48 46 47 52 51 50 53 54 58 56 55 57 60 59 61 63 62 64 70 66 65 67 68 72 73 69 76 75 78 74 71 77 79 80 82 81 83 85 84 86 ]
000;  0.9000;    -164.705442627;      24.199912000;     -53.651982000;      77.851894000;
001;  0.9200;    -164.766611711;      23.842847000;     -53.621452000;      77.464299000;
002;  0.9401;    -164.820049922;      23.507835000;     -53.593682000;      77.101517000;
003;  0.9601;    -164.866610184;      23.192584000;     -53.568784000;      76.761368000;
004;  0.9801;    -164.907051685;      22.895050000;     -53.546382000;      76.441432000;
005;  1.0001;    -164.942049783;      22.613407000;     -53.526001000;      76.139408000;
006;  1.0202;    -164.972205202;      22.345868000;     -53.507415000;      75.853283000;
007;  1.0402;    -164.998053186;      22.090772000;     -53.490520000;      75.581292000;
008;  1.0602;    -165.020072249;      21.846533000;     -53.475279000;      75.321812000;
009;  1.0802;    -165.038691600;      21.611951000;     -53.461720000;      75.073671000;
010;  1.1003;    -165.054296501;      21.385942000;     -53.449943000;      74.835885000;
011;  1.1203;    -165.067232297;      21.167744000;     -53.440124000;      74.607868000;
012;  1.1403;    -165.077807550;      20.956509000;     -53.431253000;      74.387762000;
013;  1.1603;    -165.086297179;      20.751889000;     -53.427337000;      74.179226000;
014;  1.1804;    -165.092946217;      20.553252000;     -53.424514000;      73.977766000;
015;  1.2004;    -165.097973983;      20.360171000;     -53.423886000;      73.784057000;
016;  1.2204;    -165.101577739;      20.172629000;     -53.424883000;      73.597512000;
017;  1.2404;    -165.103935520;      19.990390000;     -53.426988000;      73.417378000;
018;  1.2605;    -165.105208165;      19.812669000;     -53.429847000;      73.242516000;
019;  1.2805;    -165.105540616;      19.639261000;     -53.432979000;      73.072240000;
020;  1.3005;    -165.105631404;      19.132851000;     -53.480023000;      72.612874000;
021;  1.3205;    -165.105116078;      18.888709000;     -53.496613000;      72.385322000;
022;  1.3406;    -165.104204179;      18.675218000;     -53.510021000;      72.185239000;
023;  1.3606;    -165.102961160;      18.482980000;     -53.521058000;      72.004038000;
024;  1.3806;    -165.101446380;      18.306773000;     -53.529979000;      71.836752000;
025;  1.4006;    -165.099712554;      18.142963000;     -53.536981000;      71.679944000;
026;  1.4207;    -165.097805629;      17.989205000;     -53.542220000;      71.531425000;
027;  1.4407;    -165.095765035;      17.843771000;     -53.545825000;      71.389596000;
028;  1.4607;    -165.093624098;      17.705362000;     -53.547922000;      71.253284000;
029;  1.4807;    -165.091410508;      17.572981000;     -53.548622000;      71.121603000;
030;  1.5008;    -165.089146870;      17.446665000;     -53.548177000;      70.994842000;
031;  1.5208;    -165.086851515;      17.324250000;     -53.546429000;      70.870679000;
032;  1.5408;    -165.084539069;      17.206013000;     -53.543587000;      70.749600000;
033;  1.5608;    -165.082221216;      17.091611000;     -53.539773000;      70.631384000;
034;  1.5809;    -165.079907258;      16.980806000;     -53.535077000;      70.515883000;
035;  1.6009;    -165.077604609;      16.873348000;     -53.529595000;      70.402943000;
036;  1.6209;    -165.075319142;      16.769055000;     -53.523402000;      70.292457000;
037;  1.6409;    -165.073055421;      16.667754000;     -53.516599000;      70.184353000;
038;  1.6610;    -165.070816849;      16.569268000;     -53.509245000;      70.078513000;
039;  1.6810;    -165.068605878;      16.473701000;     -53.501410000;      69.975111000;
040;  1.7010;    -165.066424145;      16.380826000;     -53.493181000;      69.874007000;
041;  1.7210;    -165.064272712;      16.290677000;     -53.484583000;      69.775260000;
042;  1.7411;    -165.062152232;      16.202981000;     -53.475680000;      69.678661000;
043;  1.7611;    -165.060063092;      16.117681000;     -53.466515000;      69.584196000;
044;  1.7811;    -165.058005541;      16.034757000;     -53.457119000;      69.491876000;
045;  1.8011;    -165.055979803;      15.953901000;     -53.447513000;      69.401414000;
046;  1.8212;    -165.053986083;      15.875207000;     -53.437777000;      69.312984000;
047;  1.8412;    -165.052024581;      15.798515000;     -53.427902000;      69.226417000;
048;  1.8612;    -165.050095465;      15.723733000;     -53.417929000;      69.141662000;
049;  1.8812;    -165.048198847;      15.650747000;     -53.407886000;      69.058633000;
050;  1.9013;    -165.046334754;      15.579545000;     -53.397752000;      68.977297000;
051;  1.9213;    -165.044503143;      15.509889000;     -53.387596000;      68.897485000;
052;  1.9413;    -165.042703872;      15.441790000;     -53.377400000;      68.819190000;
053;  1.9613;    -165.040936708;      15.375335000;     -53.367140000;      68.742475000;
054;  1.9814;    -165.039201481;      15.310082000;     -53.356916000;      68.666998000;
055;  2.0014;    -165.037497934;      15.246131000;     -53.346699000;      68.592830000;
056;  2.0214;    -165.035825861;      15.183433000;     -53.336496000;      68.519929000;
057;  2.0414;    -165.034185103;      15.121911000;     -53.326314000;      68.448225000;
058;  2.0615;    -165.032575528;      15.061516000;     -53.316160000;      68.377676000;
059;  2.0815;    -165.030997028;      15.002188000;     -53.306036000;      68.308224000;
060;  2.1015;    -165.029449497;      14.943865000;     -53.295959000;      68.239824000;
061;  2.1215;    -165.027932809;      14.886559000;     -53.285917000;      68.172476000;
062;  2.1416;    -165.026446798;      14.830219000;     -53.275921000;      68.106140000;
063;  2.1616;    -165.024991239;      14.774829000;     -53.265975000;      68.040804000;
064;  2.1816;    -165.023565850;      14.720384000;     -53.256069000;      67.976453000;
065;  2.2016;    -165.022170275;      14.666833000;     -53.246227000;      67.913060000;
066;  2.2217;    -165.020804120;      14.614218000;     -53.236442000;      67.850660000;
067;  2.2417;    -165.019466966;      14.562398000;     -53.226727000;      67.789125000;
068;  2.2617;    -165.018158400;      14.511539000;     -53.217061000;      67.728600000;
069;  2.2817;    -165.016878026;      14.461583000;     -53.207458000;      67.669041000;
070;  2.3018;    -165.015625486;      14.412527000;     -53.197919000;      67.610446000;
071;  2.3218;    -165.014400464;      14.364362000;     -53.188443000;      67.552805000;
072;  2.3418;    -165.013202674;      14.317055000;     -53.179036000;      67.496091000;
073;  2.3618;    -165.012031864;      14.270675000;     -53.169695000;      67.440370000;
074;  2.3819;    -165.010887785;      14.225168000;     -53.160421000;      67.385589000;
075;  2.4019;    -165.009770189;      14.180551000;     -53.151221000;      67.331772000;
076;  2.4219;    -165.008678813;      14.136819000;     -53.142090000;      67.278909000;
077;  2.4419;    -165.007613376;      14.093958000;     -53.133028000;      67.226986000;
078;  2.4620;    -165.006573569;      14.052057000;     -53.124011000;      67.176068000;
079;  2.4820;    -165.005559038;      14.010942000;     -53.115099000;      67.126041000;
080;  2.5020;    -165.004569412;      13.970696000;     -53.106255000;      67.076951000;
081;  2.5220;    -165.003604290;      13.931312000;     -53.097481000;      67.028793000;
082;  2.5421;    -165.002663273;      13.893003000;     -53.088811000;      66.981814000;
083;  2.5621;    -165.001745908;      13.855325000;     -53.080184000;      66.935509000;
084;  2.5821;    -165.000851789;      13.818502000;     -53.071625000;      66.890127000;
085;  2.6021;    -164.999980521;      13.782518000;     -53.063141000;      66.845659000;
086;  2.6222;    -164.999131719;      13.747335000;     -53.054745000;      66.802080000;
087;  2.6422;    -164.998305024;      13.713014000;     -53.046400000;      66.759414000;
088;  2.6622;    -164.997500084;      13.679498000;     -53.038131000;      66.717629000;
089;  2.6822;    -164.996716561;      13.646780000;     -53.029926000;      66.676706000;
090;  2.7023;    -164.995954116;      13.614845000;     -53.021803000;      66.636648000;
091;  2.7223;    -164.995212426;      13.583711000;     -53.013745000;      66.597456000;
092;  2.7423;    -164.994491150;      13.553437000;     -53.005706000;      66.559143000;
093;  2.7623;    -164.993789946;      13.523872000;     -52.997784000;      66.521656000;
094;  2.7824;    -164.993108462;      13.495075000;     -52.989933000;      66.485008000;
095;  2.8024;    -164.992446350;      13.467055000;     -52.982175000;      66.449230000;
096;  2.8224;    -164.991803217;      13.439757000;     -52.974486000;      66.414243000;
097;  2.8424;    -164.991178697;      13.413312000;     -52.966842000;      66.380154000;
098;  2.8625;    -164.990571820;      13.385588000;     -52.961359000;      66.346947000;
099;  2.8825;    -164.989983978;      13.362791000;     -52.951902000;      66.314693000;
100;  2.9025;    -164.989412399;      13.336456000;     -52.946596000;      66.283052000;
101;  2.9225;    -164.988858856;      13.315269000;     -52.937019000;      66.252288000;
102;  2.9426;    -164.988321308;      13.290464000;     -52.931980000;      66.222444000;
103;  2.9626;    -164.987800732;      13.270974000;     -52.922581000;      66.193555000;
104;  2.9826;    -164.987295423;      13.247651000;     -52.917646000;      66.165297000;
105;  3.0026;    -164.986806271;      13.229928000;     -52.908265000;      66.138193000;
106;  3.0227;    -164.986331920;      13.208179000;     -52.903473000;      66.111652000;
107;  3.0427;    -164.985872759;      13.191957000;     -52.894122000;      66.086079000;
108;  3.0627;    -164.985427999;      13.171971000;     -52.889466000;      66.061437000;
109;  3.0827;    -164.984997413;      13.157593000;     -52.880152000;      66.037745000;
110;  3.1028;    -164.984580858;      13.139081000;     -52.875624000;      66.014705000;
111;  3.1228;    -164.984177281;      13.126988000;     -52.866232000;      65.993220000;
112;  3.1428;    -164.983787759;      13.109840000;     -52.861822000;      65.971662000;
113;  3.1628;    -164.983410118;      13.099147000;     -52.852563000;      65.951710000;
114;  3.1829;    -164.983046015;      13.083636000;     -52.848232000;      65.931868000;
115;  3.2029;    -164.982692700;      13.075214000;     -52.838814000;      65.914028000;
116;  3.2229;    -164.982352911;      13.061167000;     -52.834594000;      65.895761000;
117;  3.2429;    -164.982022816;      13.054448000;     -52.825406000;      65.879854000;
118;  3.2630;    -164.981705771;      13.041867000;     -52.821271000;      65.863138000;
119;  3.2830;    -164.981397622;      13.037299000;     -52.811983000;      65.849282000;
120;  3.3030;    -164.981102077;      13.026132000;     -52.807941000;      65.834073000;
121;  3.3230;    -164.980814673;      13.023618000;     -52.798648000;      65.822266000;
122;  3.3431;    -164.980539310;      13.013845000;     -52.794683000;      65.808528000;
123;  3.3631;    -164.980271571;      13.013314000;     -52.785419000;      65.798733000;
124;  3.3831;    -164.980015106;      13.004872000;     -52.781531000;      65.786403000;
125;  3.4031;    -164.979765927;      13.006435000;     -52.772203000;      65.778638000;
126;  3.4232;    -164.979527235;      12.999226000;     -52.768395000;      65.767621000;
127;  3.4432;    -164.979295605;      13.002679000;     -52.759080000;      65.761759000;
128;  3.4632;    -164.979073543;      12.996711000;     -52.755324000;      65.752035000;
129;  3.4832;    -164.978858340;      13.002245000;     -52.745864000;      65.748109000;
130;  3.5033;    -164.978651940;      12.997455000;     -52.742173000;      65.739628000;
131;  3.5233;    -164.978451090;      12.993295000;     -52.738338000;      65.731633000;
132;  3.5433;    -164.978260105;      13.007693000;     -52.725983000;      65.733676000;
133;  3.5633;    -164.978075347;      13.004387000;     -52.722393000;      65.726780000;
134;  3.5834;    -164.977895521;      13.001694000;     -52.718658000;      65.720352000;
135;  3.6034;    -164.977725555;      13.019621000;     -52.706084000;      65.725705000;
136;  3.6234;    -164.977560403;      13.017862000;     -52.702556000;      65.720418000;
137;  3.6434;    -164.977399698;      13.016574000;     -52.698898000;      65.715472000;
138;  3.6635;    -164.977249163;      13.038232000;     -52.686106000;      65.724338000;
139;  3.6835;    -164.977101894;      13.037783000;     -52.682636000;      65.720419000;
140;  3.7035;    -164.976958645;      13.037745000;     -52.679063000;      65.716808000;
141;  3.7235;    -164.976826317;      13.063019000;     -52.666052000;      65.729071000;
142;  3.7436;    -164.976695380;      13.063598000;     -52.662651000;      65.726249000;
143;  3.7636;    -164.976568058;      13.064641000;     -52.659169000;      65.723810000;
144;  3.7836;    -164.976452641;      13.092787000;     -52.646050000;      65.738837000;
145;  3.8036;    -164.976336496;      13.094286000;     -52.642731000;      65.737017000;
146;  3.8237;    -164.976223553;      13.096235000;     -52.639339000;      65.735574000;
147;  3.8437;    -164.976123955;      13.126566000;     -52.626155000;      65.752721000;
148;  3.8637;    -164.976021078;      13.128943000;     -52.622907000;      65.751850000;
149;  3.8837;    -164.975921020;      13.131564000;     -52.619611000;      65.751175000;
150;  3.9038;    -164.975836048;      13.163624000;     -52.606343000;      65.769967000;
151;  3.9238;    -164.975745005;      13.166763000;     -52.603170000;      65.769933000;
152;  3.9438;    -164.975656438;      13.169823000;     -52.599966000;      65.769789000;
153;  3.9638;    -164.975585209;      13.204147000;     -52.586342000;      65.790489000;
154;  3.9839;    -164.975504821;      13.207703000;     -52.583251000;      65.790954000;
155;  4.0039;    -164.975426661;      13.211058000;     -52.580129000;      65.791187000;
156;  4.0239;    -164.975368404;      13.247977000;     -52.565932000;      65.813909000;
157;  4.0439;    -164.975297824;      13.251885000;     -52.562902000;      65.814787000;
158;  4.0640;    -164.975230037;      13.255040000;     -52.559846000;      65.814886000;
159;  4.0840;    -164.975163230;      13.259824000;     -52.556655000;      65.816479000;
160;  4.1040;    -164.975127851;      13.309798000;     -52.538384000;      65.848182000;
161;  4.1240;    -164.975069639;      13.313445000;     -52.535535000;      65.848980000;
162;  4.1441;    -164.975012532;      13.317960000;     -52.532550000;      65.850510000;
163;  4.1641;    -164.974981492;      13.358903000;     -52.517189000;      65.876092000;
164;  4.1841;    -164.974931541;      13.362590000;     -52.514457000;      65.877047000;
165;  4.2041;    -164.974883135;      13.366700000;     -52.511564000;      65.878264000;
166;  4.2242;    -164.974837056;      13.371468000;     -52.508396000;      65.879864000;
167;  4.2442;    -164.974790889;      13.377047000;     -52.505294000;      65.882341000;
168;  4.2642;    -164.974798524;      13.448955000;     -52.479498000;      65.928453000;
169;  4.2842;    -164.974761717;      13.452465000;     -52.476944000;      65.929409000;
170;  4.3043;    -164.974725975;      13.456421000;     -52.474289000;      65.930710000;
171;  4.3243;    -164.974691389;      13.460544000;     -52.471519000;      65.932063000;
172;  4.3443;    -164.974711646;      13.541990000;     -52.441382000;      65.983372000;
173;  4.3643;    -164.974686326;      13.545774000;     -52.438876000;      65.984650000;
174;  4.3844;    -164.974661710;      13.549742000;     -52.436319000;      65.986061000;
175;  4.4044;    -164.974637914;      13.553888000;     -52.433668000;      65.987556000;
176;  4.4244;    -164.974614994;      13.558221000;     -52.430941000;      65.989162000;
177;  4.4444;    -164.974593045;      13.562701000;     -52.428130000;      65.990831000;
178;  4.4645;    -164.974649264;      13.733550000;     -52.364826000;      66.098376000;
179;  4.4845;    -164.974643603;      13.737866000;     -52.362146000;      66.100012000;
180;  4.5045;    -164.974638353;      13.742408000;     -52.359424000;      66.101832000;
181;  4.5245;    -164.974633561;      13.747081000;     -52.356647000;      66.103728000;
182;  4.5446;    -164.974629263;      13.751875000;     -52.353820000;      66.105695000;
183;  4.5646;    -164.974625481;      13.756807000;     -52.350932000;      66.107739000;
184;  4.5846;    -164.974622236;      13.761851000;     -52.348005000;      66.109856000;
185;  4.6046;    -164.974619540;      13.767043000;     -52.345017000;      66.112060000;
186;  4.6247;    -164.974654406;      13.860377000;     -52.310344000;      66.170721000;
187;  4.6447;    -164.974659963;      13.865278000;     -52.307437000;      66.172715000;
188;  4.6647;    -164.974665740;      13.870305000;     -52.304530000;      66.174835000;
189;  4.6847;    -164.974671759;      13.875429000;     -52.301583000;      66.177012000;
190;  4.7048;    -164.974678034;      13.880638000;     -52.298604000;      66.179242000;
191;  4.7248;    -164.974684571;      13.885916000;     -52.295598000;      66.181514000;
192;  4.7448;    -164.974691374;      13.891274000;     -52.292568000;      66.183842000;
193;  4.7648;    -164.974698445;      13.896668000;     -52.289527000;      66.186195000;
194;  4.7849;    -164.974705791;      13.902148000;     -52.286459000;      66.188607000;
195;  4.8049;    -164.974751906;      14.001379000;     -52.251964000;      66.253343000;
196;  4.8249;    -164.974767663;      14.007046000;     -52.248893000;      66.255939000;
197;  4.8449;    -164.974783362;      14.012806000;     -52.245858000;      66.258664000;
198;  4.8650;    -164.974799032;      14.018560000;     -52.242849000;      66.261409000;
199;  4.8850;    -164.974814690;      14.024326000;     -52.239860000;      66.264186000;
200;  4.9050;    -164.974830352;      14.030088000;     -52.236895000;      66.266983000;
201;  4.9250;    -164.974846031;      14.035819000;     -52.233966000;      66.269785000;
202;  4.9451;    -164.974861743;      14.041589000;     -52.231039000;      66.272628000;
203;  4.9651;    -164.974877498;      14.047360000;     -52.228127000;      66.275487000;
204;  4.9851;    -164.974893306;      14.053128000;     -52.225235000;      66.278363000;
205;  5.0051;    -164.974909177;      14.058921000;     -52.222346000;      66.281267000;
206;  5.0252;    -164.974925119;      14.064699000;     -52.219480000;      66.284179000;
207;  5.0452;    -164.974941139;      14.070476000;     -52.216623000;      66.287099000;
208;  5.0652;    -164.974957242;      14.076258000;     -52.213782000;      66.290040000;
209;  5.0852;    -164.974973434;      14.082031000;     -52.210953000;      66.292984000;
210;  5.1053;    -164.974989717;      14.087804000;     -52.208136000;      66.295940000;
211;  5.1253;    -164.975006092;      14.093567000;     -52.205333000;      66.298900000;
212;  5.1453;    -164.975022561;      14.099329000;     -52.202539000;      66.301868000;
213;  5.1653;    -164.975039126;      14.105081000;     -52.199757000;      66.304838000;
214;  5.1854;    -164.975055792;      14.110838000;     -52.196981000;      66.307819000;
215;  5.2054;    -164.975072566;      14.116584000;     -52.194208000;      66.310792000;
216;  5.2254;    -164.975089453;      14.122325000;     -52.191445000;      66.313770000;
217;  5.2454;    -164.975106449;      14.128055000;     -52.188688000;      66.316743000;
218;  5.2655;    -164.975132580;      14.178748000;     -52.178157000;      66.356905000;
219;  5.2855;    -164.975152951;      14.184404000;     -52.175460000;      66.359864000;
220;  5.3055;    -164.975173257;      14.190060000;     -52.172780000;      66.362840000;
221;  5.3255;    -164.975193482;      14.195687000;     -52.170112000;      66.365799000;
222;  5.3456;    -164.975213614;      14.201296000;     -52.167453000;      66.368749000;
223;  5.3656;    -164.975233645;      14.206880000;     -52.164808000;      66.371688000;
224;  5.3856;    -164.975253565;      14.212143000;     -52.162159000;      66.374302000;
225;  5.4056;    -164.975273405;      14.217662000;     -52.159535000;      66.377197000;
226;  5.4257;    -164.975293151;      14.223178000;     -52.156916000;      66.380094000;
227;  5.4457;    -164.975312804;      14.228657000;     -52.154311000;      66.382968000;
228;  5.4657;    -164.975332369;      14.234133000;     -52.151713000;      66.385846000;
229;  5.4857;    -164.975351848;      14.239589000;     -52.149124000;      66.388713000;
230;  5.5058;    -164.975371245;      14.245028000;     -52.146548000;      66.391576000;
231;  5.5258;    -164.975390562;      14.250444000;     -52.143980000;      66.394424000;
232;  5.5458;    -164.975409802;      14.255853000;     -52.141422000;      66.397275000;
233;  5.5658;    -164.975428967;      14.261263000;     -52.138861000;      66.400124000;
234;  5.5859;    -164.975448063;      14.266638000;     -52.136321000;      66.402959000;
235;  5.6059;    -164.975467092;      14.271990000;     -52.133795000;      66.405785000;
236;  5.6259;    -164.975486056;      14.277323000;     -52.131279000;      66.408602000;
237;  5.6459;    -164.975504959;      14.282644000;     -52.128770000;      66.411414000;
238;  5.6660;    -164.975523803;      14.287937000;     -52.126271000;      66.414208000;
239;  5.6860;    -164.975542590;      14.293158000;     -52.123806000;      66.416964000;
240;  5.7060;    -164.975561323;      14.298419000;     -52.121299000;      66.419718000;
241;  5.7260;    -164.975580003;      14.303663000;     -52.118846000;      66.422509000;
242;  5.7461;    -164.975598632;      14.308879000;     -52.116381000;      66.425260000;
243;  5.7661;    -164.975617209;      14.314085000;     -52.113921000;      66.428006000;
244;  5.7861;    -164.975635735;      14.319276000;     -52.111471000;      66.430747000;
245;  5.8061;    -164.975654210;      14.324441000;     -52.109032000;      66.433473000;
246;  5.8262;    -164.975672634;      14.329589000;     -52.106600000;      66.436189000;
247;  5.8462;    -164.975691005;      14.334720000;     -52.104177000;      66.438897000;
248;  5.8662;    -164.975709324;      14.339838000;     -52.101764000;      66.441602000;
249;  5.8862;    -164.975727591;      14.344937000;     -52.099364000;      66.444301000;
250;  5.9063;    -164.975745806;      14.350016000;     -52.096975000;      66.446991000;
251;  5.9263;    -164.975763970;      14.355083000;     -52.094599000;      66.449682000;
252;  5.9463;    -164.975782084;      14.360130000;     -52.092231000;      66.452361000;
253;  5.9663;    -164.975800148;      14.365159000;     -52.089875000;      66.455034000;
254;  5.9864;    -164.975818167;      14.370166000;     -52.087531000;      66.457697000;
255;  6.0064;    -164.975836139;      14.375148000;     -52.085194000;      66.460342000;
256;  6.0264;    -164.975854062;      14.380142000;     -52.082852000;      66.462994000;
257;  6.0464;    -164.975871930;      14.385125000;     -52.080517000;      66.465642000;
258;  6.0665;    -164.975889741;      14.390145000;     -52.078177000;      66.468322000;
259;  6.0865;    -164.975907487;      14.395087000;     -52.075868000;      66.470955000;
260;  6.1065;    -164.975925168;      14.400029000;     -52.073565000;      66.473594000;
261;  6.1265;    -164.975942785;      14.404942000;     -52.071278000;      66.476220000;
262;  6.1466;    -164.975960338;      14.409849000;     -52.068916000;      66.478765000;
263;  6.1666;    -164.975977828;      14.414752000;     -52.066731000;      66.481483000;
264;  6.1866;    -164.975995254;      14.419643000;     -52.064341000;      66.483984000;
265;  6.2066;    -164.976012619;      14.424527000;     -52.062162000;      66.486689000;
266;  6.2267;    -164.976029924;      14.429399000;     -52.059931000;      66.489330000;
267;  6.2467;    -164.976047169;      14.434265000;     -52.057694000;      66.491959000;
268;  6.2667;    -164.976064356;      14.439122000;     -52.055465000;      66.494587000;
269;  6.2867;    -164.976081485;      14.443976000;     -52.053239000;      66.497215000;
270;  6.3068;    -164.976098557;      14.448819000;     -52.051021000;      66.499840000;
271;  6.3268;    -164.976115574;      14.453664000;     -52.048809000;      66.502473000;
272;  6.3468;    -164.976132537;      14.458489000;     -52.046613000;      66.505102000;
273;  6.3668;    -164.976149445;      14.463308000;     -52.044419000;      66.507727000;
274;  6.3869;    -164.976166299;      14.468134000;     -52.042228000;      66.510362000;
275;  6.4069;    -164.976183097;      14.472898000;     -52.040065000;      66.512963000;
276;  6.4269;    -164.976199847;      14.477761000;     -52.037876000;      66.515637000;
277;  6.4469;    -164.976216542;      14.482558000;     -52.035717000;      66.518275000;
278;  6.4670;    -164.976233186;      14.487373000;     -52.033551000;      66.520924000;
279;  6.4870;    -164.976249776;      14.492169000;     -52.031402000;      66.523571000;
280;  6.5070;    -164.976266313;      14.496949000;     -52.029263000;      66.526212000;
281;  6.5270;    -164.976282795;      14.501682000;     -52.027145000;      66.528827000;
282;  6.5471;    -164.976299230;      14.506523000;     -52.024997000;      66.531520000;
283;  6.5671;    -164.976315609;      14.511293000;     -52.022875000;      66.534168000;
284;  6.5871;    -164.976331934;      14.516073000;     -52.020759000;      66.536832000;
285;  6.6071;    -164.976348205;      14.520846000;     -52.018645000;      66.539491000;
286;  6.6272;    -164.976364422;      14.525612000;     -52.016540000;      66.542152000;
287;  6.6472;    -164.976380584;      14.530320000;     -52.014453000;      66.544773000;
288;  6.6672;    -164.976396694;      14.535131000;     -52.012343000;      66.547474000;
289;  6.6872;    -164.976412748;      14.539869000;     -52.010262000;      66.550131000;
290;  6.7073;    -164.976428748;      14.544632000;     -52.008173000;      66.552805000;
291;  6.7273;    -164.976444694;      14.549377000;     -52.006098000;      66.555475000;
292;  6.7473;    -164.976460587;      14.554123000;     -52.004028000;      66.558151000;
293;  6.7673;    -164.976476427;      14.558852000;     -52.001968000;      66.560820000;
294;  6.7874;    -164.976492213;      14.563588000;     -51.999914000;      66.563502000;
295;  6.8074;    -164.976507952;      14.568300000;     -51.997871000;      66.566171000;
296;  6.8274;    -164.976523635;      14.572992000;     -51.995839000;      66.568831000;
297;  6.8474;    -164.976539270;      14.577758000;     -51.993796000;      66.571554000;
298;  6.8675;    -164.976554852;      14.582498000;     -51.991761000;      66.574259000;
299;  6.8875;    -164.976570382;      14.587232000;     -51.989735000;      66.576967000;
300;  6.9075;    -164.976585865;      14.592020000;     -51.987684000;      66.579704000;
301;  6.9275;    -164.976601291;      14.596749000;     -51.985673000;      66.582422000;
302;  6.9476;    -164.976616668;      14.601482000;     -51.983657000;      66.585139000;
303;  6.9676;    -164.976631990;      14.606164000;     -51.981674000;      66.587838000;
304;  6.9876;    -164.976647269;      14.610962000;     -51.979646000;      66.590608000;
305;  7.0076;    -164.976662497;      14.615603000;     -51.977705000;      66.593308000;
306;  7.0277;    -164.976677673;      14.620288000;     -51.975741000;      66.596029000;
307;  7.0477;    -164.976692795;      14.625002000;     -51.973767000;      66.598769000;
308;  7.0677;    -164.976707876;      14.629559000;     -51.971868000;      66.601427000;
309;  7.0877;    -164.976722904;      14.634321000;     -51.969895000;      66.604216000;
310;  7.1078;    -164.976737882;      14.638919000;     -51.967983000;      66.606902000;
311;  7.1278;    -164.976752813;      14.643685000;     -51.966019000;      66.609704000;
312;  7.1478;    -164.976767693;      14.648410000;     -51.964069000;      66.612479000;
313;  7.1678;    -164.976782524;      14.653096000;     -51.962146000;      66.615242000;
314;  7.1879;    -164.976797309;      14.657794000;     -51.960223000;      66.618017000;
315;  7.2079;    -164.976812052;      14.662385000;     -51.958346000;      66.620731000;
316;  7.2279;    -164.976826743;      14.667161000;     -51.956406000;      66.623567000;
317;  7.2479;    -164.976841386;      14.671865000;     -51.954496000;      66.626361000;
318;  7.2680;    -164.976855982;      14.676570000;     -51.952591000;      66.629161000;
319;  7.2880;    -164.976870531;      14.681277000;     -51.950693000;      66.631970000;
320;  7.3080;    -164.976885032;      14.685986000;     -51.948797000;      66.634783000;
321;  7.3280;    -164.976899488;      14.690701000;     -51.946905000;      66.637606000;
322;  7.3481;    -164.976913896;      14.695408000;     -51.945026000;      66.640434000;
323;  7.3681;    -164.976928258;      14.700125000;     -51.943142000;      66.643267000;
324;  7.3881;    -164.976942574;      14.704844000;     -51.941265000;      66.646109000;
325;  7.4081;    -164.976956843;      14.709556000;     -51.939395000;      66.648951000;
326;  7.4282;    -164.976971067;      14.714284000;     -51.937528000;      66.651812000;
327;  7.4482;    -164.976985245;      14.719001000;     -51.935667000;      66.654668000;
328;  7.4682;    -164.976999377;      14.723729000;     -51.933809000;      66.657538000;
329;  7.4882;    -164.977013463;      14.728453000;     -51.931959000;      66.660412000;
330;  7.5083;    -164.977027505;      14.733185000;     -51.930107000;      66.663292000;
331;  7.5283;    -164.977041507;      14.737892000;     -51.928271000;      66.666163000;
332;  7.5483;    -164.977055458;      14.742625000;     -51.926432000;      66.669057000;
333;  7.5683;    -164.977069364;      14.747371000;     -51.924590000;      66.671961000;
334;  7.5884;    -164.977083226;      14.752107000;     -51.922757000;      66.674864000;
335;  7.6084;    -164.977097043;      14.756855000;     -51.920929000;      66.677784000;
336;  7.6284;    -164.977110810;      14.761631000;     -51.919091000;      66.680722000;
337;  7.6484;    -164.977124538;      14.766383000;     -51.917270000;      66.683653000;
338;  7.6685;    -164.977138223;      14.771136000;     -51.915452000;      66.686588000;
339;  7.6885;    -164.977151865;      14.775892000;     -51.913628000;      66.689520000;
340;  7.7085;    -164.977165464;      14.780637000;     -51.911821000;      66.692458000;
341;  7.7285;    -164.977179018;      14.785340000;     -51.910039000;      66.695379000;
342;  7.7486;    -164.977192531;      14.790086000;     -51.908241000;      66.698327000;
343;  7.7686;    -164.977205998;      14.794809000;     -51.906453000;      66.701262000;
344;  7.7886;    -164.977219422;      14.799524000;     -51.904675000;      66.704199000;
345;  7.8086;    -164.977232802;      14.804288000;     -51.902879000;      66.707167000;
346;  7.8287;    -164.977246142;      14.808876000;     -51.901162000;      66.710038000;
347;  7.8487;    -164.977259433;      14.813649000;     -51.899376000;      66.713025000;
348;  7.8687;    -164.977272682;      14.818334000;     -51.897633000;      66.715967000;
349;  7.8887;    -164.977285892;      14.823033000;     -51.895880000;      66.718913000;
350;  7.9088;    -164.977299056;      14.827706000;     -51.894146000;      66.721852000;
351;  7.9288;    -164.977312177;      14.832384000;     -51.892414000;      66.724798000;
352;  7.9488;    -164.977325256;      14.837104000;     -51.890669000;      66.727773000;
353;  7.9688;    -164.977338293;      14.841795000;     -51.888938000;      66.730733000;
354;  7.9889;    -164.977351286;      14.846524000;     -51.887194000;      66.733718000;
355;  8.0089;    -164.977364240;      14.851194000;     -51.885481000;      66.736675000;
356;  8.0289;    -164.977377149;      14.855888000;     -51.883762000;      66.739650000;
357;  8.0489;    -164.977390020;      14.860504000;     -51.882071000;      66.742575000;
358;  8.0690;    -164.977402845;      14.865213000;     -51.880359000;      66.745572000;
359;  8.0890;    -164.977415631;      14.869864000;     -51.878670000;      66.748534000;
360;  8.1090;    -164.977428376;      14.874505000;     -51.876989000;      66.751494000;
361;  8.1290;    -164.977441079;      14.879154000;     -51.875307000;      66.754461000;
362;  8.1491;    -164.977453740;      14.883795000;     -51.873631000;      66.757426000;
363;  8.1691;    -164.977466361;      14.888430000;     -51.871963000;      66.760393000;
364;  8.1891;    -164.977478941;      14.893067000;     -51.870299000;      66.763366000;
365;  8.2091;    -164.977491480;      14.897687000;     -51.868642000;      66.766329000;
366;  8.2292;    -164.977503978;      14.902307000;     -51.866990000;      66.769297000;
367;  8.2492;    -164.977516436;      14.906922000;     -51.865346000;      66.772268000;
368;  8.2692;    -164.977528853;      14.911532000;     -51.863705000;      66.775237000;
369;  8.2892;    -164.977541231;      14.916134000;     -51.862075000;      66.778209000;
370;  8.3093;    -164.977553568;      14.920719000;     -51.860449000;      66.781168000;
371;  8.3293;    -164.977565866;      14.925302000;     -51.858829000;      66.784131000;
372;  8.3493;    -164.977578124;      14.929868000;     -51.857220000;      66.787088000;
373;  8.3693;    -164.977590343;      14.934426000;     -51.855618000;      66.790044000;
374;  8.3894;    -164.977602521;      14.938991000;     -51.854014000;      66.793005000;
375;  8.4094;    -164.977614663;      14.943526000;     -51.852425000;      66.795951000;
376;  8.4294;    -164.977626763;      14.948085000;     -51.850830000;      66.798915000;
377;  8.4494;    -164.977638826;      14.952637000;     -51.849244000;      66.801881000;
378;  8.4695;    -164.977650851;      14.957182000;     -51.847662000;      66.804844000;
379;  8.4895;    -164.977662838;      14.961729000;     -51.846084000;      66.807813000;
380;  8.5095;    -164.977674786;      14.966266000;     -51.844512000;      66.810778000;
381;  8.5295;    -164.977686697;      14.970803000;     -51.842943000;      66.813746000;
382;  8.5496;    -164.977698571;      14.975329000;     -51.841382000;      66.816711000;
383;  8.5696;    -164.977710407;      14.979852000;     -51.839829000;      66.819681000;
384;  8.5896;    -164.977722206;      14.984361000;     -51.838278000;      66.822639000;
385;  8.6096;    -164.977733968;      14.988868000;     -51.836732000;      66.825600000;
386;  8.6297;    -164.977745693;      14.993371000;     -51.835192000;      66.828563000;
387;  8.6497;    -164.977757382;      14.997864000;     -51.833659000;      66.831523000;
388;  8.6697;    -164.977769034;      15.002351000;     -51.832132000;      66.834483000;
389;  8.6897;    -164.977780649;      15.006824000;     -51.830611000;      66.837435000;
390;  8.7098;    -164.977792229;      15.011285000;     -51.829100000;      66.840385000;
391;  8.7298;    -164.977803772;      15.015755000;     -51.827585000;      66.843340000;
392;  8.7498;    -164.977815279;      15.020207000;     -51.826081000;      66.846288000;
393;  8.7698;    -164.977826751;      15.024647000;     -51.824586000;      66.849233000;
394;  8.7899;    -164.977838186;      15.029082000;     -51.823094000;      66.852176000;
395;  8.8099;    -164.977849587;      15.033508000;     -51.821610000;      66.855118000;
396;  8.8299;    -164.977860951;      15.037930000;     -51.820127000;      66.858057000;
397;  8.8499;    -164.977872281;      15.042330000;     -51.818657000;      66.860987000;
398;  8.8700;    -164.977883575;      15.046734000;     -51.817187000;      66.863921000;
399;  8.8900;    -164.977894834;      15.051125000;     -51.815723000;      66.866848000;
400;  8.9100;    -164.977906057;      15.055510000;     -51.814265000;      66.869775000;
401;  8.9300;    -164.977917246;      15.059886000;     -51.812810000;      66.872696000;
402;  8.9501;    -164.977928400;      15.064247000;     -51.811370000;      66.875617000;
403;  8.9701;    -164.977939518;      15.068607000;     -51.809925000;      66.878532000;
404;  8.9901;    -164.977950603;      15.072958000;     -51.808491000;      66.881449000;
405;  9.0101;    -164.977961652;      15.077289000;     -51.807064000;      66.884353000;
406;  9.0302;    -164.977972667;      15.081617000;     -51.805639000;      66.887256000;
407;  9.0502;    -164.977983643;      15.085986000;     -51.804202000;      66.890188000;
408;  9.0702;    -164.977994595;      15.090232000;     -51.802816000;      66.893048000;
409;  9.0902;    -164.978010840;      15.096135000;     -51.800982000;      66.897117000;
410;  9.1103;    -164.978021768;      15.100399000;     -51.799592000;      66.899991000;
411;  9.1303;    -164.978032625;      15.104660000;     -51.798202000;      66.902862000;
412;  9.1503;    -164.978043449;      15.108938000;     -51.796812000;      66.905750000;
413;  9.1703;    -164.978054282;      15.113140000;     -51.795437000;      66.908577000;
414;  9.1904;    -164.978065020;      15.117405000;     -51.794054000;      66.911459000;
415;  9.2104;    -164.978075762;      15.121634000;     -51.792691000;      66.914325000;
416;  9.2304;    -164.978086505;      15.125791000;     -51.791337000;      66.917128000;
417;  9.2504;    -164.978097170;      15.130031000;     -51.789961000;      66.919992000;
418;  9.2705;    -164.978107801;      15.134226000;     -51.788620000;      66.922846000;
419;  9.2905;    -164.978118403;      15.138425000;     -51.787260000;      66.925685000;
420;  9.3105;    -164.978128992;      15.142560000;     -51.785931000;      66.928491000;
421;  9.3305;    -164.978139558;      15.146716000;     -51.784595000;      66.931311000;
422;  9.3506;    -164.978150074;      15.150845000;     -51.783273000;      66.934118000;
423;  9.3706;    -164.978160552;      15.154980000;     -51.781951000;      66.936931000;
424;  9.3906;    -164.978170995;      15.159126000;     -51.780619000;      66.939745000;
425;  9.4106;    -164.978181375;      15.163228000;     -51.779310000;      66.942538000;
426;  9.4307;    -164.978191775;      15.167334000;     -51.778001000;      66.945335000;
427;  9.4507;    -164.978202093;      15.171431000;     -51.776697000;      66.948128000;
428;  9.4707;    -164.978212443;      15.175495000;     -51.775398000;      66.950893000;
429;  9.4907;    -164.978222703;      15.179522000;     -51.774118000;      66.953640000;
430;  9.5108;    -164.978232951;      15.183583000;     -51.772821000;      66.956404000;
431;  9.5308;    -164.978243172;      15.187622000;     -51.771546000;      66.959168000;
432;  9.5508;    -164.978253389;      15.191631000;     -51.770275000;      66.961906000;
433;  9.5708;    -164.978263484;      15.195659000;     -51.768999000;      66.964658000;
434;  9.5909;    -164.978273594;      15.199646000;     -51.767736000;      66.967382000;
435;  9.6109;    -164.978283716;      15.203615000;     -51.766485000;      66.970100000;
436;  9.6309;    -164.978293753;      15.207588000;     -51.765232000;      66.972820000;
437;  9.6509;    -164.978303777;      15.211554000;     -51.763982000;      66.975536000;
438;  9.6710;    -164.978313768;      15.215511000;     -51.762746000;      66.978257000;
439;  9.6910;    -164.978323772;      15.219435000;     -51.761505000;      66.980940000;
440;  9.7110;    -164.978333657;      15.223362000;     -51.760271000;      66.983633000;
441;  9.7310;    -164.978343562;      15.227265000;     -51.759046000;      66.986311000;
442;  9.7511;    -164.978353413;      15.231146000;     -51.757824000;      66.988970000;
443;  9.7711;    -164.978363464;      15.235028000;     -51.756598000;      66.991626000;
444;  9.7911;    -164.978373072;      15.238880000;     -51.755398000;      66.994278000;
445;  9.8111;    -164.978382867;      15.242745000;     -51.754195000;      66.996940000;
446;  9.8312;    -164.978392457;      15.246513000;     -51.753030000;      66.999543000;
447;  9.8512;    -164.978402309;      15.250430000;     -51.751803000;      67.002233000;
448;  9.8712;    -164.978411991;      15.254236000;     -51.750613000;      67.004849000;
449;  9.8912;    -164.978421636;      15.258039000;     -51.749423000;      67.007462000;
450;  9.9113;    -164.978431271;      15.261856000;     -51.748236000;      67.010092000;
451;  9.9313;    -164.978440886;      15.265618000;     -51.747058000;      67.012676000;
452;  9.9513;    -164.978450350;      15.269329000;     -51.745913000;      67.015242000;
453;  9.9713;    -164.978459988;      15.273185000;     -51.744713000;      67.017898000;
454;  9.9914;    -164.978469465;      15.276886000;     -51.743551000;      67.020437000;
455; 10.0114;    -164.978478968;      15.280647000;     -51.742391000;      67.023038000;
456; 10.0314;    -164.978488403;      15.284389000;     -51.741236000;      67.025625000;
457; 10.0514;    -164.978497839;      15.288093000;     -51.740080000;      67.028173000;
458; 10.0715;    -164.978507215;      15.291805000;     -51.738927000;      67.030732000;
459; 10.0915;    -164.978516459;      15.295422000;     -51.737819000;      67.033241000;
460; 10.1115;    -164.978525925;      15.299187000;     -51.736654000;      67.035841000;
461; 10.1315;    -164.978535206;      15.302834000;     -51.735511000;      67.038345000;
462; 10.1516;    -164.978544500;      15.306484000;     -51.734383000;      67.040867000;
463; 10.1716;    -164.978553776;      15.310116000;     -51.733256000;      67.043372000;
464; 10.1916;    -164.978563019;      15.313758000;     -51.732137000;      67.045895000;
465; 10.2116;    -164.978572201;      15.317410000;     -51.731015000;      67.048425000;
466; 10.2317;    -164.978581324;      15.321025000;     -51.729908000;      67.050933000;
467; 10.2517;    -164.978590447;      15.324585000;     -51.728796000;      67.053381000;
468; 10.2717;    -164.978599395;      15.328117000;     -51.727719000;      67.055836000;
469; 10.2917;    -164.978608660;      15.331778000;     -51.726582000;      67.058360000;
470; 10.3118;    -164.978617791;      15.335298000;     -51.725489000;      67.060787000;
471; 10.3318;    -164.978626598;      15.338808000;     -51.724432000;      67.063240000;
472; 10.3518;    -164.978635707;      15.342421000;     -51.723312000;      67.065733000;
473; 10.3718;    -164.978644620;      15.345779000;     -51.722221000;      67.068000000;
474; 10.3919;    -164.978653632;      15.349461000;     -51.721151000;      67.070612000;
475; 10.4119;    -164.978662486;      15.352801000;     -51.720060000;      67.072861000;
476; 10.4319;    -164.978671540;      15.356459000;     -51.718992000;      67.075451000;
477; 10.4519;    -164.978680344;      15.359763000;     -51.717922000;      67.077685000;
478; 10.4720;    -164.978689148;      15.363216000;     -51.716864000;      67.080080000;
479; 10.4920;    -164.978698050;      15.366901000;     -51.715791000;      67.082692000;
480; 10.5120;    -164.978706779;      15.370164000;     -51.714728000;      67.084892000;
481; 10.5320;    -164.978715650;      15.373779000;     -51.713684000;      67.087463000;
482; 10.5521;    -164.978724317;      15.377059000;     -51.712604000;      67.089663000;
483; 10.5721;    -164.978732993;      15.380459000;     -51.711562000;      67.092021000;
484; 10.5921;    -164.978741836;      15.384027000;     -51.710538000;      67.094565000;
485; 10.6121;    -164.978750451;      15.387263000;     -51.709483000;      67.096746000;
486; 10.6322;    -164.978759146;      15.390789000;     -51.708462000;      67.099251000;
487; 10.6522;    -164.978767690;      15.394027000;     -51.707404000;      67.101431000;
488; 10.6722;    -164.978776242;      15.397366000;     -51.706384000;      67.103750000;
489; 10.6922;    -164.978784942;      15.400904000;     -51.705373000;      67.106277000;
490; 10.7123;    -164.978793413;      15.404029000;     -51.704349000;      67.108378000;
491; 10.7323;    -164.978801898;      15.407364000;     -51.703326000;      67.110690000;
492; 10.7523;    -164.978810563;      15.410853000;     -51.702319000;      67.113172000;
493; 10.7723;    -164.978818960;      15.413996000;     -51.701299000;      67.115295000;
494; 10.7924;    -164.978827573;      15.417444000;     -51.700299000;      67.117743000;
495; 10.8124;    -164.978835954;      15.420744000;     -51.699289000;      67.120033000;
496; 10.8324;    -164.978844447;      15.424021000;     -51.698291000;      67.122312000;
497; 10.8524;    -164.978852870;      15.427254000;     -51.697287000;      67.124541000;
498; 10.8725;    -164.978861226;      15.430534000;     -51.696302000;      67.126836000;
499; 10.8925;    -164.978869563;      15.433759000;     -51.695303000;      67.129062000;
500; 10.9125;    -164.978877665;      15.436941000;     -51.694347000;      67.131288000;
501; 10.9325;    -164.978886126;      15.440246000;     -51.693336000;      67.133582000;
502; 10.9526;    -164.978894479;      15.443444000;     -51.692351000;      67.135795000;
503; 10.9726;    -164.978902733;      15.446670000;     -51.691371000;      67.138041000;
504; 10.9926;    -164.978910929;      15.449834000;     -51.690399000;      67.140233000;
505; 11.0126;    -164.978919141;      15.453016000;     -51.689431000;      67.142447000;
506; 11.0327;    -164.978927277;      15.456153000;     -51.688460000;      67.144613000;
507; 11.0527;    -164.978935474;      15.459359000;     -51.687499000;      67.146858000;
508; 11.0727;    -164.978943552;      15.462498000;     -51.686532000;      67.149030000;
509; 11.0927;    -164.978951674;      15.465638000;     -51.685578000;      67.151216000;
510; 11.1128;    -164.978959743;      15.468732000;     -51.684623000;      67.153355000;
511; 11.1328;    -164.978967864;      15.471877000;     -51.683672000;      67.155549000;
512; 11.1528;    -164.978975855;      15.474999000;     -51.682724000;      67.157723000;
513; 11.1728;    -164.978983898;      15.478101000;     -51.681773000;      67.159874000;
514; 11.1929;    -164.978991832;      15.481178000;     -51.680840000;      67.162018000;
515; 11.2129;    -164.978999833;      15.484247000;     -51.679899000;      67.164146000;
516; 11.2329;    -164.979007752;      15.487298000;     -51.678959000;      67.166257000;
517; 11.2529;    -164.979015699;      15.490382000;     -51.678030000;      67.168412000;
518; 11.2730;    -164.979023567;      15.493426000;     -51.677085000;      67.170511000;
519; 11.2930;    -164.979031496;      15.496433000;     -51.676166000;      67.172599000;
520; 11.3130;    -164.979039323;      15.499528000;     -51.675241000;      67.174769000;
521; 11.3330;    -164.979047168;      15.502520000;     -51.674328000;      67.176848000;
522; 11.3531;    -164.979054972;      15.505523000;     -51.673410000;      67.178933000;
523; 11.3731;    -164.979062717;      15.508515000;     -51.672494000;      67.181009000;
524; 11.3931;    -164.979070538;      15.511488000;     -51.671578000;      67.183066000;
525; 11.4131;    -164.979078228;      15.514494000;     -51.670673000;      67.185167000;
526; 11.4332;    -164.979085975;      15.517480000;     -51.669768000;      67.187248000;
527; 11.4532;    -164.979093664;      15.520436000;     -51.668863000;      67.189299000;
528; 11.4732;    -164.979101380;      15.523350000;     -51.667962000;      67.191312000;
529; 11.4932;    -164.979108999;      15.526385000;     -51.667059000;      67.193444000;
530; 11.5133;    -164.979116648;      15.529305000;     -51.666164000;      67.195469000;
531; 11.5333;    -164.979124234;      15.532159000;     -51.665276000;      67.197435000;
532; 11.5533;    -164.979131608;      15.535044000;     -51.664423000;      67.199467000;
533; 11.5733;    -164.979139381;      15.538072000;     -51.663480000;      67.201552000;
534; 11.5934;    -164.979147015;      15.540890000;     -51.662616000;      67.203506000;
535; 11.6134;    -164.979154499;      15.543817000;     -51.661740000;      67.205557000;
536; 11.6334;    -164.979162062;      15.546719000;     -51.660862000;      67.207581000;
537; 11.6534;    -164.979169473;      15.549575000;     -51.659994000;      67.209569000;
538; 11.6735;    -164.979177028;      15.552409000;     -51.659113000;      67.211522000;
539; 11.6935;    -164.979184432;      15.555296000;     -51.658246000;      67.213542000;
540; 11.7135;    -164.979191975;      15.558076000;     -51.657376000;      67.215452000;
541; 11.7335;    -164.979199260;      15.560978000;     -51.656516000;      67.217494000;
542; 11.7536;    -164.979206689;      15.563798000;     -51.655653000;      67.219451000;
543; 11.7736;    -164.979214009;      15.566585000;     -51.654796000;      67.221381000;
544; 11.7936;    -164.979221364;      15.569425000;     -51.653941000;      67.223366000;
545; 11.8136;    -164.979228763;      15.572164000;     -51.653085000;      67.225249000;
546; 11.8337;    -164.979236052;      15.575004000;     -51.652233000;      67.227237000;
547; 11.8537;    -164.979243260;      15.577802000;     -51.651400000;      67.229202000;
548; 11.8737;    -164.979250602;      15.580586000;     -51.650543000;      67.231129000;
549; 11.8937;    -164.979257800;      15.583355000;     -51.649705000;      67.233060000;
550; 11.9138;    -164.979265066;      15.586072000;     -51.648862000;      67.234934000;
551; 11.9338;    -164.979272249;      15.588866000;     -51.648027000;      67.236893000;
552; 11.9538;    -164.979279479;      15.591596000;     -51.647192000;      67.238788000;
553; 11.9738;    -164.979286595;      15.594346000;     -51.646358000;      67.240704000;
554; 11.9939;    -164.979293819;      15.597006000;     -51.645527000;      67.242533000;
555; 12.0139;    -164.979300861;      15.599791000;     -51.644707000;      67.244498000;
556; 12.0339;    -164.979307967;      15.602471000;     -51.643886000;      67.246357000;
557; 12.0539;    -164.979315085;      15.605132000;     -51.643053000;      67.248185000;
558; 12.0740;    -164.979322178;      15.607885000;     -51.642237000;      67.250122000;
559; 12.0940;    -164.979329189;      15.610574000;     -51.641426000;      67.252000000;
560; 12.1140;    -164.979336263;      15.613197000;     -51.640606000;      67.253803000;
561; 12.1340;    -164.979343266;      15.615916000;     -51.639792000;      67.255708000;
562; 12.1541;    -164.979350279;      15.618578000;     -51.638986000;      67.257564000;
563; 12.1741;    -164.979357245;      15.621178000;     -51.638174000;      67.259352000;
564; 12.1941;    -164.979364234;      15.623870000;     -51.637374000;      67.261244000;
565; 12.2141;    -164.979371152;      15.626441000;     -51.636566000;      67.263007000;
566; 12.2342;    -164.979378098;      15.629131000;     -51.635772000;      67.264903000;
567; 12.2542;    -164.979384970;      15.631699000;     -51.634971000;      67.266670000;
568; 12.2742;    -164.979391887;      15.634365000;     -51.634178000;      67.268543000;
569; 12.2942;    -164.979398741;      15.636919000;     -51.633382000;      67.270301000;
570; 12.3143;    -164.979405586;      15.639632000;     -51.632589000;      67.272221000;
571; 12.3343;    -164.979412433;      15.642115000;     -51.631801000;      67.273916000;
572; 12.3543;    -164.979419248;      15.644739000;     -51.631021000;      67.275760000;
573; 12.3743;    -164.979426004;      15.647284000;     -51.630230000;      67.277514000;
574; 12.3944;    -164.979432830;      15.649819000;     -51.629456000;      67.279275000;
575; 12.4144;    -164.979439629;      15.652388000;     -51.628675000;      67.281063000;
576; 12.4344;    -164.979446309;      15.655000000;     -51.627902000;      67.282902000;
577; 12.4544;    -164.979453094;      15.657525000;     -51.627128000;      67.284653000;
578; 12.4745;    -164.979459742;      15.660060000;     -51.626357000;      67.286417000;
579; 12.4945;    -164.979466474;      15.662546000;     -51.625585000;      67.288131000;
580; 12.5145;    -164.979473104;      15.665087000;     -51.624823000;      67.289910000;
581; 12.5345;    -164.979479770;      15.667641000;     -51.624054000;      67.291695000;
582; 12.5546;    -164.979486357;      15.670137000;     -51.623301000;      67.293438000;
583; 12.5746;    -164.979493005;      15.672651000;     -51.622530000;      67.295181000;
584; 12.5946;    -164.979499611;      15.675083000;     -51.621772000;      67.296855000;
585; 12.6146;    -164.979506228;      15.677615000;     -51.621018000;      67.298633000;
586; 12.6347;    -164.979512754;      15.680091000;     -51.620264000;      67.300355000;
587; 12.6547;    -164.979519353;      15.682558000;     -51.619512000;      67.302070000;
588; 12.6747;    -164.979525841;      15.685024000;     -51.618759000;      67.303783000;
589; 12.6947;    -164.979532390;      15.687486000;     -51.618012000;      67.305498000;
590; 12.7148;    -164.979538925;      15.689908000;     -51.617276000;      67.307184000;
591; 12.7348;    -164.979545419;      15.692289000;     -51.616517000;      67.308806000;
592; 12.7548;    -164.979551867;      15.694819000;     -51.615784000;      67.310603000;
593; 12.7748;    -164.979558341;      15.697168000;     -51.615039000;      67.312207000;
594; 12.7949;    -164.979564744;      15.699668000;     -51.614307000;      67.313975000;
595; 12.8149;    -164.979571114;      15.702085000;     -51.613572000;      67.315657000;
596; 12.8349;    -164.979577492;      15.704437000;     -51.612841000;      67.317278000;
597; 12.8549;    -164.979583873;      15.706880000;     -51.612114000;      67.318994000;
598; 12.8750;    -164.979590318;      15.709219000;     -51.611380000;      67.320599000;
599; 12.8950;    -164.979596620;      15.711661000;     -51.610655000;      67.322316000;
600; 12.9150;    -164.979602980;      15.714042000;     -51.609932000;      67.323974000;
601; 12.9350;    -164.979609337;      15.716404000;     -51.609212000;      67.325616000;
602; 12.9551;    -164.979615588;      15.718768000;     -51.608484000;      67.327252000;
603; 12.9751;    -164.979621924;      15.721141000;     -51.607769000;      67.328910000;
604; 12.9951;    -164.979628136;      15.723504000;     -51.607056000;      67.330560000;
605; 13.0151;    -164.979634445;      15.725788000;     -51.606336000;      67.332124000;
606; 13.0352;    -164.979640626;      15.728149000;     -51.605627000;      67.333776000;
607; 13.0552;    -164.979646940;      15.730454000;     -51.604912000;      67.335366000;
608; 13.0752;    -164.979653045;      15.732856000;     -51.604208000;      67.337064000;
609; 13.0952;    -164.979659277;      15.735168000;     -51.603502000;      67.338670000;
610; 13.1153;    -164.979665456;      15.737480000;     -51.602808000;      67.340288000;
611; 13.1353;    -164.979671595;      15.739794000;     -51.602097000;      67.341891000;
612; 13.1553;    -164.979677790;      15.742087000;     -51.601393000;      67.343480000;
613; 13.1753;    -164.979683856;      15.744332000;     -51.600697000;      67.345029000;
614; 13.1954;    -164.979690003;      15.746603000;     -51.600007000;      67.346610000;
615; 13.2154;    -164.979696080;      15.748943000;     -51.599308000;      67.348251000;
616; 13.2354;    -164.979702199;      15.751226000;     -51.598612000;      67.349838000;
617; 13.2554;    -164.979708219;      15.753493000;     -51.597925000;      67.351418000;
618; 13.2755;    -164.979714298;      15.755765000;     -51.597231000;      67.352996000;
619; 13.2955;    -164.979720337;      15.758041000;     -51.596549000;      67.354590000;
620; 13.3155;    -164.979726347;      15.760261000;     -51.595862000;      67.356123000;
621; 13.3355;    -164.979732384;      15.762513000;     -51.595181000;      67.357694000;
622; 13.3556;    -164.979738331;      15.764764000;     -51.594499000;      67.359263000;
623; 13.3756;    -164.979744347;      15.766946000;     -51.593816000;      67.360762000;
624; 13.3956;    -164.979750366;      15.769106000;     -51.593134000;      67.362240000;
625; 13.4156;    -164.979756247;      15.771413000;     -51.592463000;      67.363876000;
626; 13.4357;    -164.979762176;      15.773665000;     -51.591785000;      67.365450000;
627; 13.4557;    -164.979768073;      15.775861000;     -51.591118000;      67.366979000;
628; 13.4757;    -164.979774010;      15.778025000;     -51.590456000;      67.368481000;
629; 13.4957;    -164.979779864;      15.780208000;     -51.589777000;      67.369985000;
630; 13.5158;    -164.979785767;      15.782443000;     -51.589115000;      67.371558000;
631; 13.5358;    -164.979791672;      15.784600000;     -51.588447000;      67.373047000;
632; 13.5558;    -164.979797452;      15.786817000;     -51.587785000;      67.374602000;
633; 13.5758;    -164.979803308;      15.788916000;     -51.587125000;      67.376041000;
634; 13.5959;    -164.979809104;      15.791140000;     -51.586465000;      67.377605000;
635; 13.6159;    -164.979814927;      15.793307000;     -51.585807000;      67.379114000;
636; 13.6359;    -164.979820656;      15.795480000;     -51.585150000;      67.380630000;
637; 13.6559;    -164.979826516;      15.797533000;     -51.584500000;      67.382033000;
638; 13.6760;    -164.979832265;      15.799749000;     -51.583851000;      67.383600000;
639; 13.6960;    -164.979837974;      15.801891000;     -51.583196000;      67.385087000;
640; 13.7160;    -164.979843730;      15.804025000;     -51.582547000;      67.386572000;
641; 13.7360;    -164.979849399;      15.806121000;     -51.581896000;      67.388017000;
642; 13.7561;    -164.979855137;      15.808269000;     -51.581258000;      67.389527000;
643; 13.7761;    -164.979860842;      15.810375000;     -51.580614000;      67.390989000;
644; 13.7961;    -164.979866487;      15.812502000;     -51.579968000;      67.392470000;
645; 13.8161;    -164.979872180;      15.814593000;     -51.579331000;      67.393924000;
646; 13.8362;    -164.979877793;      15.816687000;     -51.578694000;      67.395381000;
647; 13.8562;    -164.979883449;      15.818787000;     -51.578055000;      67.396842000;
648; 13.8762;    -164.979889161;      15.820794000;     -51.577417000;      67.398211000;
649; 13.8962;    -164.979894658;      15.822960000;     -51.576789000;      67.399749000;
650; 13.9163;    -164.979900287;      15.825034000;     -51.576156000;      67.401190000;
651; 13.9363;    -164.979905801;      15.827114000;     -51.575528000;      67.402642000;
652; 13.9563;    -164.979911419;      15.829166000;     -51.574895000;      67.404061000;
653; 13.9763;    -164.979916897;      15.831176000;     -51.574263000;      67.405439000;
654; 13.9964;    -164.979922507;      15.833271000;     -51.573645000;      67.406916000;
655; 14.0164;    -164.979928099;      15.835244000;     -51.573016000;      67.408260000;
656; 14.0364;    -164.979933528;      15.837368000;     -51.572399000;      67.409767000;
657; 14.0564;    -164.979939051;      15.839409000;     -51.571783000;      67.411192000;
658; 14.0765;    -164.979944516;      15.841387000;     -51.571155000;      67.412542000;
659; 14.0965;    -164.979950008;      15.843462000;     -51.570540000;      67.414002000;
660; 14.1165;    -164.979955487;      15.845474000;     -51.569930000;      67.415404000;
661; 14.1365;    -164.979960890;      15.847505000;     -51.569317000;      67.416822000;
662; 14.1566;    -164.979966350;      15.849516000;     -51.568703000;      67.418219000;
663; 14.1766;    -164.979971719;      15.851531000;     -51.568093000;      67.419624000;
664; 14.1966;    -164.979977155;      15.853524000;     -51.567486000;      67.421010000;
665; 14.2166;    -164.979982587;      15.855521000;     -51.566879000;      67.422400000;
666; 14.2367;    -164.979987931;      15.857484000;     -51.566270000;      67.423754000;
667; 14.2567;    -164.979993324;      15.859497000;     -51.565669000;      67.425166000;
668; 14.2767;    -164.979998708;      15.861472000;     -51.565066000;      67.426538000;
669; 14.2967;    -164.980003978;      15.863500000;     -51.564452000;      67.427952000;
670; 14.3168;    -164.980009389;      15.865348000;     -51.563864000;      67.429212000;
671; 14.3368;    -164.980014636;      15.867390000;     -51.563271000;      67.430661000;
672; 14.3568;    -164.980019988;      15.869264000;     -51.562673000;      67.431937000;
673; 14.3768;    -164.980025280;      15.871307000;     -51.562079000;      67.433386000;
674; 14.3969;    -164.980030543;      15.873211000;     -51.561478000;      67.434689000;
675; 14.4169;    -164.980035838;      15.875202000;     -51.560893000;      67.436095000;
676; 14.4369;    -164.980041040;      15.877093000;     -51.560298000;      67.437391000;
677; 14.4569;    -164.980046313;      15.879042000;     -51.559711000;      67.438753000;
678; 14.4770;    -164.980051575;      15.880995000;     -51.559129000;      67.440124000;
679; 14.4970;    -164.980056733;      15.882924000;     -51.558543000;      67.441467000;
680; 14.5170;    -164.980061995;      15.884834000;     -51.557955000;      67.442789000;
681; 14.5370;    -164.980067235;      15.886690000;     -51.557370000;      67.444060000;
682; 14.5571;    -164.980072308;      15.888659000;     -51.556780000;      67.445439000;
683; 14.5771;    -164.980077551;      15.890500000;     -51.556211000;      67.446711000;
684; 14.5971;    -164.980082651;      15.892477000;     -51.555639000;      67.448116000;
685; 14.6171;    -164.980087812;      15.894326000;     -51.555058000;      67.449384000;
686; 14.6372;    -164.980092979;      15.896242000;     -51.554486000;      67.450728000;
687; 14.6572;    -164.980098126;      15.898053000;     -51.553908000;      67.451961000;
688; 14.6772;    -164.980103215;      15.899965000;     -51.553334000;      67.453299000;
689; 14.6972;    -164.980108264;      15.901890000;     -51.552767000;      67.454657000;
690; 14.7173;    -164.980113392;      15.903737000;     -51.552196000;      67.455933000;
691; 14.7373;    -164.980118473;      15.905601000;     -51.551621000;      67.457222000;
692; 14.7573;    -164.980123497;      15.907500000;     -51.551066000;      67.458566000;
693; 14.7773;    -164.980128556;      15.909346000;     -51.550503000;      67.459849000;
694; 14.7974;    -164.980133648;      15.911157000;     -51.549933000;      67.461090000;
695; 14.8174;    -164.980138620;      15.913064000;     -51.549375000;      67.462439000;
696; 14.8374;    -164.980143670;      15.914902000;     -51.548812000;      67.463714000;
697; 14.8574;    -164.980148632;      15.916723000;     -51.548251000;      67.464974000;
698; 14.8775;    -164.980153649;      15.918571000;     -51.547699000;      67.466270000;
699; 14.8975;    -164.980158649;      15.920339000;     -51.547130000;      67.467469000;
700; 14.9175;    -164.980163587;      15.922224000;     -51.546584000;      67.468808000;
701; 14.9375;    -164.980168582;      15.924032000;     -51.546030000;      67.470062000;
702; 14.9576;    -164.980173556;      15.925847000;     -51.545475000;      67.471322000;
703; 14.9776;    -164.980178431;      15.927675000;     -51.544927000;      67.472602000;
704; 14.9976;    -164.980183397;      15.929429000;     -51.544372000;      67.473801000;
705; 15.0176;    -164.980188342;      15.931275000;     -51.543828000;      67.475103000;
706; 15.0377;    -164.980193195;      15.933029000;     -51.543274000;      67.476303000;
707; 15.0577;    -164.980198106;      15.934875000;     -51.542736000;      67.477611000;
708; 15.0777;    -164.980202934;      15.936677000;     -51.542192000;      67.478869000;
709; 15.0977;    -164.980207837;      15.938449000;     -51.541649000;      67.480098000;
710; 15.1178;    -164.980212722;      15.940226000;     -51.541106000;      67.481332000;
711; 15.1378;    -164.980217520;      15.941991000;     -51.540564000;      67.482555000;
712; 15.1578;    -164.980222397;      15.943747000;     -51.540024000;      67.483771000;
713; 15.1778;    -164.980227245;      15.945531000;     -51.539488000;      67.485019000;
714; 15.1979;    -164.980232012;      15.947256000;     -51.538951000;      67.486207000;
715; 15.2179;    -164.980236850;      15.949007000;     -51.538411000;      67.487418000;
716; 15.2379;    -164.980241669;      15.950779000;     -51.537882000;      67.488661000;
717; 15.2579;    -164.980246384;      15.952519000;     -51.537352000;      67.489871000;
718; 15.2780;    -164.980251176;      15.954221000;     -51.536820000;      67.491041000;
719; 15.2980;    -164.980255952;      15.956066000;     -51.536289000;      67.492355000;
720; 15.3180;    -164.980260687;      15.957742000;     -51.535757000;      67.493499000;
721; 15.3380;    -164.980265443;      15.959532000;     -51.535235000;      67.494767000;
722; 15.3581;    -164.980270264;      15.961144000;     -51.534709000;      67.495853000;
723; 15.3781;    -164.980274778;      15.962980000;     -51.534162000;      67.497142000;
724; 15.3981;    -164.980279607;      15.964692000;     -51.533660000;      67.498352000;
725; 15.4181;    -164.980284265;      15.966357000;     -51.533134000;      67.499491000;
726; 15.4382;    -164.980288979;      15.968088000;     -51.532617000;      67.500705000;
727; 15.4582;    -164.980293703;      15.969754000;     -51.532097000;      67.501851000;
728; 15.4782;    -164.980298293;      15.971479000;     -51.531579000;      67.503058000;
729; 15.4982;    -164.980303028;      15.973153000;     -51.531057000;      67.504210000;
730; 15.5183;    -164.980307635;      15.974927000;     -51.530552000;      67.505479000;
731; 15.5383;    -164.980312202;      15.976642000;     -51.530033000;      67.506675000;
732; 15.5583;    -164.980316888;      15.978274000;     -51.529517000;      67.507791000;
733; 15.5783;    -164.980321529;      15.979960000;     -51.529003000;      67.508963000;
734; 15.5984;    -164.980326104;      15.981603000;     -51.528495000;      67.510098000;
735; 15.6184;    -164.980330679;      15.983299000;     -51.527988000;      67.511287000;
736; 15.6384;    -164.980335305;      15.984972000;     -51.527479000;      67.512451000;
737; 15.6584;    -164.980339836;      15.986683000;     -51.526972000;      67.513655000;
738; 15.6785;    -164.980344398;      15.988301000;     -51.526467000;      67.514768000;
739; 15.6985;    -164.980348997;      15.989964000;     -51.525956000;      67.515920000;
740; 15.7185;    -164.980353497;      15.991607000;     -51.525453000;      67.517060000;
741; 15.7385;    -164.980358046;      15.993271000;     -51.524950000;      67.518221000;
742; 15.7586;    -164.980362595;      15.994965000;     -51.524456000;      67.519421000;
743; 15.7786;    -164.980367069;      15.996602000;     -51.523955000;      67.520557000;
744; 15.7986;    -164.980371599;      15.998188000;     -51.523453000;      67.521641000;
745; 15.8186;    -164.980376099;      15.999892000;     -51.522954000;      67.522846000;
746; 15.8387;    -164.980380540;      16.001529000;     -51.522461000;      67.523990000;
747; 15.8587;    -164.980385052;      16.003134000;     -51.521968000;      67.525102000;
748; 15.8787;    -164.980389543;      16.004699000;     -51.521468000;      67.526167000;
749; 15.8987;    -164.980393913;      16.006408000;     -51.520980000;      67.527388000;
750; 15.9188;    -164.980398411;      16.007968000;     -51.520480000;      67.528448000;
751; 15.9388;    -164.980402770;      16.009633000;     -51.519999000;      67.529632000;
752; 15.9588;    -164.980407249;      16.011189000;     -51.519501000;      67.530690000;
753; 15.9788;    -164.980411665;      16.012843000;     -51.519021000;      67.531864000;
754; 15.9989;    -164.980416119;      16.014386000;     -51.518529000;      67.532915000;
755; 16.0189;    -164.980420472;      16.016023000;     -51.518047000;      67.534070000;
756; 16.0389;    -164.980424875;      16.017641000;     -51.517561000;      67.535202000;
757; 16.0589;    -164.980429291;      16.019206000;     -51.517076000;      67.536282000;
758; 16.0790;    -164.980433574;      16.020822000;     -51.516593000;      67.537415000;
759; 16.0990;    -164.980437986;      16.022341000;     -51.516107000;      67.538448000;
760; 16.1190;    -164.980442347;      16.023967000;     -51.515632000;      67.539599000;
761; 16.1390;    -164.980446649;      16.025536000;     -51.515155000;      67.540691000;
762; 16.1591;    -164.980451010;      16.027089000;     -51.514672000;      67.541761000;
763; 16.1791;    -164.980455360;      16.028674000;     -51.514196000;      67.542870000;
764; 16.1991;    -164.980459604;      16.030249000;     -51.513721000;      67.543970000;
765; 16.2191;    -164.980463939;      16.031755000;     -51.513243000;      67.544998000;
766; 16.2392;    -164.980468265;      16.033356000;     -51.512772000;      67.546128000;
767; 16.2592;    -164.980472491;      16.034901000;     -51.512301000;      67.547202000;
768; 16.2792;    -164.980476858;      16.036352000;     -51.511826000;      67.548178000;
769; 16.2992;    -164.980481076;      16.038055000;     -51.511357000;      67.549412000;
770; 16.3193;    -164.980485268;      16.039562000;     -51.510892000;      67.550454000;
771; 16.3393;    -164.980489569;      16.041043000;     -51.510417000;      67.551460000;
772; 16.3593;    -164.980493830;      16.042584000;     -51.509945000;      67.552529000;
773; 16.3793;    -164.980497998;      16.044180000;     -51.509486000;      67.553666000;
774; 16.3994;    -164.980502254;      16.045652000;     -51.509018000;      67.554670000;
775; 16.4194;    -164.980506523;      16.047151000;     -51.508553000;      67.555704000;
776; 16.4394;    -164.980510619;      16.048748000;     -51.508096000;      67.556844000;
777; 16.4594;    -164.980514866;      16.050210000;     -51.507626000;      67.557836000;
778; 16.4795;    -164.980519066;      16.051725000;     -51.507164000;      67.558889000;
779; 16.4995;    -164.980523172;      16.053296000;     -51.506711000;      67.560007000;
780; 16.5195;    -164.980527392;      16.054748000;     -51.506247000;      67.560995000;
781; 16.5395;    -164.980531578;      16.056247000;     -51.505787000;      67.562034000;
782; 16.5596;    -164.980535656;      16.057818000;     -51.505334000;      67.563152000;
783; 16.5796;    -164.980539814;      16.059305000;     -51.504887000;      67.564192000;
784; 16.5996;    -164.980543995;      16.060737000;     -51.504422000;      67.565159000;
785; 16.6196;    -164.980548060;      16.062317000;     -51.503972000;      67.566289000;
786; 16.6397;    -164.980552216;      16.063713000;     -51.503514000;      67.567227000;
787; 16.6597;    -164.980556311;      16.065264000;     -51.503069000;      67.568333000;
788; 16.6797;    -164.980560449;      16.066697000;     -51.502611000;      67.569308000;
789; 16.6997;    -164.980564464;      16.068204000;     -51.502176000;      67.570380000;
790; 16.7198;    -164.980568583;      16.069579000;     -51.501708000;      67.571287000;
791; 16.7398;    -164.980572723;      16.071092000;     -51.501267000;      67.572359000;
792; 16.7598;    -164.980576724;      16.072579000;     -51.500823000;      67.573402000;
793; 16.7798;    -164.980580783;      16.074116000;     -51.500374000;      67.574490000;
794; 16.7999;    -164.980584869;      16.075532000;     -51.499928000;      67.575460000;
795; 16.8199;    -164.980588838;      16.077047000;     -51.499489000;      67.576536000;
796; 16.8399;    -164.980592907;      16.078405000;     -51.499043000;      67.577448000;
797; 16.8599;    -164.980596935;      16.079874000;     -51.498601000;      67.578475000;
798; 16.8800;    -164.980600913;      16.081319000;     -51.498159000;      67.579478000;
799; 16.9000;    -164.980604910;      16.082821000;     -51.497730000;      67.580551000;
